<?xml version="1.0" encoding="UTF-8"?>
<testsuites name="Retailer_test_suite" time="663" tests="9" failures="1" errors="0">
   <testsuite name="Retailer_test_suite" tests="9" failures="1" errors="0" time="663" timestamp="2018-10-26 15:42:47" hostname="Snekalatha R - IIA-DES-021" id="Test Suites/Retailer_test_suite">
      <properties>
         <property name="deviceName" value=""/>
         <property name="devicePlatform" value=""/>
         <property name="logFolder" value="C:\\Users\\Snekalatha R\\git\\qa-automation-katolon-1\\Reports\\Retailer_test_suite\\20181026_154246"/>
         <property name="logFiles" value="C:\\Users\\Snekalatha R\\git\\qa-automation-katolon-1\\Reports\\Retailer_test_suite\\20181026_154246\\execution0.log"/>
         <property name="attachments" value="C:\\Users\\Snekalatha R\\git\\qa-automation-katolon-1\\Reports\\Retailer_test_suite\\20181026_154246\\1540548898012.png"/>
         <property name="hostName" value="Snekalatha R - IIA-DES-021"/>
         <property name="os" value="Windows 8.1 64bit"/>
         <property name="katalonVersion" value="5.8.3.2"/>
         <property name="browser" value="Chrome 70.0.3538.77"/>
         <property name="hostAddress" value="192.168.1.86"/>
         <property name="sessionId" value="9aa11d9d55d50844e2acac5b799e4c46"/>
         <property name="seleniumVersion" value="3.7.1"/>
         <property name="proxyInformation" value="ProxyInformation{proxyOption=NO_PROXY, proxyServerType=HTTP, password=, proxyServerAddress=, proxyServerPort=0}"/>
         <property name="platform" value="Windows 8.1"/>
      </properties>
      <testcase name="Test Cases/RetailerAdmin_Login_All_Functionality/Retailer_Employee_management/retailer_employeeView" classname="Test Cases/RetailerAdmin_Login_All_Functionality/Retailer_Employee_management/retailer_employeeView" status="PASSED">
         <system-out><![CDATA[2018-10-26 15:42:47 - [TEST_CASE][PASSED] - Test Cases/RetailerAdmin_Login_All_Functionality/Retailer_Employee_management/retailer_employeeView: Test Cases/RetailerAdmin_Login_All_Functionality/Retailer_Employee_management/retailer_employeeView

2018-10-26 15:42:48 - [TEST_STEP][PASSED] - callTestCase: Call Test Case 'Test Cases/Call Test Case/Login_retailer_testcase' successfully

2018-10-26 15:42:48 - [TEST_CASE][PASSED] - Test Cases/Call Test Case/Login_retailer_testcase: Test Cases/Call Test Case/Login_retailer_testcase

2018-10-26 15:42:48 - [TEST_STEP][PASSED] - openBrowser: Browser is opened with url: 'http://localhost:4200/'

2018-10-26 15:42:55 - [MESSAGE][PASSED] - Browser is opened with url: 'http://localhost:4200/'

2018-10-26 15:42:55 - [TEST_STEP][PASSED] - maximizeWindow: Current window maximized

2018-10-26 15:42:56 - [MESSAGE][PASSED] - Current window maximized

2018-10-26 15:42:56 - [TEST_STEP][PASSED] - setText: Text 'RACreation@10_9' is set on object 'Object Repository/Login_OR/Page_AppCohesion/input_User Name_ac_username'

2018-10-26 15:42:56 - [MESSAGE][PASSED] - Text 'RACreation@10_9' is set on object 'Object Repository/Login_OR/Page_AppCohesion/input_User Name_ac_username'

2018-10-26 15:42:56 - [TEST_STEP][PASSED] - setText: Text 'RACreation@10_9' is set on object 'Object Repository/Login_OR/Page_AppCohesion/input_Password_ac_password'

2018-10-26 15:42:56 - [MESSAGE][PASSED] - Text 'RACreation@10_9' is set on object 'Object Repository/Login_OR/Page_AppCohesion/input_Password_ac_password'

2018-10-26 15:42:56 - [TEST_STEP][PASSED] - click: Object: 'Object Repository/Login_OR/Page_AppCohesion/button_Login Now' is clicked on

2018-10-26 15:42:56 - [MESSAGE][PASSED] - Object: 'Object Repository/Login_OR/Page_AppCohesion/button_Login Now' is clicked on

2018-10-26 15:42:56 - [TEST_STEP][PASSED] - waitForPageLoad: Wait for page load successfully

2018-10-26 15:42:56 - [MESSAGE][PASSED] - Wait for page load successfully

2018-10-26 15:42:56 - [MESSAGE][PASSED] - Call Test Case 'Test Cases/Call Test Case/Login_retailer_testcase' successfully

2018-10-26 15:42:56 - [TEST_STEP][NOT_RUN] - click: NOT_RUN: click

2018-10-26 15:42:56 - [MESSAGE][NOT_RUN] - NOT_RUN: click

2018-10-26 15:42:56 - [TEST_STEP][PASSED] - click: Object: 'Object Repository/appco_employee_view_new/retailer_employeeview/Page_AppCohesion/a_Employees              Emplo' is clicked on

2018-10-26 15:42:59 - [MESSAGE][PASSED] - Object: 'Object Repository/appco_employee_view_new/retailer_employeeview/Page_AppCohesion/a_Employees              Emplo' is clicked on

2018-10-26 15:42:59 - [TEST_STEP][PASSED] - verifyElementVisible: Object 'Object Repository/retailer admin All Repo/employee_obj_repo/pop up emp object/Page_AppCohesion/collapsible-header_Retailer Ad' is visible

2018-10-26 15:42:59 - [MESSAGE][PASSED] - Object 'Object Repository/retailer admin All Repo/employee_obj_repo/pop up emp object/Page_AppCohesion/collapsible-header_Retailer Ad' is visible

2018-10-26 15:42:59 - [TEST_STEP][PASSED] - click: Object: 'Object Repository/retailer admin All Repo/employee_obj_repo/pop up emp object/Page_AppCohesion/collapsible-header_Retailer Ad' is clicked on

2018-10-26 15:42:59 - [MESSAGE][PASSED] - Object: 'Object Repository/retailer admin All Repo/employee_obj_repo/pop up emp object/Page_AppCohesion/collapsible-header_Retailer Ad' is clicked on

2018-10-26 15:42:59 - [TEST_STEP][PASSED] - click: Object: 'Object Repository/retailer admin All Repo/employee_obj_repo/employee_listed_first' is clicked on

2018-10-26 15:43:00 - [MESSAGE][PASSED] - Object: 'Object Repository/retailer admin All Repo/employee_obj_repo/employee_listed_first' is clicked on

2018-10-26 15:43:00 - [TEST_STEP][PASSED] - waitForElementVisible: Object 'Object Repository/appco_employee_view_new/retailer_employeeview/Page_AppCohesion/span_RetailerAdmin' is visible

2018-10-26 15:43:01 - [MESSAGE][PASSED] - Object 'Object Repository/appco_employee_view_new/retailer_employeeview/Page_AppCohesion/span_RetailerAdmin' is visible

2018-10-26 15:43:01 - [TEST_STEP][PASSED] - verifyElementText: Actual text and expected text of test object 'Object Repository/appco_employee_view_new/retailer_employeeview/Page_AppCohesion/span_RetailerAdmin' are matched.

2018-10-26 15:43:01 - [MESSAGE][PASSED] - Actual text and expected text of test object 'Object Repository/appco_employee_view_new/retailer_employeeview/Page_AppCohesion/span_RetailerAdmin' are matched.

2018-10-26 15:43:01 - [TEST_STEP][PASSED] - click: Object: 'Object Repository/appco_employee_view_new/retailer_employeeview/Page_AppCohesion/span_Loading POS Retailer admi' is clicked on

2018-10-26 15:43:01 - [MESSAGE][PASSED] - Object: 'Object Repository/appco_employee_view_new/retailer_employeeview/Page_AppCohesion/span_Loading POS Retailer admi' is clicked on

2018-10-26 15:43:01 - [TEST_STEP][PASSED] - click: Object: 'Object Repository/retailer admin All Repo/employee_obj_repo/pop up emp object/Page_AppCohesion/collapsible-header_Retailer Ad' is clicked on

2018-10-26 15:43:01 - [MESSAGE][PASSED] - Object: 'Object Repository/retailer admin All Repo/employee_obj_repo/pop up emp object/Page_AppCohesion/collapsible-header_Retailer Ad' is clicked on

2018-10-26 15:43:01 - [TEST_STEP][PASSED] - delay: Delayed 5 second(s)

2018-10-26 15:43:06 - [MESSAGE][PASSED] - Delayed 5 second(s)

2018-10-26 15:43:06 - [TEST_STEP][PASSED] - click: Object: 'Object Repository/retailer admin All Repo/employee_obj_repo/pop up emp object/Page_AppCohesion/collapsible-header_Store Admin' is clicked on

2018-10-26 15:43:06 - [MESSAGE][PASSED] - Object: 'Object Repository/retailer admin All Repo/employee_obj_repo/pop up emp object/Page_AppCohesion/collapsible-header_Store Admin' is clicked on

2018-10-26 15:43:06 - [TEST_STEP][PASSED] - click: Object: 'Object Repository/employee_obj_repo/store admin list first' is clicked on

2018-10-26 15:43:07 - [MESSAGE][PASSED] - Object: 'Object Repository/employee_obj_repo/store admin list first' is clicked on

2018-10-26 15:43:07 - [TEST_STEP][PASSED] - waitForElementVisible: Object 'Object Repository/appco_employee_view_new/retailer_employeeview/Page_AppCohesion/span_StoreAdmin' is visible

2018-10-26 15:43:08 - [MESSAGE][PASSED] - Object 'Object Repository/appco_employee_view_new/retailer_employeeview/Page_AppCohesion/span_StoreAdmin' is visible

2018-10-26 15:43:08 - [TEST_STEP][PASSED] - verifyElementText: Actual text and expected text of test object 'Object Repository/appco_employee_view_new/retailer_employeeview/Page_AppCohesion/span_StoreAdmin' are matched.

2018-10-26 15:43:08 - [MESSAGE][PASSED] - Actual text and expected text of test object 'Object Repository/appco_employee_view_new/retailer_employeeview/Page_AppCohesion/span_StoreAdmin' are matched.

2018-10-26 15:43:08 - [TEST_STEP][PASSED] - click: Object: 'Object Repository/appco_employee_view_new/retailer_employeeview/Page_AppCohesion/span_Loading POS Retailer admi' is clicked on

2018-10-26 15:43:08 - [MESSAGE][PASSED] - Object: 'Object Repository/appco_employee_view_new/retailer_employeeview/Page_AppCohesion/span_Loading POS Retailer admi' is clicked on

2018-10-26 15:43:08 - [TEST_STEP][PASSED] - click: Object: 'Object Repository/retailer admin All Repo/employee_obj_repo/pop up emp object/Page_AppCohesion/collapsible-header_Store Admin' is clicked on

2018-10-26 15:43:08 - [MESSAGE][PASSED] - Object: 'Object Repository/retailer admin All Repo/employee_obj_repo/pop up emp object/Page_AppCohesion/collapsible-header_Store Admin' is clicked on

2018-10-26 15:43:08 - [TEST_STEP][PASSED] - delay: Delayed 5 second(s)

2018-10-26 15:43:13 - [MESSAGE][PASSED] - Delayed 5 second(s)

2018-10-26 15:43:13 - [TEST_STEP][PASSED] - click: Object: 'Object Repository/retailer admin All Repo/employee_obj_repo/retailer_employeeview/Page_AppCohesion/collapsible-header_Store Users' is clicked on

2018-10-26 15:43:13 - [MESSAGE][PASSED] - Object: 'Object Repository/retailer admin All Repo/employee_obj_repo/retailer_employeeview/Page_AppCohesion/collapsible-header_Store Users' is clicked on

2018-10-26 15:43:13 - [TEST_STEP][PASSED] - click: Object: 'Object Repository/employee_obj_repo/storeuser_listed_first' is clicked on

2018-10-26 15:43:14 - [MESSAGE][PASSED] - Object: 'Object Repository/employee_obj_repo/storeuser_listed_first' is clicked on

2018-10-26 15:43:14 - [TEST_STEP][PASSED] - waitForElementVisible: Object 'Object Repository/appco_employee_view_new/retailer_employeeview/Page_AppCohesion/span_POSUser' is visible

2018-10-26 15:43:15 - [MESSAGE][PASSED] - Object 'Object Repository/appco_employee_view_new/retailer_employeeview/Page_AppCohesion/span_POSUser' is visible

2018-10-26 15:43:15 - [TEST_STEP][PASSED] - verifyElementText: Actual text and expected text of test object 'Object Repository/appco_employee_view_new/retailer_employeeview/Page_AppCohesion/span_POSUser' are matched.

2018-10-26 15:43:15 - [MESSAGE][PASSED] - Actual text and expected text of test object 'Object Repository/appco_employee_view_new/retailer_employeeview/Page_AppCohesion/span_POSUser' are matched.

2018-10-26 15:43:15 - [TEST_STEP][PASSED] - click: Object: 'Object Repository/appco_employee_view_new/retailer_employeeview/Page_AppCohesion/span_Loading POS Retailer admi' is clicked on

2018-10-26 15:43:15 - [MESSAGE][PASSED] - Object: 'Object Repository/appco_employee_view_new/retailer_employeeview/Page_AppCohesion/span_Loading POS Retailer admi' is clicked on

2018-10-26 15:43:15 - [TEST_STEP][PASSED] - click: Object: 'Object Repository/retailer admin All Repo/employee_obj_repo/pop up emp object/Page_AppCohesion/collapsible-header_Store Users' is clicked on

2018-10-26 15:43:15 - [MESSAGE][PASSED] - Object: 'Object Repository/retailer admin All Repo/employee_obj_repo/pop up emp object/Page_AppCohesion/collapsible-header_Store Users' is clicked on

2018-10-26 15:43:15 - [TEST_STEP][PASSED] - click: Object: 'Object Repository/appco_employee_view_new/retailer_employeeview/Page_AppCohesion/a_Dashboard              Dashb' is clicked on

2018-10-26 15:43:15 - [MESSAGE][PASSED] - Object: 'Object Repository/appco_employee_view_new/retailer_employeeview/Page_AppCohesion/a_Dashboard              Dashb' is clicked on]]></system-out>
         <system-err><![CDATA[]]></system-err>
      </testcase>
      <testcase name="Test Cases/RetailerAdmin_Login_All_Functionality/order_placement_order_details/retaileradmin_order_placement" classname="Test Cases/RetailerAdmin_Login_All_Functionality/order_placement_order_details/retaileradmin_order_placement" status="FAILED">
         <failure type="FAILED" message="(Stack trace: com.kms.katalon.core.exception.StepFailedException: Unable to check object 'Object Repository/retailer admin All Repo/retailer_order_placement/key_press_orderList/Page_AppCohesion/close_search_icon' (Root cause: org.openqa.selenium.WebDriverException: unknown error: Element &lt;i _ngcontent-c13=&quot;&quot; class=&quot;glyphicon glyphicon-search&quot; id=&quot;clear_data&quot; title=&quot;Clear search&quot;>&lt;/i> is not clickable at point (1301, 181). Other element would receive the click: &lt;i _ngcontent-c13=&quot;&quot; class=&quot;glyphicon glyphicon-search glyphicon-remove&quot;>&lt;/i>
  (Session info: chrome=70.0.3538.77)
  (Driver info: chromedriver=2.35.528161 (5b82f2d2aae0ca24b877009200ced9065a772e73),platform=Windows NT 6.3.9600 x86_64) (WARNING: The server did not provide any stacktrace information)
Command duration or timeout: 0 milliseconds
Build info: version: '3.7.1', revision: '8a0099a', time: '2017-11-06T21:07:36.161Z'
System info: host: 'IIA-DES-021', ip: '192.168.1.86', os.name: 'Windows 8.1', os.arch: 'amd64', os.version: '6.3', java.version: '1.8.0_181'
Driver info: com.kms.katalon.selenium.driver.CChromeDriver
Capabilities {acceptInsecureCerts: false, acceptSslCerts: false, applicationCacheEnabled: false, browserConnectionEnabled: false, browserName: chrome, chrome: {chromedriverVersion: 2.35.528161 (5b82f2d2aae0ca..., userDataDir: C:\Users\SNEKAL~1\AppData\L...}, cssSelectorsEnabled: true, databaseEnabled: false, handlesAlerts: true, hasTouchScreen: false, javascriptEnabled: true, locationContextEnabled: true, mobileEmulationEnabled: false, nativeEvents: true, networkConnectionEnabled: false, pageLoadStrategy: normal, platform: XP, platformName: XP, rotatable: false, setWindowRect: true, takesHeapSnapshot: true, takesScreenshot: true, unexpectedAlertBehaviour: , unhandledPromptBehavior: , version: 70.0.3538.77, webStorageEnabled: true}
Session ID: 222db3224103b52d7f987dc46a5e7281)
	at com.kms.katalon.core.keyword.internal.KeywordMain.stepFailed(KeywordMain.groovy:32)
	at com.kms.katalon.core.webui.keyword.internal.WebUIKeywordMain.stepFailed(WebUIKeywordMain.groovy:65)
	at com.kms.katalon.core.webui.keyword.internal.WebUIKeywordMain.runKeyword(WebUIKeywordMain.groovy:27)
	at com.kms.katalon.core.webui.keyword.builtin.CheckKeyword.check(CheckKeyword.groovy:88)
	at com.kms.katalon.core.webui.keyword.builtin.CheckKeyword.execute(CheckKeyword.groovy:67)
	at com.kms.katalon.core.keyword.internal.KeywordExecutor.executeKeywordForPlatform(KeywordExecutor.groovy:53)
	at com.kms.katalon.core.webui.keyword.WebUiBuiltInKeywords.check(WebUiBuiltInKeywords.groovy:1027)
	at com.kms.katalon.core.webui.keyword.WebUiBuiltInKeywords$check$16.call(Unknown Source)
	at org.codehaus.groovy.runtime.callsite.CallSiteArray.defaultCall(CallSiteArray.java:48)
	at org.codehaus.groovy.runtime.callsite.AbstractCallSite.call(AbstractCallSite.java:113)
	at org.codehaus.groovy.runtime.callsite.AbstractCallSite.call(AbstractCallSite.java:133)
	at Script1539598411543.run(Script1539598411543.groovy:234)
	at com.kms.katalon.core.main.ScriptEngine.run(ScriptEngine.java:183)
	at com.kms.katalon.core.main.ScriptEngine.runScriptAsRawText(ScriptEngine.java:108)
	at com.kms.katalon.core.main.TestCaseExecutor.runScript(TestCaseExecutor.java:294)
	at com.kms.katalon.core.main.TestCaseExecutor.doExecute(TestCaseExecutor.java:285)
	at com.kms.katalon.core.main.TestCaseExecutor.processExecutionPhase(TestCaseExecutor.java:264)
	at com.kms.katalon.core.main.TestCaseExecutor.accessMainPhase(TestCaseExecutor.java:256)
	at com.kms.katalon.core.main.TestCaseExecutor.execute(TestCaseExecutor.java:200)
	at com.kms.katalon.core.main.TestSuiteExecutor.accessTestCaseMainPhase(TestSuiteExecutor.java:129)
	at com.kms.katalon.core.main.TestSuiteExecutor.accessTestSuiteMainPhase(TestSuiteExecutor.java:112)
	at com.kms.katalon.core.main.TestSuiteExecutor.execute(TestSuiteExecutor.java:81)
	at com.kms.katalon.core.main.TestCaseMain.startTestSuite(TestCaseMain.java:142)
	at com.kms.katalon.core.main.TestCaseMain$startTestSuite$0.call(Unknown Source)
	at org.codehaus.groovy.runtime.callsite.CallSiteArray.defaultCall(CallSiteArray.java:48)
	at org.codehaus.groovy.runtime.callsite.AbstractCallSite.call(AbstractCallSite.java:113)
	at org.codehaus.groovy.runtime.callsite.AbstractCallSite.call(AbstractCallSite.java:141)
	at TempTestSuite1540548766188.run(TempTestSuite1540548766188.groovy:36)
	at groovy.lang.GroovyShell.runScriptOrMainOrTestOrRunnable(GroovyShell.java:263)
	at groovy.lang.GroovyShell.run(GroovyShell.java:518)
	at groovy.lang.GroovyShell.run(GroovyShell.java:507)
	at groovy.ui.GroovyMain.processOnce(GroovyMain.java:653)
	at groovy.ui.GroovyMain.run(GroovyMain.java:384)
	at groovy.ui.GroovyMain.process(GroovyMain.java:370)
	at groovy.ui.GroovyMain.processArgs(GroovyMain.java:129)
	at groovy.ui.GroovyMain.main(GroovyMain.java:109)
	at sun.reflect.NativeMethodAccessorImpl.invoke0(Native Method)
	at sun.reflect.NativeMethodAccessorImpl.invoke(NativeMethodAccessorImpl.java:62)
	at sun.reflect.DelegatingMethodAccessorImpl.invoke(DelegatingMethodAccessorImpl.java:43)
	at java.lang.reflect.Method.invoke(Method.java:498)
	at org.codehaus.groovy.tools.GroovyStarter.rootLoader(GroovyStarter.java:109)
	at org.codehaus.groovy.tools.GroovyStarter.main(GroovyStarter.java:131)
)"/>
         <system-out><![CDATA[2018-10-26 15:43:15 - [TEST_CASE][FAILED] - Test Cases/RetailerAdmin_Login_All_Functionality/order_placement_order_details/retaileradmin_order_placement: Test Cases/RetailerAdmin_Login_All_Functionality/order_placement_order_details/retaileradmin_order_placement FAILED because (of) (Stack trace: com.kms.katalon.core.exception.StepFailedException: Unable to check object 'Object Repository/retailer admin All Repo/retailer_order_placement/key_press_orderList/Page_AppCohesion/close_search_icon' (Root cause: org.openqa.selenium.WebDriverException: unknown error: Element <i _ngcontent-c13="" class="glyphicon glyphicon-search" id="clear_data" title="Clear search"></i> is not clickable at point (1301, 181). Other element would receive the click: <i _ngcontent-c13="" class="glyphicon glyphicon-search glyphicon-remove"></i>
  (Session info: chrome=70.0.3538.77)
  (Driver info: chromedriver=2.35.528161 (5b82f2d2aae0ca24b877009200ced9065a772e73),platform=Windows NT 6.3.9600 x86_64) (WARNING: The server did not provide any stacktrace information)
Command duration or timeout: 0 milliseconds
Build info: version: '3.7.1', revision: '8a0099a', time: '2017-11-06T21:07:36.161Z'
System info: host: 'IIA-DES-021', ip: '192.168.1.86', os.name: 'Windows 8.1', os.arch: 'amd64', os.version: '6.3', java.version: '1.8.0_181'
Driver info: com.kms.katalon.selenium.driver.CChromeDriver
Capabilities {acceptInsecureCerts: false, acceptSslCerts: false, applicationCacheEnabled: false, browserConnectionEnabled: false, browserName: chrome, chrome: {chromedriverVersion: 2.35.528161 (5b82f2d2aae0ca..., userDataDir: C:\Users\SNEKAL~1\AppData\L...}, cssSelectorsEnabled: true, databaseEnabled: false, handlesAlerts: true, hasTouchScreen: false, javascriptEnabled: true, locationContextEnabled: true, mobileEmulationEnabled: false, nativeEvents: true, networkConnectionEnabled: false, pageLoadStrategy: normal, platform: XP, platformName: XP, rotatable: false, setWindowRect: true, takesHeapSnapshot: true, takesScreenshot: true, unexpectedAlertBehaviour: , unhandledPromptBehavior: , version: 70.0.3538.77, webStorageEnabled: true}
Session ID: 222db3224103b52d7f987dc46a5e7281)
	at com.kms.katalon.core.keyword.internal.KeywordMain.stepFailed(KeywordMain.groovy:32)
	at com.kms.katalon.core.webui.keyword.internal.WebUIKeywordMain.stepFailed(WebUIKeywordMain.groovy:65)
	at com.kms.katalon.core.webui.keyword.internal.WebUIKeywordMain.runKeyword(WebUIKeywordMain.groovy:27)
	at com.kms.katalon.core.webui.keyword.builtin.CheckKeyword.check(CheckKeyword.groovy:88)
	at com.kms.katalon.core.webui.keyword.builtin.CheckKeyword.execute(CheckKeyword.groovy:67)
	at com.kms.katalon.core.keyword.internal.KeywordExecutor.executeKeywordForPlatform(KeywordExecutor.groovy:53)
	at com.kms.katalon.core.webui.keyword.WebUiBuiltInKeywords.check(WebUiBuiltInKeywords.groovy:1027)
	at com.kms.katalon.core.webui.keyword.WebUiBuiltInKeywords$check$16.call(Unknown Source)
	at org.codehaus.groovy.runtime.callsite.CallSiteArray.defaultCall(CallSiteArray.java:48)
	at org.codehaus.groovy.runtime.callsite.AbstractCallSite.call(AbstractCallSite.java:113)
	at org.codehaus.groovy.runtime.callsite.AbstractCallSite.call(AbstractCallSite.java:133)
	at Script1539598411543.run(Script1539598411543.groovy:234)
	at com.kms.katalon.core.main.ScriptEngine.run(ScriptEngine.java:183)
	at com.kms.katalon.core.main.ScriptEngine.runScriptAsRawText(ScriptEngine.java:108)
	at com.kms.katalon.core.main.TestCaseExecutor.runScript(TestCaseExecutor.java:294)
	at com.kms.katalon.core.main.TestCaseExecutor.doExecute(TestCaseExecutor.java:285)
	at com.kms.katalon.core.main.TestCaseExecutor.processExecutionPhase(TestCaseExecutor.java:264)
	at com.kms.katalon.core.main.TestCaseExecutor.accessMainPhase(TestCaseExecutor.java:256)
	at com.kms.katalon.core.main.TestCaseExecutor.execute(TestCaseExecutor.java:200)
	at com.kms.katalon.core.main.TestSuiteExecutor.accessTestCaseMainPhase(TestSuiteExecutor.java:129)
	at com.kms.katalon.core.main.TestSuiteExecutor.accessTestSuiteMainPhase(TestSuiteExecutor.java:112)
	at com.kms.katalon.core.main.TestSuiteExecutor.execute(TestSuiteExecutor.java:81)
	at com.kms.katalon.core.main.TestCaseMain.startTestSuite(TestCaseMain.java:142)
	at com.kms.katalon.core.main.TestCaseMain$startTestSuite$0.call(Unknown Source)
	at org.codehaus.groovy.runtime.callsite.CallSiteArray.defaultCall(CallSiteArray.java:48)
	at org.codehaus.groovy.runtime.callsite.AbstractCallSite.call(AbstractCallSite.java:113)
	at org.codehaus.groovy.runtime.callsite.AbstractCallSite.call(AbstractCallSite.java:141)
	at TempTestSuite1540548766188.run(TempTestSuite1540548766188.groovy:36)
	at groovy.lang.GroovyShell.runScriptOrMainOrTestOrRunnable(GroovyShell.java:263)
	at groovy.lang.GroovyShell.run(GroovyShell.java:518)
	at groovy.lang.GroovyShell.run(GroovyShell.java:507)
	at groovy.ui.GroovyMain.processOnce(GroovyMain.java:653)
	at groovy.ui.GroovyMain.run(GroovyMain.java:384)
	at groovy.ui.GroovyMain.process(GroovyMain.java:370)
	at groovy.ui.GroovyMain.processArgs(GroovyMain.java:129)
	at groovy.ui.GroovyMain.main(GroovyMain.java:109)
	at sun.reflect.NativeMethodAccessorImpl.invoke0(Native Method)
	at sun.reflect.NativeMethodAccessorImpl.invoke(NativeMethodAccessorImpl.java:62)
	at sun.reflect.DelegatingMethodAccessorImpl.invoke(DelegatingMethodAccessorImpl.java:43)
	at java.lang.reflect.Method.invoke(Method.java:498)
	at org.codehaus.groovy.tools.GroovyStarter.rootLoader(GroovyStarter.java:109)
	at org.codehaus.groovy.tools.GroovyStarter.main(GroovyStarter.java:131)
)

2018-10-26 15:43:15 - [TEST_STEP][PASSED] - callTestCase: Call Test Case 'Test Cases/Call Test Case/Login_retailer_testcase' successfully

2018-10-26 15:43:16 - [TEST_CASE][PASSED] - Test Cases/Call Test Case/Login_retailer_testcase: Test Cases/Call Test Case/Login_retailer_testcase

2018-10-26 15:43:16 - [TEST_STEP][PASSED] - openBrowser: Browser is opened with url: 'http://localhost:4200/'

2018-10-26 15:43:16 - [MESSAGE][WARNING] - A browser is already opened. Closing browser and opening a new one

2018-10-26 15:43:22 - [MESSAGE][PASSED] - Browser is opened with url: 'http://localhost:4200/'

2018-10-26 15:43:22 - [TEST_STEP][PASSED] - maximizeWindow: Current window maximized

2018-10-26 15:43:23 - [MESSAGE][PASSED] - Current window maximized

2018-10-26 15:43:23 - [TEST_STEP][PASSED] - setText: Text 'RACreation@10_9' is set on object 'Object Repository/Login_OR/Page_AppCohesion/input_User Name_ac_username'

2018-10-26 15:43:23 - [MESSAGE][PASSED] - Text 'RACreation@10_9' is set on object 'Object Repository/Login_OR/Page_AppCohesion/input_User Name_ac_username'

2018-10-26 15:43:23 - [TEST_STEP][PASSED] - setText: Text 'RACreation@10_9' is set on object 'Object Repository/Login_OR/Page_AppCohesion/input_Password_ac_password'

2018-10-26 15:43:23 - [MESSAGE][PASSED] - Text 'RACreation@10_9' is set on object 'Object Repository/Login_OR/Page_AppCohesion/input_Password_ac_password'

2018-10-26 15:43:23 - [TEST_STEP][PASSED] - click: Object: 'Object Repository/Login_OR/Page_AppCohesion/button_Login Now' is clicked on

2018-10-26 15:43:23 - [MESSAGE][PASSED] - Object: 'Object Repository/Login_OR/Page_AppCohesion/button_Login Now' is clicked on

2018-10-26 15:43:23 - [TEST_STEP][PASSED] - waitForPageLoad: Wait for page load successfully

2018-10-26 15:43:23 - [MESSAGE][PASSED] - Wait for page load successfully

2018-10-26 15:43:23 - [MESSAGE][PASSED] - Call Test Case 'Test Cases/Call Test Case/Login_retailer_testcase' successfully

2018-10-26 15:43:23 - [TEST_STEP][NOT_RUN] - waitForElementVisible: NOT_RUN: waitForElementVisible

2018-10-26 15:43:23 - [MESSAGE][NOT_RUN] - NOT_RUN: waitForElementVisible

2018-10-26 15:43:23 - [TEST_STEP][PASSED] - verifyElementVisible: Object 'Object Repository/retailer admin All Repo/inventory retailer markup repo/common search product' is visible

2018-10-26 15:43:26 - [MESSAGE][PASSED] - Object 'Object Repository/retailer admin All Repo/inventory retailer markup repo/common search product' is visible

2018-10-26 15:43:26 - [TEST_STEP][PASSED] - setText: Text 'HCKLR-IHMFX7Z1' is set on object 'Object Repository/retailer admin All Repo/inventory retailer markup repo/common search product'

2018-10-26 15:43:26 - [MESSAGE][PASSED] - Text 'HCKLR-IHMFX7Z1' is set on object 'Object Repository/retailer admin All Repo/inventory retailer markup repo/common search product'

2018-10-26 15:43:26 - [TEST_STEP][PASSED] - verifyElementVisible: Object 'Object Repository/retailer admin All Repo/Search Products Details/Page_AppCohesion/button_Settings_searchbutton' is visible

2018-10-26 15:43:26 - [MESSAGE][PASSED] - Object 'Object Repository/retailer admin All Repo/Search Products Details/Page_AppCohesion/button_Settings_searchbutton' is visible

2018-10-26 15:43:26 - [TEST_STEP][PASSED] - click: Object: 'Object Repository/retailer admin All Repo/Search Products Details/Page_AppCohesion/button_Settings_searchbutton' is clicked on

2018-10-26 15:43:26 - [MESSAGE][PASSED] - Object: 'Object Repository/retailer admin All Repo/Search Products Details/Page_AppCohesion/button_Settings_searchbutton' is clicked on

2018-10-26 15:43:26 - [TEST_STEP][NOT_RUN] - click: NOT_RUN: click

2018-10-26 15:43:26 - [MESSAGE][NOT_RUN] - NOT_RUN: click

2018-10-26 15:43:26 - [TEST_STEP][NOT_RUN] - setText: NOT_RUN: setText

2018-10-26 15:43:26 - [MESSAGE][NOT_RUN] - NOT_RUN: setText

2018-10-26 15:43:26 - [TEST_STEP][NOT_RUN] - setText: NOT_RUN: setText

2018-10-26 15:43:26 - [MESSAGE][NOT_RUN] - NOT_RUN: setText

2018-10-26 15:43:26 - [TEST_STEP][NOT_RUN] - verifyElementVisible: NOT_RUN: verifyElementVisible

2018-10-26 15:43:26 - [MESSAGE][NOT_RUN] - NOT_RUN: verifyElementVisible

2018-10-26 15:43:26 - [TEST_STEP][NOT_RUN] - click: NOT_RUN: click

2018-10-26 15:43:26 - [MESSAGE][NOT_RUN] - NOT_RUN: click

2018-10-26 15:43:26 - [TEST_STEP][PASSED] - verifyElementVisible: Object 'Object Repository/retailer admin All Repo/retailer_order_placement/Page_AppCohesion/tr_Green Supply' is visible

2018-10-26 15:43:28 - [MESSAGE][PASSED] - Object 'Object Repository/retailer admin All Repo/retailer_order_placement/Page_AppCohesion/tr_Green Supply' is visible

2018-10-26 15:43:28 - [TEST_STEP][PASSED] - verifyElementText: Actual text and expected text of test object 'Object Repository/retailer admin All Repo/retailer_order_placement/Page_AppCohesion/tr_Green Supply' are matched.

2018-10-26 15:43:28 - [MESSAGE][PASSED] - Actual text and expected text of test object 'Object Repository/retailer admin All Repo/retailer_order_placement/Page_AppCohesion/tr_Green Supply' are matched.

2018-10-26 15:43:28 - [TEST_STEP][PASSED] - verifyElementVisible: Object 'Object Repository/retailer admin All Repo/retailer_order_placement/Page_AppCohesion/div_Heckler  Koch VP VP9' is visible

2018-10-26 15:43:28 - [MESSAGE][PASSED] - Object 'Object Repository/retailer admin All Repo/retailer_order_placement/Page_AppCohesion/div_Heckler  Koch VP VP9' is visible

2018-10-26 15:43:28 - [TEST_STEP][PASSED] - click: Object: 'Object Repository/retailer admin All Repo/retailer_order_placement/Page_AppCohesion/div_Heckler  Koch VP VP9' is clicked on

2018-10-26 15:43:28 - [MESSAGE][PASSED] - Object: 'Object Repository/retailer admin All Repo/retailer_order_placement/Page_AppCohesion/div_Heckler  Koch VP VP9' is clicked on

2018-10-26 15:43:28 - [TEST_STEP][PASSED] - verifyElementVisible: Object 'Object Repository/retailer admin All Repo/retailer_order_placement/Page_AppCohesion/strong_534.20' is visible

2018-10-26 15:43:30 - [MESSAGE][PASSED] - Object 'Object Repository/retailer admin All Repo/retailer_order_placement/Page_AppCohesion/strong_534.20' is visible

2018-10-26 15:43:30 - [TEST_STEP][PASSED] - verifyElementText: Actual text and expected text of test object 'Object Repository/retailer admin All Repo/retailer_order_placement/Page_AppCohesion/strong_534.20' are matched.

2018-10-26 15:43:30 - [MESSAGE][PASSED] - Actual text and expected text of test object 'Object Repository/retailer admin All Repo/retailer_order_placement/Page_AppCohesion/strong_534.20' are matched.

2018-10-26 15:43:30 - [TEST_STEP][PASSED] - verifyElementVisible: Object 'Object Repository/retailer admin All Repo/retailer_order_placement/Page_AppCohesion/span_176' is visible

2018-10-26 15:43:30 - [MESSAGE][PASSED] - Object 'Object Repository/retailer admin All Repo/retailer_order_placement/Page_AppCohesion/span_176' is visible

2018-10-26 15:43:30 - [TEST_STEP][PASSED] - verifyElementText: Actual text and expected text of test object 'Object Repository/retailer admin All Repo/retailer_order_placement/Page_AppCohesion/span_176' are matched.

2018-10-26 15:43:30 - [MESSAGE][PASSED] - Actual text and expected text of test object 'Object Repository/retailer admin All Repo/retailer_order_placement/Page_AppCohesion/span_176' are matched.

2018-10-26 15:43:30 - [TEST_STEP][PASSED] - verifyElementVisible: Object 'Object Repository/retailer admin All Repo/retailer_order_placement/Page_AppCohesion/h4_Only 176 left in stock' is visible

2018-10-26 15:43:30 - [MESSAGE][PASSED] - Object 'Object Repository/retailer admin All Repo/retailer_order_placement/Page_AppCohesion/h4_Only 176 left in stock' is visible

2018-10-26 15:43:30 - [TEST_STEP][PASSED] - verifyElementText: Actual text and expected text of test object 'Object Repository/retailer admin All Repo/retailer_order_placement/Page_AppCohesion/h4_Only 176 left in stock' are matched.

2018-10-26 15:43:30 - [MESSAGE][PASSED] - Actual text and expected text of test object 'Object Repository/retailer admin All Repo/retailer_order_placement/Page_AppCohesion/h4_Only 176 left in stock' are matched.

2018-10-26 15:43:30 - [TEST_STEP][PASSED] - verifyElementVisible: Object 'Object Repository/retailer admin All Repo/retailer_order_placement/Page_AppCohesion/button_ADD TO CART' is visible

2018-10-26 15:43:30 - [MESSAGE][PASSED] - Object 'Object Repository/retailer admin All Repo/retailer_order_placement/Page_AppCohesion/button_ADD TO CART' is visible

2018-10-26 15:43:30 - [TEST_STEP][PASSED] - click: Object: 'Object Repository/retailer admin All Repo/retailer_order_placement/Page_AppCohesion/button_ADD TO CART' is clicked on

2018-10-26 15:43:30 - [MESSAGE][PASSED] - Object: 'Object Repository/retailer admin All Repo/retailer_order_placement/Page_AppCohesion/button_ADD TO CART' is clicked on

2018-10-26 15:43:30 - [TEST_STEP][PASSED] - waitForElementVisible: Object 'Object Repository/retailer admin All Repo/retailer_order_placement/Page_AppCohesion/img' is visible

2018-10-26 15:43:30 - [MESSAGE][PASSED] - Object 'Object Repository/retailer admin All Repo/retailer_order_placement/Page_AppCohesion/img' is visible

2018-10-26 15:43:30 - [TEST_STEP][PASSED] - click: Object: 'Object Repository/retailer admin All Repo/retailer_order_placement/Page_AppCohesion/img' is clicked on

2018-10-26 15:43:30 - [MESSAGE][PASSED] - Object: 'Object Repository/retailer admin All Repo/retailer_order_placement/Page_AppCohesion/img' is clicked on

2018-10-26 15:43:30 - [TEST_STEP][PASSED] - verifyElementVisible: Object 'Object Repository/retailer admin All Repo/retailer_order_placement/Page_AppCohesion/increasequantity_cartlist' is visible

2018-10-26 15:43:44 - [MESSAGE][PASSED] - Object 'Object Repository/retailer admin All Repo/retailer_order_placement/Page_AppCohesion/increasequantity_cartlist' is visible

2018-10-26 15:43:44 - [TEST_STEP][PASSED] - click: Object: 'Object Repository/retailer admin All Repo/retailer_order_placement/Page_AppCohesion/increasequantity_cartlist' is clicked on

2018-10-26 15:43:44 - [MESSAGE][PASSED] - Object: 'Object Repository/retailer admin All Repo/retailer_order_placement/Page_AppCohesion/increasequantity_cartlist' is clicked on

2018-10-26 15:43:44 - [TEST_STEP][PASSED] - delay: Delayed 5 second(s)

2018-10-26 15:43:49 - [MESSAGE][PASSED] - Delayed 5 second(s)

2018-10-26 15:43:49 - [TEST_STEP][PASSED] - click: Object: 'Object Repository/retailer admin All Repo/retailer_order_placement/Page_AppCohesion/button_View Cart' is clicked on

2018-10-26 15:43:49 - [MESSAGE][PASSED] - Object: 'Object Repository/retailer admin All Repo/retailer_order_placement/Page_AppCohesion/button_View Cart' is clicked on

2018-10-26 15:43:49 - [TEST_STEP][PASSED] - verifyElementClickable: Object 'Object Repository/retailer admin All Repo/retailer_order_placement/Page_AppCohesion/button_Quantity_decreasequatit' is clickable

2018-10-26 15:43:51 - [MESSAGE][PASSED] - Object 'Object Repository/retailer admin All Repo/retailer_order_placement/Page_AppCohesion/button_Quantity_decreasequatit' is clickable

2018-10-26 15:43:51 - [TEST_STEP][PASSED] - click: Object: 'Object Repository/retailer admin All Repo/retailer_order_placement/Page_AppCohesion/button_Quantity_decreasequatit' is clicked on

2018-10-26 15:43:52 - [MESSAGE][PASSED] - Object: 'Object Repository/retailer admin All Repo/retailer_order_placement/Page_AppCohesion/button_Quantity_decreasequatit' is clicked on

2018-10-26 15:43:52 - [TEST_STEP][PASSED] - delay: Delayed 5 second(s)

2018-10-26 15:43:57 - [MESSAGE][PASSED] - Delayed 5 second(s)

2018-10-26 15:43:57 - [TEST_STEP][NOT_RUN] - waitForElementVisible: NOT_RUN: waitForElementVisible

2018-10-26 15:43:57 - [MESSAGE][NOT_RUN] - NOT_RUN: waitForElementVisible

2018-10-26 15:43:57 - [TEST_STEP][NOT_RUN] - check: NOT_RUN: check

2018-10-26 15:43:57 - [MESSAGE][NOT_RUN] - NOT_RUN: check

2018-10-26 15:43:57 - [TEST_STEP][NOT_RUN] - waitForElementClickable: NOT_RUN: waitForElementClickable

2018-10-26 15:43:57 - [MESSAGE][NOT_RUN] - NOT_RUN: waitForElementClickable

2018-10-26 15:43:57 - [TEST_STEP][NOT_RUN] - check: NOT_RUN: check

2018-10-26 15:43:57 - [MESSAGE][NOT_RUN] - NOT_RUN: check

2018-10-26 15:43:57 - [TEST_STEP][PASSED] - click: Object: 'Object Repository/retailer admin All Repo/retailer_order_placement/Page_AppCohesion/h5_Heckler  Koch VP VP9' is clicked on

2018-10-26 15:43:57 - [MESSAGE][PASSED] - Object: 'Object Repository/retailer admin All Repo/retailer_order_placement/Page_AppCohesion/h5_Heckler  Koch VP VP9' is clicked on

2018-10-26 15:43:57 - [TEST_STEP][PASSED] - click: Object: 'Object Repository/retailer admin All Repo/retailer_order_placement/Page_AppCohesion/a_Back to Cart' is clicked on

2018-10-26 15:43:57 - [MESSAGE][PASSED] - Object: 'Object Repository/retailer admin All Repo/retailer_order_placement/Page_AppCohesion/a_Back to Cart' is clicked on

2018-10-26 15:43:57 - [TEST_STEP][PASSED] - waitForElementVisible: Object 'Object Repository/retailer admin All Repo/retailer_order_placement/Page_AppCohesion/span_534.20' is visible

2018-10-26 15:43:59 - [MESSAGE][PASSED] - Object 'Object Repository/retailer admin All Repo/retailer_order_placement/Page_AppCohesion/span_534.20' is visible

2018-10-26 15:43:59 - [TEST_STEP][PASSED] - verifyElementText: Actual text and expected text of test object 'Object Repository/retailer admin All Repo/retailer_order_placement/Page_AppCohesion/span_534.20' are matched.

2018-10-26 15:43:59 - [MESSAGE][PASSED] - Actual text and expected text of test object 'Object Repository/retailer admin All Repo/retailer_order_placement/Page_AppCohesion/span_534.20' are matched.

2018-10-26 15:43:59 - [TEST_STEP][PASSED] - waitForElementVisible: Object 'Object Repository/retailer admin All Repo/retailer_order_placement/Page_AppCohesion/span_25.00' is visible

2018-10-26 15:43:59 - [MESSAGE][PASSED] - Object 'Object Repository/retailer admin All Repo/retailer_order_placement/Page_AppCohesion/span_25.00' is visible

2018-10-26 15:43:59 - [TEST_STEP][PASSED] - verifyElementText: Actual text and expected text of test object 'Object Repository/retailer admin All Repo/retailer_order_placement/Page_AppCohesion/span_25.00' are matched.

2018-10-26 15:43:59 - [MESSAGE][PASSED] - Actual text and expected text of test object 'Object Repository/retailer admin All Repo/retailer_order_placement/Page_AppCohesion/span_25.00' are matched.

2018-10-26 15:43:59 - [TEST_STEP][PASSED] - verifyElementVisible: Object 'Object Repository/retailer admin All Repo/retailer_order_placement/Page_AppCohesion/em_Item selected 1' is visible

2018-10-26 15:43:59 - [MESSAGE][PASSED] - Object 'Object Repository/retailer admin All Repo/retailer_order_placement/Page_AppCohesion/em_Item selected 1' is visible

2018-10-26 15:43:59 - [TEST_STEP][PASSED] - verifyElementText: Actual text and expected text of test object 'Object Repository/retailer admin All Repo/retailer_order_placement/Page_AppCohesion/em_Item selected 1' are matched.

2018-10-26 15:43:59 - [MESSAGE][PASSED] - Actual text and expected text of test object 'Object Repository/retailer admin All Repo/retailer_order_placement/Page_AppCohesion/em_Item selected 1' are matched.

2018-10-26 15:43:59 - [TEST_STEP][PASSED] - click: Object: 'Object Repository/retailer admin All Repo/retailer_order_placement/Page_AppCohesion/button_CHECKOUT' is clicked on

2018-10-26 15:43:59 - [MESSAGE][PASSED] - Object: 'Object Repository/retailer admin All Repo/retailer_order_placement/Page_AppCohesion/button_CHECKOUT' is clicked on

2018-10-26 15:43:59 - [TEST_STEP][PASSED] - delay: Delayed 10 second(s)

2018-10-26 15:44:09 - [MESSAGE][PASSED] - Delayed 10 second(s)

2018-10-26 15:44:09 - [TEST_STEP][PASSED] - setText: Text 'order HCKLR-IHMFX7Z1' is set on object 'Object Repository/retailer admin All Repo/retailer_order_placement/Page_AppCohesion/input_FIRST NAME_firstName'

2018-10-26 15:44:09 - [MESSAGE][PASSED] - Text 'order HCKLR-IHMFX7Z1' is set on object 'Object Repository/retailer admin All Repo/retailer_order_placement/Page_AppCohesion/input_FIRST NAME_firstName'

2018-10-26 15:44:09 - [TEST_STEP][PASSED] - setText: Text 'snekalatha.r@iinerds.com' is set on object 'Object Repository/retailer admin All Repo/retailer_order_placement/Page_AppCohesion/input_EMAIL_email'

2018-10-26 15:44:10 - [MESSAGE][PASSED] - Text 'snekalatha.r@iinerds.com' is set on object 'Object Repository/retailer admin All Repo/retailer_order_placement/Page_AppCohesion/input_EMAIL_email'

2018-10-26 15:44:10 - [TEST_STEP][PASSED] - delay: Delayed 10 second(s)

2018-10-26 15:44:20 - [MESSAGE][PASSED] - Delayed 10 second(s)

2018-10-26 15:44:20 - [TEST_STEP][PASSED] - selectOptionByIndex: All options with index in [1] are selected on object 'Object Repository/retailer admin All Repo/retailer_order_placement/key_press_orderList/Page_AppCohesion/select store'

2018-10-26 15:44:20 - [MESSAGE][PASSED] - All options with index in [1] are selected on object 'Object Repository/retailer admin All Repo/retailer_order_placement/key_press_orderList/Page_AppCohesion/select store'

2018-10-26 15:44:20 - [TEST_STEP][PASSED] - verifyElementVisible: Object 'Object Repository/retailer admin All Repo/retailer_order_placement/Page_AppCohesion/span_534.20' is visible

2018-10-26 15:44:20 - [MESSAGE][PASSED] - Object 'Object Repository/retailer admin All Repo/retailer_order_placement/Page_AppCohesion/span_534.20' is visible

2018-10-26 15:44:20 - [TEST_STEP][PASSED] - verifyElementText: Actual text and expected text of test object 'Object Repository/retailer admin All Repo/retailer_order_placement/Page_AppCohesion/span_534.20' are matched.

2018-10-26 15:44:20 - [MESSAGE][PASSED] - Actual text and expected text of test object 'Object Repository/retailer admin All Repo/retailer_order_placement/Page_AppCohesion/span_534.20' are matched.

2018-10-26 15:44:20 - [TEST_STEP][PASSED] - verifyElementVisible: Object 'Object Repository/retailer admin All Repo/retailer_order_placement/Page_AppCohesion/span_25' is visible

2018-10-26 15:44:20 - [MESSAGE][PASSED] - Object 'Object Repository/retailer admin All Repo/retailer_order_placement/Page_AppCohesion/span_25' is visible

2018-10-26 15:44:20 - [TEST_STEP][PASSED] - verifyElementText: Actual text and expected text of test object 'Object Repository/retailer admin All Repo/retailer_order_placement/Page_AppCohesion/span_25' are matched.

2018-10-26 15:44:20 - [MESSAGE][PASSED] - Actual text and expected text of test object 'Object Repository/retailer admin All Repo/retailer_order_placement/Page_AppCohesion/span_25' are matched.

2018-10-26 15:44:20 - [TEST_STEP][PASSED] - verifyElementVisible: Object 'Object Repository/retailer admin All Repo/retailer_order_placement/Page_AppCohesion/span_559.20' is visible

2018-10-26 15:44:20 - [MESSAGE][PASSED] - Object 'Object Repository/retailer admin All Repo/retailer_order_placement/Page_AppCohesion/span_559.20' is visible

2018-10-26 15:44:20 - [TEST_STEP][PASSED] - verifyElementText: Actual text and expected text of test object 'Object Repository/retailer admin All Repo/retailer_order_placement/Page_AppCohesion/span_559.20' are matched.

2018-10-26 15:44:20 - [MESSAGE][PASSED] - Actual text and expected text of test object 'Object Repository/retailer admin All Repo/retailer_order_placement/Page_AppCohesion/span_559.20' are matched.

2018-10-26 15:44:20 - [TEST_STEP][PASSED] - click: Object: 'Object Repository/retailer admin All Repo/retailer_order_placement/Page_AppCohesion/button_Confirm Order' is clicked on

2018-10-26 15:44:20 - [MESSAGE][PASSED] - Object: 'Object Repository/retailer admin All Repo/retailer_order_placement/Page_AppCohesion/button_Confirm Order' is clicked on

2018-10-26 15:44:20 - [TEST_STEP][PASSED] - waitForAlert: No alert found after 5 second(s).

2018-10-26 15:44:25 - [MESSAGE][WARNING] - No alert found after 5 second(s).

2018-10-26 15:44:25 - [TEST_STEP][PASSED] - verifyElementVisible: Object 'Object Repository/retailer admin All Repo/retailer_order_placement/key_press_orderList/Page_AppCohesion/order_status_button' is visible

2018-10-26 15:44:33 - [MESSAGE][PASSED] - Object 'Object Repository/retailer admin All Repo/retailer_order_placement/key_press_orderList/Page_AppCohesion/order_status_button' is visible

2018-10-26 15:44:33 - [TEST_STEP][NOT_RUN] - verifyElementText: NOT_RUN: verifyElementText

2018-10-26 15:44:33 - [MESSAGE][NOT_RUN] - NOT_RUN: verifyElementText

2018-10-26 15:44:33 - [TEST_STEP][PASSED] - click: Object: 'Object Repository/retailer admin All Repo/retailer_order_placement/key_press_orderList/Page_AppCohesion/order_status_button' is clicked on

2018-10-26 15:44:33 - [MESSAGE][PASSED] - Object: 'Object Repository/retailer admin All Repo/retailer_order_placement/key_press_orderList/Page_AppCohesion/order_status_button' is clicked on

2018-10-26 15:44:33 - [TEST_STEP][PASSED] - waitForElementVisible: Object 'Object Repository/retailer admin All Repo/retailer_order_placement/key_press_orderList/Page_AppCohesion/i__glyphicon glyphicon-search' is visible

2018-10-26 15:44:33 - [MESSAGE][PASSED] - Object 'Object Repository/retailer admin All Repo/retailer_order_placement/key_press_orderList/Page_AppCohesion/i__glyphicon glyphicon-search' is visible

2018-10-26 15:44:33 - [TEST_STEP][PASSED] - delay: Delayed 10 second(s)

2018-10-26 15:44:43 - [MESSAGE][PASSED] - Delayed 10 second(s)

2018-10-26 15:44:43 - [TEST_STEP][PASSED] - check: Object 'Object Repository/retailer admin All Repo/retailer_order_placement/key_press_orderList/Page_AppCohesion/i__glyphicon glyphicon-search' is checked

2018-10-26 15:44:43 - [MESSAGE][PASSED] - Object 'Object Repository/retailer admin All Repo/retailer_order_placement/key_press_orderList/Page_AppCohesion/i__glyphicon glyphicon-search' is checked

2018-10-26 15:44:43 - [TEST_STEP][PASSED] - dragAndDropToObject: Dragged object with id 'Object Repository/retailer admin All Repo/retailer_order_placement/Page_AppCohesion/input_RETAILER NAME_searchInpu' to object with id 'TestObject - 'Object Repository/retailer admin All Repo/retailer_order_placement/Page_AppCohesion/input_RETAILER NAME_searchInpu'' successfully

2018-10-26 15:44:44 - [MESSAGE][PASSED] - Dragged object with id 'Object Repository/retailer admin All Repo/retailer_order_placement/Page_AppCohesion/input_RETAILER NAME_searchInpu' to object with id 'TestObject - 'Object Repository/retailer admin All Repo/retailer_order_placement/Page_AppCohesion/input_RETAILER NAME_searchInpu'' successfully

2018-10-26 15:44:44 - [TEST_STEP][PASSED] - setText: Text 'order HCKLR-IHMFX7Z1' is set on object 'Object Repository/retailer admin All Repo/retailer_order_placement/Page_AppCohesion/input_RETAILER NAME_searchInpu'

2018-10-26 15:44:44 - [MESSAGE][PASSED] - Text 'order HCKLR-IHMFX7Z1' is set on object 'Object Repository/retailer admin All Repo/retailer_order_placement/Page_AppCohesion/input_RETAILER NAME_searchInpu'

2018-10-26 15:44:44 - [TEST_STEP][PASSED] - waitForElementVisible: Object 'Object Repository/retailer admin All Repo/retailer_order_placement/Page_AppCohesion/input_RETAILER NAME_searchInpu' is visible

2018-10-26 15:44:44 - [MESSAGE][PASSED] - Object 'Object Repository/retailer admin All Repo/retailer_order_placement/Page_AppCohesion/input_RETAILER NAME_searchInpu' is visible

2018-10-26 15:44:44 - [TEST_STEP][PASSED] - sendKeys: Keys 'ENTER + ' sent to object: 'Object Repository/retailer admin All Repo/retailer_order_placement/Page_AppCohesion/input_RETAILER NAME_searchInpu'

2018-10-26 15:44:44 - [MESSAGE][PASSED] - Keys 'ENTER + ' sent to object: 'Object Repository/retailer admin All Repo/retailer_order_placement/Page_AppCohesion/input_RETAILER NAME_searchInpu'

2018-10-26 15:44:44 - [TEST_STEP][PASSED] - verifyElementVisible: Object 'Object Repository/retailer admin All Repo/retailer_order_placement/Page_AppCohesion/tr_order HCKLR-IHMFX7Z1' is visible

2018-10-26 15:44:45 - [MESSAGE][PASSED] - Object 'Object Repository/retailer admin All Repo/retailer_order_placement/Page_AppCohesion/tr_order HCKLR-IHMFX7Z1' is visible

2018-10-26 15:44:45 - [TEST_STEP][PASSED] - click: Object: 'Object Repository/retailer admin All Repo/retailer_order_placement/Page_AppCohesion/tr_order HCKLR-IHMFX7Z1' is clicked on

2018-10-26 15:44:45 - [MESSAGE][PASSED] - Object: 'Object Repository/retailer admin All Repo/retailer_order_placement/Page_AppCohesion/tr_order HCKLR-IHMFX7Z1' is clicked on

2018-10-26 15:44:45 - [TEST_STEP][PASSED] - verifyElementVisible: Object 'Object Repository/retailer admin All Repo/retailer_order_placement/Page_AppCohesion/span_Order Total      559.20' is visible

2018-10-26 15:44:57 - [MESSAGE][PASSED] - Object 'Object Repository/retailer admin All Repo/retailer_order_placement/Page_AppCohesion/span_Order Total      559.20' is visible

2018-10-26 15:44:57 - [TEST_STEP][PASSED] - verifyElementText: Actual text and expected text of test object 'Object Repository/retailer admin All Repo/retailer_order_placement/key_press_orderList/Page_AppCohesion/h5_696' are matched.

2018-10-26 15:44:57 - [MESSAGE][PASSED] - Actual text and expected text of test object 'Object Repository/retailer admin All Repo/retailer_order_placement/key_press_orderList/Page_AppCohesion/h5_696' are matched.

2018-10-26 15:44:57 - [TEST_STEP][PASSED] - verifyElementVisible: Object 'Object Repository/retailer admin All Repo/retailer_order_placement/key_press_orderList/Page_AppCohesion/h5_559.20' is visible

2018-10-26 15:44:57 - [MESSAGE][PASSED] - Object 'Object Repository/retailer admin All Repo/retailer_order_placement/key_press_orderList/Page_AppCohesion/h5_559.20' is visible

2018-10-26 15:44:57 - [TEST_STEP][PASSED] - verifyElementText: Actual text and expected text of test object 'Object Repository/retailer admin All Repo/retailer_order_placement/key_press_orderList/Page_AppCohesion/h5_559.20' are matched.

2018-10-26 15:44:57 - [MESSAGE][PASSED] - Actual text and expected text of test object 'Object Repository/retailer admin All Repo/retailer_order_placement/key_press_orderList/Page_AppCohesion/h5_559.20' are matched.

2018-10-26 15:44:57 - [TEST_STEP][PASSED] - verifyElementVisible: Object 'Object Repository/retailer admin All Repo/retailer_order_placement/Page_AppCohesion/span_Name      order HCKLR-IHM' is visible

2018-10-26 15:44:57 - [MESSAGE][PASSED] - Object 'Object Repository/retailer admin All Repo/retailer_order_placement/Page_AppCohesion/span_Name      order HCKLR-IHM' is visible

2018-10-26 15:44:57 - [TEST_STEP][PASSED] - verifyElementText: Actual text and expected text of test object 'Object Repository/retailer admin All Repo/retailer_order_placement/key_press_orderList/Page_AppCohesion/h5_order HCKLR-IHMFX7Z1' are matched.

2018-10-26 15:44:57 - [MESSAGE][PASSED] - Actual text and expected text of test object 'Object Repository/retailer admin All Repo/retailer_order_placement/key_press_orderList/Page_AppCohesion/h5_order HCKLR-IHMFX7Z1' are matched.

2018-10-26 15:44:57 - [TEST_STEP][PASSED] - verifyElementVisible: Object 'Object Repository/retailer admin All Repo/retailer_order_placement/key_press_orderList/Page_AppCohesion/span_Email      snekalatha.rii' is visible

2018-10-26 15:44:57 - [MESSAGE][PASSED] - Object 'Object Repository/retailer admin All Repo/retailer_order_placement/key_press_orderList/Page_AppCohesion/span_Email      snekalatha.rii' is visible

2018-10-26 15:44:57 - [TEST_STEP][PASSED] - verifyElementText: Actual text and expected text of test object 'Object Repository/retailer admin All Repo/retailer_order_placement/key_press_orderList/Page_AppCohesion/h5_snekalatha.riinerds.com' are matched.

2018-10-26 15:44:57 - [MESSAGE][PASSED] - Actual text and expected text of test object 'Object Repository/retailer admin All Repo/retailer_order_placement/key_press_orderList/Page_AppCohesion/h5_snekalatha.riinerds.com' are matched.

2018-10-26 15:44:57 - [TEST_STEP][PASSED] - verifyElementVisible: Object 'Object Repository/retailer admin All Repo/retailer_order_placement/Page_AppCohesion/th_QUANTITY' is visible

2018-10-26 15:44:57 - [MESSAGE][PASSED] - Object 'Object Repository/retailer admin All Repo/retailer_order_placement/Page_AppCohesion/th_QUANTITY' is visible

2018-10-26 15:44:57 - [TEST_STEP][PASSED] - verifyElementVisible: Object 'Object Repository/retailer admin All Repo/retailer_order_placement/Page_AppCohesion/td_1' is visible

2018-10-26 15:44:57 - [MESSAGE][PASSED] - Object 'Object Repository/retailer admin All Repo/retailer_order_placement/Page_AppCohesion/td_1' is visible

2018-10-26 15:44:57 - [TEST_STEP][PASSED] - verifyElementText: Actual text and expected text of test object 'Object Repository/retailer admin All Repo/retailer_order_placement/Page_AppCohesion/td_1' are matched.

2018-10-26 15:44:57 - [MESSAGE][PASSED] - Actual text and expected text of test object 'Object Repository/retailer admin All Repo/retailer_order_placement/Page_AppCohesion/td_1' are matched.

2018-10-26 15:44:57 - [TEST_STEP][PASSED] - verifyElementVisible: Object 'Object Repository/retailer admin All Repo/retailer_order_placement/key_press_orderList/Page_AppCohesion/td_Green Supply' is visible

2018-10-26 15:44:57 - [MESSAGE][PASSED] - Object 'Object Repository/retailer admin All Repo/retailer_order_placement/key_press_orderList/Page_AppCohesion/td_Green Supply' is visible

2018-10-26 15:44:57 - [TEST_STEP][PASSED] - verifyElementText: Actual text and expected text of test object 'Object Repository/retailer admin All Repo/retailer_order_placement/key_press_orderList/Page_AppCohesion/td_Green Supply' are matched.

2018-10-26 15:44:57 - [MESSAGE][PASSED] - Actual text and expected text of test object 'Object Repository/retailer admin All Repo/retailer_order_placement/key_press_orderList/Page_AppCohesion/td_Green Supply' are matched.

2018-10-26 15:44:57 - [TEST_STEP][PASSED] - verifyElementVisible: Object 'Object Repository/retailer admin All Repo/retailer_order_placement/key_press_orderList/Page_AppCohesion/td_Completed' is visible

2018-10-26 15:44:57 - [MESSAGE][PASSED] - Object 'Object Repository/retailer admin All Repo/retailer_order_placement/key_press_orderList/Page_AppCohesion/td_Completed' is visible

2018-10-26 15:44:57 - [TEST_STEP][PASSED] - verifyElementText: Actual text and expected text of test object 'Object Repository/retailer admin All Repo/retailer_order_placement/key_press_orderList/Page_AppCohesion/td_Completed' are matched.

2018-10-26 15:44:57 - [MESSAGE][PASSED] - Actual text and expected text of test object 'Object Repository/retailer admin All Repo/retailer_order_placement/key_press_orderList/Page_AppCohesion/td_Completed' are matched.

2018-10-26 15:44:57 - [TEST_STEP][PASSED] - verifyElementVisible: Object 'Object Repository/retailer admin All Repo/retailer_order_placement/Page_AppCohesion/span_RACreation_close_order_de' is visible

2018-10-26 15:44:57 - [MESSAGE][PASSED] - Object 'Object Repository/retailer admin All Repo/retailer_order_placement/Page_AppCohesion/span_RACreation_close_order_de' is visible

2018-10-26 15:44:57 - [TEST_STEP][PASSED] - click: Object: 'Object Repository/retailer admin All Repo/retailer_order_placement/Page_AppCohesion/span_RACreation_close_order_de' is clicked on

2018-10-26 15:44:57 - [MESSAGE][PASSED] - Object: 'Object Repository/retailer admin All Repo/retailer_order_placement/Page_AppCohesion/span_RACreation_close_order_de' is clicked on

2018-10-26 15:44:57 - [TEST_STEP][PASSED] - waitForElementVisible: Object 'Object Repository/retailer admin All Repo/retailer_order_placement/key_press_orderList/Page_AppCohesion/close_search_icon' is visible

2018-10-26 15:44:57 - [MESSAGE][PASSED] - Object 'Object Repository/retailer admin All Repo/retailer_order_placement/key_press_orderList/Page_AppCohesion/close_search_icon' is visible

2018-10-26 15:44:57 - [TEST_STEP][PASSED] - verifyElementVisible: Object 'Object Repository/retailer admin All Repo/retailer_order_placement/key_press_orderList/Page_AppCohesion/close_search_icon' is visible

2018-10-26 15:44:57 - [MESSAGE][PASSED] - Object 'Object Repository/retailer admin All Repo/retailer_order_placement/key_press_orderList/Page_AppCohesion/close_search_icon' is visible

2018-10-26 15:44:57 - [TEST_STEP][FAILED] - check: Unable to check object 'Object Repository/retailer admin All Repo/retailer_order_placement/key_press_orderList/Page_AppCohesion/close_search_icon' (Root cause: org.openqa.selenium.WebDriverException: unknown error: Element <i _ngcontent-c13="" class="glyphicon glyphicon-search" id="clear_data" title="Clear search"></i> is not clickable at point (1301, 181). Other element would receive the click: <i _ngcontent-c13="" class="glyphicon glyphicon-search glyphicon-remove"></i>
  (Session info: chrome=70.0.3538.77)
  (Driver info: chromedriver=2.35.528161 (5b82f2d2aae0ca24b877009200ced9065a772e73),platform=Windows NT 6.3.9600 x86_64) (WARNING: The server did not provide any stacktrace information)
Command duration or timeout: 0 milliseconds
Build info: version: '3.7.1', revision: '8a0099a', time: '2017-11-06T21:07:36.161Z'
System info: host: 'IIA-DES-021', ip: '192.168.1.86', os.name: 'Windows 8.1', os.arch: 'amd64', os.version: '6.3', java.version: '1.8.0_181'
Driver info: com.kms.katalon.selenium.driver.CChromeDriver
Capabilities {acceptInsecureCerts: false, acceptSslCerts: false, applicationCacheEnabled: false, browserConnectionEnabled: false, browserName: chrome, chrome: {chromedriverVersion: 2.35.528161 (5b82f2d2aae0ca..., userDataDir: C:\Users\SNEKAL~1\AppData\L...}, cssSelectorsEnabled: true, databaseEnabled: false, handlesAlerts: true, hasTouchScreen: false, javascriptEnabled: true, locationContextEnabled: true, mobileEmulationEnabled: false, nativeEvents: true, networkConnectionEnabled: false, pageLoadStrategy: normal, platform: XP, platformName: XP, rotatable: false, setWindowRect: true, takesHeapSnapshot: true, takesScreenshot: true, unexpectedAlertBehaviour: , unhandledPromptBehavior: , version: 70.0.3538.77, webStorageEnabled: true}
Session ID: 222db3224103b52d7f987dc46a5e7281)

2018-10-26 15:44:58 - [MESSAGE][FAILED] - Unable to check object 'Object Repository/retailer admin All Repo/retailer_order_placement/key_press_orderList/Page_AppCohesion/close_search_icon' (Root cause: org.openqa.selenium.WebDriverException: unknown error: Element <i _ngcontent-c13="" class="glyphicon glyphicon-search" id="clear_data" title="Clear search"></i> is not clickable at point (1301, 181). Other element would receive the click: <i _ngcontent-c13="" class="glyphicon glyphicon-search glyphicon-remove"></i>
  (Session info: chrome=70.0.3538.77)
  (Driver info: chromedriver=2.35.528161 (5b82f2d2aae0ca24b877009200ced9065a772e73),platform=Windows NT 6.3.9600 x86_64) (WARNING: The server did not provide any stacktrace information)
Command duration or timeout: 0 milliseconds
Build info: version: '3.7.1', revision: '8a0099a', time: '2017-11-06T21:07:36.161Z'
System info: host: 'IIA-DES-021', ip: '192.168.1.86', os.name: 'Windows 8.1', os.arch: 'amd64', os.version: '6.3', java.version: '1.8.0_181'
Driver info: com.kms.katalon.selenium.driver.CChromeDriver
Capabilities {acceptInsecureCerts: false, acceptSslCerts: false, applicationCacheEnabled: false, browserConnectionEnabled: false, browserName: chrome, chrome: {chromedriverVersion: 2.35.528161 (5b82f2d2aae0ca..., userDataDir: C:\Users\SNEKAL~1\AppData\L...}, cssSelectorsEnabled: true, databaseEnabled: false, handlesAlerts: true, hasTouchScreen: false, javascriptEnabled: true, locationContextEnabled: true, mobileEmulationEnabled: false, nativeEvents: true, networkConnectionEnabled: false, pageLoadStrategy: normal, platform: XP, platformName: XP, rotatable: false, setWindowRect: true, takesHeapSnapshot: true, takesScreenshot: true, unexpectedAlertBehaviour: , unhandledPromptBehavior: , version: 70.0.3538.77, webStorageEnabled: true}
Session ID: 222db3224103b52d7f987dc46a5e7281)
[[ATTACHMENT|C:\\Users\\Snekalatha R\\git\\qa-automation-katolon-1\\Reports\\Retailer_test_suite\\20181026_154246\\1540548898012.png]]

2018-10-26 15:44:58 - [TEST_STEP][PASSED] - verifyElementVisible: Object 'Object Repository/retailer admin All Repo/retailer_order_placement/order_placement_verifymarkup/Page_AppCohesion/a_Dashboard              Dashb' is visible

2018-10-26 15:44:58 - [MESSAGE][PASSED] - Object 'Object Repository/retailer admin All Repo/retailer_order_placement/order_placement_verifymarkup/Page_AppCohesion/a_Dashboard              Dashb' is visible

2018-10-26 15:44:58 - [TEST_STEP][PASSED] - click: Object: 'Object Repository/retailer admin All Repo/retailer_order_placement/order_placement_verifymarkup/Page_AppCohesion/a_Dashboard              Dashb' is clicked on

2018-10-26 15:44:58 - [MESSAGE][PASSED] - Object: 'Object Repository/retailer admin All Repo/retailer_order_placement/order_placement_verifymarkup/Page_AppCohesion/a_Dashboard              Dashb' is clicked on]]></system-out>
         <system-err><![CDATA[2018-10-26 15:43:15 - [TEST_CASE][FAILED] - Test Cases/RetailerAdmin_Login_All_Functionality/order_placement_order_details/retaileradmin_order_placement: Test Cases/RetailerAdmin_Login_All_Functionality/order_placement_order_details/retaileradmin_order_placement FAILED because (of) (Stack trace: com.kms.katalon.core.exception.StepFailedException: Unable to check object 'Object Repository/retailer admin All Repo/retailer_order_placement/key_press_orderList/Page_AppCohesion/close_search_icon' (Root cause: org.openqa.selenium.WebDriverException: unknown error: Element <i _ngcontent-c13="" class="glyphicon glyphicon-search" id="clear_data" title="Clear search"></i> is not clickable at point (1301, 181). Other element would receive the click: <i _ngcontent-c13="" class="glyphicon glyphicon-search glyphicon-remove"></i>
  (Session info: chrome=70.0.3538.77)
  (Driver info: chromedriver=2.35.528161 (5b82f2d2aae0ca24b877009200ced9065a772e73),platform=Windows NT 6.3.9600 x86_64) (WARNING: The server did not provide any stacktrace information)
Command duration or timeout: 0 milliseconds
Build info: version: '3.7.1', revision: '8a0099a', time: '2017-11-06T21:07:36.161Z'
System info: host: 'IIA-DES-021', ip: '192.168.1.86', os.name: 'Windows 8.1', os.arch: 'amd64', os.version: '6.3', java.version: '1.8.0_181'
Driver info: com.kms.katalon.selenium.driver.CChromeDriver
Capabilities {acceptInsecureCerts: false, acceptSslCerts: false, applicationCacheEnabled: false, browserConnectionEnabled: false, browserName: chrome, chrome: {chromedriverVersion: 2.35.528161 (5b82f2d2aae0ca..., userDataDir: C:\Users\SNEKAL~1\AppData\L...}, cssSelectorsEnabled: true, databaseEnabled: false, handlesAlerts: true, hasTouchScreen: false, javascriptEnabled: true, locationContextEnabled: true, mobileEmulationEnabled: false, nativeEvents: true, networkConnectionEnabled: false, pageLoadStrategy: normal, platform: XP, platformName: XP, rotatable: false, setWindowRect: true, takesHeapSnapshot: true, takesScreenshot: true, unexpectedAlertBehaviour: , unhandledPromptBehavior: , version: 70.0.3538.77, webStorageEnabled: true}
Session ID: 222db3224103b52d7f987dc46a5e7281)
	at com.kms.katalon.core.keyword.internal.KeywordMain.stepFailed(KeywordMain.groovy:32)
	at com.kms.katalon.core.webui.keyword.internal.WebUIKeywordMain.stepFailed(WebUIKeywordMain.groovy:65)
	at com.kms.katalon.core.webui.keyword.internal.WebUIKeywordMain.runKeyword(WebUIKeywordMain.groovy:27)
	at com.kms.katalon.core.webui.keyword.builtin.CheckKeyword.check(CheckKeyword.groovy:88)
	at com.kms.katalon.core.webui.keyword.builtin.CheckKeyword.execute(CheckKeyword.groovy:67)
	at com.kms.katalon.core.keyword.internal.KeywordExecutor.executeKeywordForPlatform(KeywordExecutor.groovy:53)
	at com.kms.katalon.core.webui.keyword.WebUiBuiltInKeywords.check(WebUiBuiltInKeywords.groovy:1027)
	at com.kms.katalon.core.webui.keyword.WebUiBuiltInKeywords$check$16.call(Unknown Source)
	at org.codehaus.groovy.runtime.callsite.CallSiteArray.defaultCall(CallSiteArray.java:48)
	at org.codehaus.groovy.runtime.callsite.AbstractCallSite.call(AbstractCallSite.java:113)
	at org.codehaus.groovy.runtime.callsite.AbstractCallSite.call(AbstractCallSite.java:133)
	at Script1539598411543.run(Script1539598411543.groovy:234)
	at com.kms.katalon.core.main.ScriptEngine.run(ScriptEngine.java:183)
	at com.kms.katalon.core.main.ScriptEngine.runScriptAsRawText(ScriptEngine.java:108)
	at com.kms.katalon.core.main.TestCaseExecutor.runScript(TestCaseExecutor.java:294)
	at com.kms.katalon.core.main.TestCaseExecutor.doExecute(TestCaseExecutor.java:285)
	at com.kms.katalon.core.main.TestCaseExecutor.processExecutionPhase(TestCaseExecutor.java:264)
	at com.kms.katalon.core.main.TestCaseExecutor.accessMainPhase(TestCaseExecutor.java:256)
	at com.kms.katalon.core.main.TestCaseExecutor.execute(TestCaseExecutor.java:200)
	at com.kms.katalon.core.main.TestSuiteExecutor.accessTestCaseMainPhase(TestSuiteExecutor.java:129)
	at com.kms.katalon.core.main.TestSuiteExecutor.accessTestSuiteMainPhase(TestSuiteExecutor.java:112)
	at com.kms.katalon.core.main.TestSuiteExecutor.execute(TestSuiteExecutor.java:81)
	at com.kms.katalon.core.main.TestCaseMain.startTestSuite(TestCaseMain.java:142)
	at com.kms.katalon.core.main.TestCaseMain$startTestSuite$0.call(Unknown Source)
	at org.codehaus.groovy.runtime.callsite.CallSiteArray.defaultCall(CallSiteArray.java:48)
	at org.codehaus.groovy.runtime.callsite.AbstractCallSite.call(AbstractCallSite.java:113)
	at org.codehaus.groovy.runtime.callsite.AbstractCallSite.call(AbstractCallSite.java:141)
	at TempTestSuite1540548766188.run(TempTestSuite1540548766188.groovy:36)
	at groovy.lang.GroovyShell.runScriptOrMainOrTestOrRunnable(GroovyShell.java:263)
	at groovy.lang.GroovyShell.run(GroovyShell.java:518)
	at groovy.lang.GroovyShell.run(GroovyShell.java:507)
	at groovy.ui.GroovyMain.processOnce(GroovyMain.java:653)
	at groovy.ui.GroovyMain.run(GroovyMain.java:384)
	at groovy.ui.GroovyMain.process(GroovyMain.java:370)
	at groovy.ui.GroovyMain.processArgs(GroovyMain.java:129)
	at groovy.ui.GroovyMain.main(GroovyMain.java:109)
	at sun.reflect.NativeMethodAccessorImpl.invoke0(Native Method)
	at sun.reflect.NativeMethodAccessorImpl.invoke(NativeMethodAccessorImpl.java:62)
	at sun.reflect.DelegatingMethodAccessorImpl.invoke(DelegatingMethodAccessorImpl.java:43)
	at java.lang.reflect.Method.invoke(Method.java:498)
	at org.codehaus.groovy.tools.GroovyStarter.rootLoader(GroovyStarter.java:109)
	at org.codehaus.groovy.tools.GroovyStarter.main(GroovyStarter.java:131)
)]]></system-err>
      </testcase>
      <testcase name="Test Cases/RetailerAdmin_Login_All_Functionality/Product_details/search_products_details_datafile" classname="Test Cases/RetailerAdmin_Login_All_Functionality/Product_details/search_products_details_datafile" status="PASSED">
         <system-out><![CDATA[2018-10-26 15:44:58 - [TEST_CASE][PASSED] - Test Cases/RetailerAdmin_Login_All_Functionality/Product_details/search_products_details_datafile: Test Cases/RetailerAdmin_Login_All_Functionality/Product_details/search_products_details_datafile

2018-10-26 15:44:58 - [TEST_STEP][PASSED] - callTestCase: Call Test Case 'Test Cases/Call Test Case/Login_retailer_testcase' successfully

2018-10-26 15:44:58 - [TEST_CASE][PASSED] - Test Cases/Call Test Case/Login_retailer_testcase: Test Cases/Call Test Case/Login_retailer_testcase

2018-10-26 15:44:58 - [TEST_STEP][PASSED] - openBrowser: Browser is opened with url: 'http://localhost:4200/'

2018-10-26 15:44:58 - [MESSAGE][WARNING] - A browser is already opened. Closing browser and opening a new one

2018-10-26 15:45:05 - [MESSAGE][PASSED] - Browser is opened with url: 'http://localhost:4200/'

2018-10-26 15:45:05 - [TEST_STEP][PASSED] - maximizeWindow: Current window maximized

2018-10-26 15:45:06 - [MESSAGE][PASSED] - Current window maximized

2018-10-26 15:45:06 - [TEST_STEP][PASSED] - setText: Text 'RACreation@10_9' is set on object 'Object Repository/Login_OR/Page_AppCohesion/input_User Name_ac_username'

2018-10-26 15:45:06 - [MESSAGE][PASSED] - Text 'RACreation@10_9' is set on object 'Object Repository/Login_OR/Page_AppCohesion/input_User Name_ac_username'

2018-10-26 15:45:06 - [TEST_STEP][PASSED] - setText: Text 'RACreation@10_9' is set on object 'Object Repository/Login_OR/Page_AppCohesion/input_Password_ac_password'

2018-10-26 15:45:06 - [MESSAGE][PASSED] - Text 'RACreation@10_9' is set on object 'Object Repository/Login_OR/Page_AppCohesion/input_Password_ac_password'

2018-10-26 15:45:06 - [TEST_STEP][PASSED] - click: Object: 'Object Repository/Login_OR/Page_AppCohesion/button_Login Now' is clicked on

2018-10-26 15:45:06 - [MESSAGE][PASSED] - Object: 'Object Repository/Login_OR/Page_AppCohesion/button_Login Now' is clicked on

2018-10-26 15:45:06 - [TEST_STEP][PASSED] - waitForPageLoad: Wait for page load successfully

2018-10-26 15:45:06 - [MESSAGE][PASSED] - Wait for page load successfully

2018-10-26 15:45:06 - [MESSAGE][PASSED] - Call Test Case 'Test Cases/Call Test Case/Login_retailer_testcase' successfully

2018-10-26 15:45:06 - [TEST_STEP][PASSED] - Statement - For ([rowNum = 1, rowNum <= com.kms.katalon.core.testdata.TestDataFactory.findTestData(productdetailsdata).getRowNumbers(), (rowNum++)]): Reading CSV file with source file 'comma', separator 'containing header' and '{2}'

2018-10-26 15:45:06 - [TEST_STEP][PASSED] - setText: Text 'RUGER-UCSR7GCZ' is set on object 'Object Repository/retailer admin All Repo/Search Products Details/Page_AppCohesion/input_Settings_searchproduct'

2018-10-26 15:45:10 - [MESSAGE][PASSED] - Text 'RUGER-UCSR7GCZ' is set on object 'Object Repository/retailer admin All Repo/Search Products Details/Page_AppCohesion/input_Settings_searchproduct'

2018-10-26 15:45:10 - [TEST_STEP][PASSED] - verifyElementVisible: Object 'Object Repository/retailer admin All Repo/Search Products Details/Page_AppCohesion/button_Settings_searchbutton' is visible

2018-10-26 15:45:10 - [MESSAGE][PASSED] - Object 'Object Repository/retailer admin All Repo/Search Products Details/Page_AppCohesion/button_Settings_searchbutton' is visible

2018-10-26 15:45:10 - [TEST_STEP][PASSED] - verifyElementVisible: Object 'Object Repository/retailer admin All Repo/Search Products Details/Page_AppCohesion/input_Settings_searchproduct' is visible

2018-10-26 15:45:10 - [MESSAGE][PASSED] - Object 'Object Repository/retailer admin All Repo/Search Products Details/Page_AppCohesion/input_Settings_searchproduct' is visible

2018-10-26 15:45:10 - [TEST_STEP][PASSED] - click: Object: 'Object Repository/retailer admin All Repo/Search Products Details/Page_AppCohesion/button_Settings_searchbutton' is clicked on

2018-10-26 15:45:10 - [MESSAGE][PASSED] - Object: 'Object Repository/retailer admin All Repo/Search Products Details/Page_AppCohesion/button_Settings_searchbutton' is clicked on

2018-10-26 15:45:10 - [TEST_STEP][PASSED] - waitForPageLoad: Wait for page load successfully

2018-10-26 15:45:10 - [MESSAGE][PASSED] - Wait for page load successfully

2018-10-26 15:45:10 - [TEST_STEP][PASSED] - verifyElementVisible: Object 'Object Repository/retailer admin All Repo/Search Products Details/Page_AppCohesion/created_id/product_details_rowid' is visible

2018-10-26 15:45:12 - [MESSAGE][PASSED] - Object 'Object Repository/retailer admin All Repo/Search Products Details/Page_AppCohesion/created_id/product_details_rowid' is visible

2018-10-26 15:45:12 - [TEST_STEP][PASSED] - click: Object: 'Object Repository/retailer admin All Repo/Search Products Details/Page_AppCohesion/created_id/product_details_rowid' is clicked on

2018-10-26 15:45:12 - [MESSAGE][PASSED] - Object: 'Object Repository/retailer admin All Repo/Search Products Details/Page_AppCohesion/created_id/product_details_rowid' is clicked on

2018-10-26 15:45:12 - [TEST_STEP][PASSED] - verifyElementVisible: Object 'Object Repository/retailer admin All Repo/Search Products Details/Page_AppCohesion/created_id/product_title' is visible

2018-10-26 15:45:16 - [MESSAGE][PASSED] - Object 'Object Repository/retailer admin All Repo/Search Products Details/Page_AppCohesion/created_id/product_title' is visible

2018-10-26 15:45:16 - [TEST_STEP][PASSED] - verifyElementText: Actual text and expected text of test object 'Object Repository/retailer admin All Repo/Search Products Details/Page_AppCohesion/created_id/product_title' are matched.

2018-10-26 15:45:16 - [MESSAGE][PASSED] - Actual text and expected text of test object 'Object Repository/retailer admin All Repo/Search Products Details/Page_AppCohesion/created_id/product_title' are matched.

2018-10-26 15:45:16 - [TEST_STEP][PASSED] - verifyElementVisible: Object 'Object Repository/retailer admin All Repo/Search Products Details/Page_AppCohesion/created_id/manufaturer_header' is visible

2018-10-26 15:45:16 - [MESSAGE][PASSED] - Object 'Object Repository/retailer admin All Repo/Search Products Details/Page_AppCohesion/created_id/manufaturer_header' is visible

2018-10-26 15:45:16 - [TEST_STEP][PASSED] - verifyElementVisible: Object 'Object Repository/retailer admin All Repo/Search Products Details/Page_AppCohesion/created_id/manufacture_partno_id' is visible

2018-10-26 15:45:16 - [MESSAGE][PASSED] - Object 'Object Repository/retailer admin All Repo/Search Products Details/Page_AppCohesion/created_id/manufacture_partno_id' is visible

2018-10-26 15:45:16 - [TEST_STEP][PASSED] - verifyElementText: Actual text and expected text of test object 'Object Repository/retailer admin All Repo/Search Products Details/Page_AppCohesion/created_id/manufacture_partno_id' are matched.

2018-10-26 15:45:16 - [MESSAGE][PASSED] - Actual text and expected text of test object 'Object Repository/retailer admin All Repo/Search Products Details/Page_AppCohesion/created_id/manufacture_partno_id' are matched.

2018-10-26 15:45:16 - [TEST_STEP][PASSED] - verifyElementVisible: Object 'Object Repository/retailer admin All Repo/Search Products Details/Page_AppCohesion/created_id/manufacture_name_header' is visible

2018-10-26 15:45:16 - [MESSAGE][PASSED] - Object 'Object Repository/retailer admin All Repo/Search Products Details/Page_AppCohesion/created_id/manufacture_name_header' is visible

2018-10-26 15:45:16 - [TEST_STEP][PASSED] - verifyElementVisible: Object 'Object Repository/retailer admin All Repo/Search Products Details/Page_AppCohesion/created_id/manufacture_name' is visible

2018-10-26 15:45:16 - [MESSAGE][PASSED] - Object 'Object Repository/retailer admin All Repo/Search Products Details/Page_AppCohesion/created_id/manufacture_name' is visible

2018-10-26 15:45:16 - [TEST_STEP][PASSED] - verifyElementText: Actual text and expected text of test object 'Object Repository/retailer admin All Repo/Search Products Details/Page_AppCohesion/created_id/manufacture_name' are matched.

2018-10-26 15:45:16 - [MESSAGE][PASSED] - Actual text and expected text of test object 'Object Repository/retailer admin All Repo/Search Products Details/Page_AppCohesion/created_id/manufacture_name' are matched.

2018-10-26 15:45:16 - [TEST_STEP][PASSED] - verifyElementVisible: Object 'Object Repository/retailer admin All Repo/Search Products Details/Page_AppCohesion/created_id/distributor_header' is visible

2018-10-26 15:45:16 - [MESSAGE][PASSED] - Object 'Object Repository/retailer admin All Repo/Search Products Details/Page_AppCohesion/created_id/distributor_header' is visible

2018-10-26 15:45:16 - [TEST_STEP][PASSED] - verifyElementVisible: Object 'Object Repository/retailer admin All Repo/Search Products Details/Page_AppCohesion/created_id/distributorname_id' is visible

2018-10-26 15:45:16 - [MESSAGE][PASSED] - Object 'Object Repository/retailer admin All Repo/Search Products Details/Page_AppCohesion/created_id/distributorname_id' is visible

2018-10-26 15:45:16 - [TEST_STEP][PASSED] - verifyElementText: Actual text and expected text of test object 'Object Repository/retailer admin All Repo/Search Products Details/Page_AppCohesion/created_id/distributorname_id' are matched.

2018-10-26 15:45:16 - [MESSAGE][PASSED] - Actual text and expected text of test object 'Object Repository/retailer admin All Repo/Search Products Details/Page_AppCohesion/created_id/distributorname_id' are matched.

2018-10-26 15:45:16 - [TEST_STEP][PASSED] - verifyElementVisible: Object 'Object Repository/retailer admin All Repo/Search Products Details/Page_AppCohesion/upc_header' is visible

2018-10-26 15:45:16 - [MESSAGE][PASSED] - Object 'Object Repository/retailer admin All Repo/Search Products Details/Page_AppCohesion/upc_header' is visible

2018-10-26 15:45:16 - [TEST_STEP][PASSED] - verifyElementVisible: Object 'Object Repository/retailer admin All Repo/Search Products Details/Page_AppCohesion/upc_noid' is visible

2018-10-26 15:45:16 - [MESSAGE][PASSED] - Object 'Object Repository/retailer admin All Repo/Search Products Details/Page_AppCohesion/upc_noid' is visible

2018-10-26 15:45:16 - [TEST_STEP][PASSED] - verifyElementText: Actual text and expected text of test object 'Object Repository/retailer admin All Repo/Search Products Details/Page_AppCohesion/upc_noid' are matched.

2018-10-26 15:45:16 - [MESSAGE][PASSED] - Actual text and expected text of test object 'Object Repository/retailer admin All Repo/Search Products Details/Page_AppCohesion/upc_noid' are matched.

2018-10-26 15:45:16 - [TEST_STEP][PASSED] - verifyElementVisible: Object 'Object Repository/retailer admin All Repo/Search Products Details/Page_AppCohesion/created_id/baseprice_header' is visible

2018-10-26 15:45:16 - [MESSAGE][PASSED] - Object 'Object Repository/retailer admin All Repo/Search Products Details/Page_AppCohesion/created_id/baseprice_header' is visible

2018-10-26 15:45:16 - [TEST_STEP][PASSED] - verifyElementVisible: Object 'Object Repository/retailer admin All Repo/Search Products Details/Page_AppCohesion/created_id/baseprice_id' is visible

2018-10-26 15:45:16 - [MESSAGE][PASSED] - Object 'Object Repository/retailer admin All Repo/Search Products Details/Page_AppCohesion/created_id/baseprice_id' is visible

2018-10-26 15:45:16 - [TEST_STEP][PASSED] - verifyElementText: Actual text and expected text of test object 'Object Repository/retailer admin All Repo/Search Products Details/Page_AppCohesion/created_id/baseprice_id' are matched.

2018-10-26 15:45:16 - [MESSAGE][PASSED] - Actual text and expected text of test object 'Object Repository/retailer admin All Repo/Search Products Details/Page_AppCohesion/created_id/baseprice_id' are matched.

2018-10-26 15:45:16 - [TEST_STEP][PASSED] - verifyElementVisible: Object 'Object Repository/retailer admin All Repo/Search Products Details/Page_AppCohesion/created_id/markup_header' is visible

2018-10-26 15:45:16 - [MESSAGE][PASSED] - Object 'Object Repository/retailer admin All Repo/Search Products Details/Page_AppCohesion/created_id/markup_header' is visible

2018-10-26 15:45:16 - [TEST_STEP][PASSED] - verifyElementVisible: Object 'Object Repository/retailer admin All Repo/Search Products Details/Page_AppCohesion/created_id/markup_id' is visible

2018-10-26 15:45:16 - [MESSAGE][PASSED] - Object 'Object Repository/retailer admin All Repo/Search Products Details/Page_AppCohesion/created_id/markup_id' is visible

2018-10-26 15:45:16 - [TEST_STEP][PASSED] - verifyElementText: Actual text and expected text of test object 'Object Repository/retailer admin All Repo/Search Products Details/Page_AppCohesion/created_id/markup_id' are matched.

2018-10-26 15:45:16 - [MESSAGE][PASSED] - Actual text and expected text of test object 'Object Repository/retailer admin All Repo/Search Products Details/Page_AppCohesion/created_id/markup_id' are matched.

[...]

2018-10-26 15:53:44 - [MESSAGE][PASSED] - Object 'Object Repository/retailer admin All Repo/inventory retailer markup repo/common search product' is visible

2018-10-26 15:53:44 - [TEST_STEP][PASSED] - setText: Text 'RUGER-UCSR7GCZ' is set on object 'Object Repository/retailer admin All Repo/inventory retailer markup repo/common search product'

2018-10-26 15:53:45 - [MESSAGE][PASSED] - Text 'RUGER-UCSR7GCZ' is set on object 'Object Repository/retailer admin All Repo/inventory retailer markup repo/common search product'

2018-10-26 15:53:45 - [TEST_STEP][PASSED] - verifyElementVisible: Object 'Object Repository/retailer admin All Repo/Search Products Details/Page_AppCohesion/button_Settings_searchbutton' is visible

2018-10-26 15:53:45 - [MESSAGE][PASSED] - Object 'Object Repository/retailer admin All Repo/Search Products Details/Page_AppCohesion/button_Settings_searchbutton' is visible

2018-10-26 15:53:45 - [TEST_STEP][PASSED] - click: Object: 'Object Repository/retailer admin All Repo/Search Products Details/Page_AppCohesion/button_Settings_searchbutton' is clicked on

2018-10-26 15:53:45 - [MESSAGE][PASSED] - Object: 'Object Repository/retailer admin All Repo/Search Products Details/Page_AppCohesion/button_Settings_searchbutton' is clicked on

2018-10-26 15:53:45 - [TEST_STEP][PASSED] - verifyElementVisible: Object 'Object Repository/retailer admin All Repo/Search Products Details/Page_AppCohesion/td_Ruger LC LCP' is visible

2018-10-26 15:53:47 - [MESSAGE][PASSED] - Object 'Object Repository/retailer admin All Repo/Search Products Details/Page_AppCohesion/td_Ruger LC LCP' is visible

2018-10-26 15:53:47 - [TEST_STEP][PASSED] - click: Object: 'Object Repository/retailer admin All Repo/Search Products Details/Page_AppCohesion/td_Ruger LC LCP' is clicked on

2018-10-26 15:53:47 - [MESSAGE][PASSED] - Object: 'Object Repository/retailer admin All Repo/Search Products Details/Page_AppCohesion/td_Ruger LC LCP' is clicked on

2018-10-26 15:53:47 - [TEST_STEP][PASSED] - verifyElementVisible: Object 'Object Repository/retailer admin All Repo/Search Products Details/Page_AppCohesion/h2_Ruger LC LCP' is visible

2018-10-26 15:53:49 - [MESSAGE][PASSED] - Object 'Object Repository/retailer admin All Repo/Search Products Details/Page_AppCohesion/h2_Ruger LC LCP' is visible

2018-10-26 15:53:49 - [TEST_STEP][PASSED] - verifyElementText: Actual text and expected text of test object 'Object Repository/retailer admin All Repo/Search Products Details/Page_AppCohesion/h2_Ruger LC LCP' are matched.

2018-10-26 15:53:49 - [MESSAGE][PASSED] - Actual text and expected text of test object 'Object Repository/retailer admin All Repo/Search Products Details/Page_AppCohesion/h2_Ruger LC LCP' are matched.

2018-10-26 15:53:49 - [TEST_STEP][PASSED] - verifyElementVisible: Object 'Object Repository/retailer admin All Repo/inventory retailer markup repo/Page_AppCohesion/Page_AppCohesion/span_Base Price180.00' is visible

2018-10-26 15:53:49 - [MESSAGE][PASSED] - Object 'Object Repository/retailer admin All Repo/inventory retailer markup repo/Page_AppCohesion/Page_AppCohesion/span_Base Price180.00' is visible

2018-10-26 15:53:49 - [TEST_STEP][PASSED] - verifyElementText: Actual text and expected text of test object 'Object Repository/retailer admin All Repo/inventory retailer markup repo/Page_AppCohesion/Page_AppCohesion/strong_180.00' are matched.

2018-10-26 15:53:49 - [MESSAGE][PASSED] - Actual text and expected text of test object 'Object Repository/retailer admin All Repo/inventory retailer markup repo/Page_AppCohesion/Page_AppCohesion/strong_180.00' are matched.

2018-10-26 15:53:49 - [TEST_STEP][PASSED] - verifyElementVisible: Object 'Object Repository/retailer admin All Repo/inventory retailer markup repo/Page_AppCohesion/Page_AppCohesion/strong_12.80' is visible

2018-10-26 15:53:49 - [MESSAGE][PASSED] - Object 'Object Repository/retailer admin All Repo/inventory retailer markup repo/Page_AppCohesion/Page_AppCohesion/strong_12.80' is visible

2018-10-26 15:53:49 - [TEST_STEP][PASSED] - verifyElementText: Actual text and expected text of test object 'Object Repository/retailer admin All Repo/inventory retailer markup repo/Page_AppCohesion/Page_AppCohesion/strong_12.80' are matched.

2018-10-26 15:53:49 - [MESSAGE][PASSED] - Actual text and expected text of test object 'Object Repository/retailer admin All Repo/inventory retailer markup repo/Page_AppCohesion/Page_AppCohesion/strong_12.80' are matched.

2018-10-26 15:53:49 - [TEST_STEP][PASSED] - verifyElementVisible: Object 'Object Repository/retailer admin All Repo/inventory retailer markup repo/Page_AppCohesion/Page_AppCohesion/span_Amount Payable203.04' is visible

2018-10-26 15:53:49 - [MESSAGE][PASSED] - Object 'Object Repository/retailer admin All Repo/inventory retailer markup repo/Page_AppCohesion/Page_AppCohesion/span_Amount Payable203.04' is visible

2018-10-26 15:53:49 - [TEST_STEP][PASSED] - verifyElementVisible: Object 'Object Repository/retailer admin All Repo/inventory retailer markup repo/Page_AppCohesion/Page_AppCohesion/strong_203.04' is visible

2018-10-26 15:53:49 - [MESSAGE][PASSED] - Object 'Object Repository/retailer admin All Repo/inventory retailer markup repo/Page_AppCohesion/Page_AppCohesion/strong_203.04' is visible

2018-10-26 15:53:49 - [TEST_STEP][PASSED] - verifyElementText: Actual text and expected text of test object 'Object Repository/retailer admin All Repo/inventory retailer markup repo/Page_AppCohesion/Page_AppCohesion/strong_203.04' are matched.

2018-10-26 15:53:49 - [MESSAGE][PASSED] - Actual text and expected text of test object 'Object Repository/retailer admin All Repo/inventory retailer markup repo/Page_AppCohesion/Page_AppCohesion/strong_203.04' are matched.

2018-10-26 15:53:49 - [TEST_STEP][PASSED] - click: Object: 'Object Repository/retailer admin All Repo/inventory retailer markup repo/Page_AppCohesion/Page_AppCohesion/h4_Only 25 left in stock' is clicked on

2018-10-26 15:53:49 - [MESSAGE][PASSED] - Object: 'Object Repository/retailer admin All Repo/inventory retailer markup repo/Page_AppCohesion/Page_AppCohesion/h4_Only 25 left in stock' is clicked on

2018-10-26 15:53:49 - [TEST_STEP][PASSED] - verifyElementVisible: Object 'Object Repository/retailer admin All Repo/inventory retailer markup repo/Page_AppCohesion/Page_AppCohesion/span_25' is visible

2018-10-26 15:53:49 - [MESSAGE][PASSED] - Object 'Object Repository/retailer admin All Repo/inventory retailer markup repo/Page_AppCohesion/Page_AppCohesion/span_25' is visible

2018-10-26 15:53:49 - [TEST_STEP][PASSED] - verifyElementText: Actual text and expected text of test object 'Object Repository/retailer admin All Repo/inventory retailer markup repo/Page_AppCohesion/Page_AppCohesion/span_25' are matched.

2018-10-26 15:53:49 - [MESSAGE][PASSED] - Actual text and expected text of test object 'Object Repository/retailer admin All Repo/inventory retailer markup repo/Page_AppCohesion/Page_AppCohesion/span_25' are matched.

2018-10-26 15:53:49 - [TEST_STEP][PASSED] - verifyElementVisible: Object 'Object Repository/retailer admin All Repo/inventory retailer markup repo/Page_AppCohesion/a_Back to Search' is visible

2018-10-26 15:53:49 - [MESSAGE][PASSED] - Object 'Object Repository/retailer admin All Repo/inventory retailer markup repo/Page_AppCohesion/a_Back to Search' is visible

2018-10-26 15:53:49 - [TEST_STEP][PASSED] - click: Object: 'Object Repository/retailer admin All Repo/inventory retailer markup repo/Page_AppCohesion/a_Back to Search' is clicked on

2018-10-26 15:53:49 - [MESSAGE][PASSED] - Object: 'Object Repository/retailer admin All Repo/inventory retailer markup repo/Page_AppCohesion/a_Back to Search' is clicked on

2018-10-26 15:53:49 - [TEST_STEP][PASSED] - waitForPageLoad: Wait for page load successfully

2018-10-26 15:53:49 - [MESSAGE][PASSED] - Wait for page load successfully

2018-10-26 15:53:49 - [TEST_STEP][PASSED] - waitForElementVisible: Object 'Object Repository/retailer admin All Repo/inventory retailer markup repo/Page_AppCohesion/a_Dashboard              Dashb' is visible

2018-10-26 15:53:49 - [MESSAGE][PASSED] - Object 'Object Repository/retailer admin All Repo/inventory retailer markup repo/Page_AppCohesion/a_Dashboard              Dashb' is visible

2018-10-26 15:53:49 - [TEST_STEP][PASSED] - click: Object: 'Object Repository/retailer admin All Repo/inventory retailer markup repo/Page_AppCohesion/a_Dashboard              Dashb' is clicked on

2018-10-26 15:53:50 - [MESSAGE][PASSED] - Object: 'Object Repository/retailer admin All Repo/inventory retailer markup repo/Page_AppCohesion/a_Dashboard              Dashb' is clicked on]]></system-out>
         <system-err><![CDATA[]]></system-err>
      </testcase>
      <system-out><![CDATA[2018-10-26 15:42:47 - [TEST_SUITE][FAILED] - Retailer_test_suite: Test Cases/RetailerAdmin_Login_All_Functionality/order_placement_order_details/retaileradmin_order_placement FAILED because (of) (Stack trace: com.kms.katalon.core.exception.StepFailedException: Unable to check object 'Object Repository/retailer admin All Repo/retailer_order_placement/key_press_orderList/Page_AppCohesion/close_search_icon' (Root cause: org.openqa.selenium.WebDriverException: unknown error: Element <i _ngcontent-c13="" class="glyphicon glyphicon-search" id="clear_data" title="Clear search"></i> is not clickable at point (1301, 181). Other element would receive the click: <i _ngcontent-c13="" class="glyphicon glyphicon-search glyphicon-remove"></i>
  (Session info: chrome=70.0.3538.77)
  (Driver info: chromedriver=2.35.528161 (5b82f2d2aae0ca24b877009200ced9065a772e73),platform=Windows NT 6.3.9600 x86_64) (WARNING: The server did not provide any stacktrace information)
Command duration or timeout: 0 milliseconds
Build info: version: '3.7.1', revision: '8a0099a', time: '2017-11-06T21:07:36.161Z'
System info: host: 'IIA-DES-021', ip: '192.168.1.86', os.name: 'Windows 8.1', os.arch: 'amd64', os.version: '6.3', java.version: '1.8.0_181'
Driver info: com.kms.katalon.selenium.driver.CChromeDriver
Capabilities {acceptInsecureCerts: false, acceptSslCerts: false, applicationCacheEnabled: false, browserConnectionEnabled: false, browserName: chrome, chrome: {chromedriverVersion: 2.35.528161 (5b82f2d2aae0ca..., userDataDir: C:\Users\SNEKAL~1\AppData\L...}, cssSelectorsEnabled: true, databaseEnabled: false, handlesAlerts: true, hasTouchScreen: false, javascriptEnabled: true, locationContextEnabled: true, mobileEmulationEnabled: false, nativeEvents: true, networkConnectionEnabled: false, pageLoadStrategy: normal, platform: XP, platformName: XP, rotatable: false, setWindowRect: true, takesHeapSnapshot: true, takesScreenshot: true, unexpectedAlertBehaviour: , unhandledPromptBehavior: , version: 70.0.3538.77, webStorageEnabled: true}
Session ID: 222db3224103b52d7f987dc46a5e7281)
	at com.kms.katalon.core.keyword.internal.KeywordMain.stepFailed(KeywordMain.groovy:32)
	at com.kms.katalon.core.webui.keyword.internal.WebUIKeywordMain.stepFailed(WebUIKeywordMain.groovy:65)
	at com.kms.katalon.core.webui.keyword.internal.WebUIKeywordMain.runKeyword(WebUIKeywordMain.groovy:27)
	at com.kms.katalon.core.webui.keyword.builtin.CheckKeyword.check(CheckKeyword.groovy:88)
	at com.kms.katalon.core.webui.keyword.builtin.CheckKeyword.execute(CheckKeyword.groovy:67)
	at com.kms.katalon.core.keyword.internal.KeywordExecutor.executeKeywordForPlatform(KeywordExecutor.groovy:53)
	at com.kms.katalon.core.webui.keyword.WebUiBuiltInKeywords.check(WebUiBuiltInKeywords.groovy:1027)
	at com.kms.katalon.core.webui.keyword.WebUiBuiltInKeywords$check$16.call(Unknown Source)
	at org.codehaus.groovy.runtime.callsite.CallSiteArray.defaultCall(CallSiteArray.java:48)
	at org.codehaus.groovy.runtime.callsite.AbstractCallSite.call(AbstractCallSite.java:113)
	at org.codehaus.groovy.runtime.callsite.AbstractCallSite.call(AbstractCallSite.java:133)
	at Script1539598411543.run(Script1539598411543.groovy:234)
	at com.kms.katalon.core.main.ScriptEngine.run(ScriptEngine.java:183)
	at com.kms.katalon.core.main.ScriptEngine.runScriptAsRawText(ScriptEngine.java:108)
	at com.kms.katalon.core.main.TestCaseExecutor.runScript(TestCaseExecutor.java:294)
	at com.kms.katalon.core.main.TestCaseExecutor.doExecute(TestCaseExecutor.java:285)
	at com.kms.katalon.core.main.TestCaseExecutor.processExecutionPhase(TestCaseExecutor.java:264)
	at com.kms.katalon.core.main.TestCaseExecutor.accessMainPhase(TestCaseExecutor.java:256)
	at com.kms.katalon.core.main.TestCaseExecutor.execute(TestCaseExecutor.java:200)
	at com.kms.katalon.core.main.TestSuiteExecutor.accessTestCaseMainPhase(TestSuiteExecutor.java:129)
	at com.kms.katalon.core.main.TestSuiteExecutor.accessTestSuiteMainPhase(TestSuiteExecutor.java:112)
	at com.kms.katalon.core.main.TestSuiteExecutor.execute(TestSuiteExecutor.java:81)
	at com.kms.katalon.core.main.TestCaseMain.startTestSuite(TestCaseMain.java:142)
	at com.kms.katalon.core.main.TestCaseMain$startTestSuite$0.call(Unknown Source)
	at org.codehaus.groovy.runtime.callsite.CallSiteArray.defaultCall(CallSiteArray.java:48)
	at org.codehaus.groovy.runtime.callsite.AbstractCallSite.call(AbstractCallSite.java:113)
	at org.codehaus.groovy.runtime.callsite.AbstractCallSite.call(AbstractCallSite.java:141)
	at TempTestSuite1540548766188.run(TempTestSuite1540548766188.groovy:36)
	at groovy.lang.GroovyShell.runScriptOrMainOrTestOrRunnable(GroovyShell.java:263)
	at groovy.lang.GroovyShell.run(GroovyShell.java:518)
	at groovy.lang.GroovyShell.run(GroovyShell.java:507)
	at groovy.ui.GroovyMain.processOnce(GroovyMain.java:653)
	at groovy.ui.GroovyMain.run(GroovyMain.java:384)
	at groovy.ui.GroovyMain.process(GroovyMain.java:370)
	at groovy.ui.GroovyMain.processArgs(GroovyMain.java:129)
	at groovy.ui.GroovyMain.main(GroovyMain.java:109)
	at sun.reflect.NativeMethodAccessorImpl.invoke0(Native Method)
	at sun.reflect.NativeMethodAccessorImpl.invoke(NativeMethodAccessorImpl.java:62)
	at sun.reflect.DelegatingMethodAccessorImpl.invoke(DelegatingMethodAccessorImpl.java:43)
	at java.lang.reflect.Method.invoke(Method.java:498)
	at org.codehaus.groovy.tools.GroovyStarter.rootLoader(GroovyStarter.java:109)
	at org.codehaus.groovy.tools.GroovyStarter.main(GroovyStarter.java:131)
)]]></system-out>
      <system-err><![CDATA[2018-10-26 15:42:47 - [TEST_SUITE][FAILED] - Retailer_test_suite: Test Cases/RetailerAdmin_Login_All_Functionality/order_placement_order_details/retaileradmin_order_placement FAILED because (of) (Stack trace: com.kms.katalon.core.exception.StepFailedException: Unable to check object 'Object Repository/retailer admin All Repo/retailer_order_placement/key_press_orderList/Page_AppCohesion/close_search_icon' (Root cause: org.openqa.selenium.WebDriverException: unknown error: Element <i _ngcontent-c13="" class="glyphicon glyphicon-search" id="clear_data" title="Clear search"></i> is not clickable at point (1301, 181). Other element would receive the click: <i _ngcontent-c13="" class="glyphicon glyphicon-search glyphicon-remove"></i>
  (Session info: chrome=70.0.3538.77)
  (Driver info: chromedriver=2.35.528161 (5b82f2d2aae0ca24b877009200ced9065a772e73),platform=Windows NT 6.3.9600 x86_64) (WARNING: The server did not provide any stacktrace information)
Command duration or timeout: 0 milliseconds
Build info: version: '3.7.1', revision: '8a0099a', time: '2017-11-06T21:07:36.161Z'
System info: host: 'IIA-DES-021', ip: '192.168.1.86', os.name: 'Windows 8.1', os.arch: 'amd64', os.version: '6.3', java.version: '1.8.0_181'
Driver info: com.kms.katalon.selenium.driver.CChromeDriver
Capabilities {acceptInsecureCerts: false, acceptSslCerts: false, applicationCacheEnabled: false, browserConnectionEnabled: false, browserName: chrome, chrome: {chromedriverVersion: 2.35.528161 (5b82f2d2aae0ca..., userDataDir: C:\Users\SNEKAL~1\AppData\L...}, cssSelectorsEnabled: true, databaseEnabled: false, handlesAlerts: true, hasTouchScreen: false, javascriptEnabled: true, locationContextEnabled: true, mobileEmulationEnabled: false, nativeEvents: true, networkConnectionEnabled: false, pageLoadStrategy: normal, platform: XP, platformName: XP, rotatable: false, setWindowRect: true, takesHeapSnapshot: true, takesScreenshot: true, unexpectedAlertBehaviour: , unhandledPromptBehavior: , version: 70.0.3538.77, webStorageEnabled: true}
Session ID: 222db3224103b52d7f987dc46a5e7281)
	at com.kms.katalon.core.keyword.internal.KeywordMain.stepFailed(KeywordMain.groovy:32)
	at com.kms.katalon.core.webui.keyword.internal.WebUIKeywordMain.stepFailed(WebUIKeywordMain.groovy:65)
	at com.kms.katalon.core.webui.keyword.internal.WebUIKeywordMain.runKeyword(WebUIKeywordMain.groovy:27)
	at com.kms.katalon.core.webui.keyword.builtin.CheckKeyword.check(CheckKeyword.groovy:88)
	at com.kms.katalon.core.webui.keyword.builtin.CheckKeyword.execute(CheckKeyword.groovy:67)
	at com.kms.katalon.core.keyword.internal.KeywordExecutor.executeKeywordForPlatform(KeywordExecutor.groovy:53)
	at com.kms.katalon.core.webui.keyword.WebUiBuiltInKeywords.check(WebUiBuiltInKeywords.groovy:1027)
	at com.kms.katalon.core.webui.keyword.WebUiBuiltInKeywords$check$16.call(Unknown Source)
	at org.codehaus.groovy.runtime.callsite.CallSiteArray.defaultCall(CallSiteArray.java:48)
	at org.codehaus.groovy.runtime.callsite.AbstractCallSite.call(AbstractCallSite.java:113)
	at org.codehaus.groovy.runtime.callsite.AbstractCallSite.call(AbstractCallSite.java:133)
	at Script1539598411543.run(Script1539598411543.groovy:234)
	at com.kms.katalon.core.main.ScriptEngine.run(ScriptEngine.java:183)
	at com.kms.katalon.core.main.ScriptEngine.runScriptAsRawText(ScriptEngine.java:108)
	at com.kms.katalon.core.main.TestCaseExecutor.runScript(TestCaseExecutor.java:294)
	at com.kms.katalon.core.main.TestCaseExecutor.doExecute(TestCaseExecutor.java:285)
	at com.kms.katalon.core.main.TestCaseExecutor.processExecutionPhase(TestCaseExecutor.java:264)
	at com.kms.katalon.core.main.TestCaseExecutor.accessMainPhase(TestCaseExecutor.java:256)
	at com.kms.katalon.core.main.TestCaseExecutor.execute(TestCaseExecutor.java:200)
	at com.kms.katalon.core.main.TestSuiteExecutor.accessTestCaseMainPhase(TestSuiteExecutor.java:129)
	at com.kms.katalon.core.main.TestSuiteExecutor.accessTestSuiteMainPhase(TestSuiteExecutor.java:112)
	at com.kms.katalon.core.main.TestSuiteExecutor.execute(TestSuiteExecutor.java:81)
	at com.kms.katalon.core.main.TestCaseMain.startTestSuite(TestCaseMain.java:142)
	at com.kms.katalon.core.main.TestCaseMain$startTestSuite$0.call(Unknown Source)
	at org.codehaus.groovy.runtime.callsite.CallSiteArray.defaultCall(CallSiteArray.java:48)
	at org.codehaus.groovy.runtime.callsite.AbstractCallSite.call(AbstractCallSite.java:113)
	at org.codehaus.groovy.runtime.callsite.AbstractCallSite.call(AbstractCallSite.java:141)
	at TempTestSuite1540548766188.run(TempTestSuite1540548766188.groovy:36)
	at groovy.lang.GroovyShell.runScriptOrMainOrTestOrRunnable(GroovyShell.java:263)
	at groovy.lang.GroovyShell.run(GroovyShell.java:518)
	at groovy.lang.GroovyShell.run(GroovyShell.java:507)
	at groovy.ui.GroovyMain.processOnce(GroovyMain.java:653)
	at groovy.ui.GroovyMain.run(GroovyMain.java:384)
	at groovy.ui.GroovyMain.process(GroovyMain.java:370)
	at groovy.ui.GroovyMain.processArgs(GroovyMain.java:129)
	at groovy.ui.GroovyMain.main(GroovyMain.java:109)
	at sun.reflect.NativeMethodAccessorImpl.invoke0(Native Method)
	at sun.reflect.NativeMethodAccessorImpl.invoke(NativeMethodAccessorImpl.java:62)
	at sun.reflect.DelegatingMethodAccessorImpl.invoke(DelegatingMethodAccessorImpl.java:43)
	at java.lang.reflect.Method.invoke(Method.java:498)
	at org.codehaus.groovy.tools.GroovyStarter.rootLoader(GroovyStarter.java:109)
	at org.codehaus.groovy.tools.GroovyStarter.main(GroovyStarter.java:131)
)]]></system-err>
   </testsuite>
</testsuites>
