<?xml version="1.0" encoding="UTF-8"?>
<testsuites name="Retailer_test_suite" time="506" tests="6" failures="0" errors="0">
   <testsuite name="Retailer_test_suite" tests="6" failures="0" errors="0" time="506" timestamp="2018-11-21 16:24:17" hostname="Snekalatha R - IIA-DES-021" id="Test Suites/Retailer_test_suite">
      <properties>
         <property name="deviceName" value=""/>
         <property name="devicePlatform" value=""/>
         <property name="logFolder" value="C:\\Users\\Snekalatha R\\git\\qa-automation-katolon-1\\Reports\\Retailer_test_suite\\20181121_162413"/>
         <property name="logFiles" value="C:\\Users\\Snekalatha R\\git\\qa-automation-katolon-1\\Reports\\Retailer_test_suite\\20181121_162413\\execution0.log"/>
         <property name="attachments" value=""/>
         <property name="hostName" value="Snekalatha R - IIA-DES-021"/>
         <property name="os" value="Windows 8.1 64bit"/>
         <property name="katalonVersion" value="5.7.1.1"/>
         <property name="browser" value="Chrome 70.0.3538.102"/>
         <property name="hostAddress" value="192.168.1.86"/>
         <property name="sessionId" value="f2a292ddde44676bab5dc6b13faef52e"/>
         <property name="seleniumVersion" value="3.7.1"/>
         <property name="proxyInformation" value="ProxyInformation{proxyOption=NO_PROXY, proxyServerType=HTTP, password=, proxyServerAddress=, proxyServerPort=0}"/>
         <property name="platform" value="Windows 8.1"/>
      </properties>
      <testcase name="Test Cases/RetailerAdmin_Login_All_Functionality/Retailer_Employee_management/retailer_employeeView" classname="Test Cases/RetailerAdmin_Login_All_Functionality/Retailer_Employee_management/retailer_employeeView" status="PASSED">
         <system-out><![CDATA[2018-11-21 16:24:17 - [TEST_CASE][PASSED] - Test Cases/RetailerAdmin_Login_All_Functionality/Retailer_Employee_management/retailer_employeeView: Test Cases/RetailerAdmin_Login_All_Functionality/Retailer_Employee_management/retailer_employeeView

2018-11-21 16:24:18 - [TEST_STEP][PASSED] - callTestCase: Call Test Case 'Test Cases/Call Test Case/Login_retailer_testcase' successfully

2018-11-21 16:24:18 - [TEST_CASE][PASSED] - Test Cases/Call Test Case/Login_retailer_testcase: Test Cases/Call Test Case/Login_retailer_testcase

2018-11-21 16:24:18 - [TEST_STEP][PASSED] - openBrowser: Browser is opened with url: 'https://app-qa.appcohesion.io/'

2018-11-21 16:24:28 - [MESSAGE][PASSED] - Browser is opened with url: 'https://app-qa.appcohesion.io/'

2018-11-21 16:24:28 - [TEST_STEP][PASSED] - maximizeWindow: Current window maximized

2018-11-21 16:24:29 - [MESSAGE][PASSED] - Current window maximized

2018-11-21 16:24:29 - [TEST_STEP][PASSED] - setText: Text 'NewRetailerKatalonAuto@23_11' is set on object 'Object Repository/Login_OR/Page_AppCohesion/input_User Name_ac_username'

2018-11-21 16:24:30 - [MESSAGE][PASSED] - Text 'NewRetailerKatalonAuto@23_11' is set on object 'Object Repository/Login_OR/Page_AppCohesion/input_User Name_ac_username'

2018-11-21 16:24:30 - [TEST_STEP][PASSED] - setText: Text 'NewRetailerKatalonAuto@23_11' is set on object 'Object Repository/Login_OR/Page_AppCohesion/input_Password_ac_password'

2018-11-21 16:24:30 - [MESSAGE][PASSED] - Text 'NewRetailerKatalonAuto@23_11' is set on object 'Object Repository/Login_OR/Page_AppCohesion/input_Password_ac_password'

2018-11-21 16:24:30 - [TEST_STEP][PASSED] - click: Object: 'Object Repository/Login_OR/Page_AppCohesion/button_Login Now' is clicked on

2018-11-21 16:24:30 - [MESSAGE][PASSED] - Object: 'Object Repository/Login_OR/Page_AppCohesion/button_Login Now' is clicked on

2018-11-21 16:24:30 - [TEST_STEP][PASSED] - waitForPageLoad: Wait for page load successfully

2018-11-21 16:24:30 - [MESSAGE][PASSED] - Wait for page load successfully

2018-11-21 16:24:30 - [MESSAGE][PASSED] - Call Test Case 'Test Cases/Call Test Case/Login_retailer_testcase' successfully

2018-11-21 16:24:30 - [TEST_STEP][NOT_RUN] - click: NOT_RUN: click

2018-11-21 16:24:30 - [MESSAGE][NOT_RUN] - NOT_RUN: click

2018-11-21 16:24:30 - [TEST_STEP][PASSED] - click: Object: 'Object Repository/appco_employee_view_new/retailer_employeeview/Page_AppCohesion/a_Employees              Emplo' is clicked on

2018-11-21 16:24:34 - [MESSAGE][PASSED] - Object: 'Object Repository/appco_employee_view_new/retailer_employeeview/Page_AppCohesion/a_Employees              Emplo' is clicked on

2018-11-21 16:24:34 - [TEST_STEP][PASSED] - verifyElementVisible: Object 'Object Repository/retailer admin All Repo/employee_obj_repo/pop up emp object/Page_AppCohesion/collapsible-header_Retailer Ad' is visible

2018-11-21 16:24:34 - [MESSAGE][PASSED] - Object 'Object Repository/retailer admin All Repo/employee_obj_repo/pop up emp object/Page_AppCohesion/collapsible-header_Retailer Ad' is visible

2018-11-21 16:24:34 - [TEST_STEP][PASSED] - click: Object: 'Object Repository/retailer admin All Repo/employee_obj_repo/pop up emp object/Page_AppCohesion/collapsible-header_Retailer Ad' is clicked on

2018-11-21 16:24:35 - [MESSAGE][PASSED] - Object: 'Object Repository/retailer admin All Repo/employee_obj_repo/pop up emp object/Page_AppCohesion/collapsible-header_Retailer Ad' is clicked on

2018-11-21 16:24:35 - [TEST_STEP][PASSED] - click: Object: 'Object Repository/retailer admin All Repo/employee_obj_repo/employee_listed_first' is clicked on

2018-11-21 16:24:36 - [MESSAGE][PASSED] - Object: 'Object Repository/retailer admin All Repo/employee_obj_repo/employee_listed_first' is clicked on

2018-11-21 16:24:36 - [TEST_STEP][PASSED] - waitForElementVisible: Object 'Object Repository/appco_employee_view_new/retailer_employeeview/Page_AppCohesion/span_RetailerAdmin' is visible

2018-11-21 16:24:36 - [MESSAGE][PASSED] - Object 'Object Repository/appco_employee_view_new/retailer_employeeview/Page_AppCohesion/span_RetailerAdmin' is visible

2018-11-21 16:24:36 - [TEST_STEP][PASSED] - verifyElementText: Actual text and expected text of test object 'Object Repository/appco_employee_view_new/retailer_employeeview/Page_AppCohesion/span_RetailerAdmin' are matched.

2018-11-21 16:24:36 - [MESSAGE][PASSED] - Actual text and expected text of test object 'Object Repository/appco_employee_view_new/retailer_employeeview/Page_AppCohesion/span_RetailerAdmin' are matched.

2018-11-21 16:24:36 - [TEST_STEP][NOT_RUN] - click: NOT_RUN: click

2018-11-21 16:24:36 - [MESSAGE][NOT_RUN] - NOT_RUN: click

2018-11-21 16:24:36 - [TEST_STEP][PASSED] - click: Object: 'Object Repository/retailer admin All Repo/employee_obj_repo/pop up emp object/Page_AppCohesion/collapsible-header_Retailer Ad' is clicked on

2018-11-21 16:24:36 - [MESSAGE][PASSED] - Object: 'Object Repository/retailer admin All Repo/employee_obj_repo/pop up emp object/Page_AppCohesion/collapsible-header_Retailer Ad' is clicked on

2018-11-21 16:24:36 - [TEST_STEP][PASSED] - delay: Delayed 5 second(s)

2018-11-21 16:24:41 - [MESSAGE][PASSED] - Delayed 5 second(s)

2018-11-21 16:24:41 - [TEST_STEP][PASSED] - click: Object: 'Object Repository/retailer admin All Repo/employee_obj_repo/pop up emp object/Page_AppCohesion/collapsible-header_Store Admin' is clicked on

2018-11-21 16:24:41 - [MESSAGE][PASSED] - Object: 'Object Repository/retailer admin All Repo/employee_obj_repo/pop up emp object/Page_AppCohesion/collapsible-header_Store Admin' is clicked on

2018-11-21 16:24:41 - [TEST_STEP][PASSED] - click: Object: 'Object Repository/employee_obj_repo/store admin list first' is clicked on

2018-11-21 16:24:43 - [MESSAGE][PASSED] - Object: 'Object Repository/employee_obj_repo/store admin list first' is clicked on

2018-11-21 16:24:43 - [TEST_STEP][PASSED] - waitForElementVisible: Object 'Object Repository/appco_employee_view_new/retailer_employeeview/Page_AppCohesion/span_StoreAdmin' is visible

2018-11-21 16:24:43 - [MESSAGE][PASSED] - Object 'Object Repository/appco_employee_view_new/retailer_employeeview/Page_AppCohesion/span_StoreAdmin' is visible

2018-11-21 16:24:43 - [TEST_STEP][PASSED] - verifyElementText: Actual text and expected text of test object 'Object Repository/appco_employee_view_new/retailer_employeeview/Page_AppCohesion/span_StoreAdmin' are matched.

2018-11-21 16:24:43 - [MESSAGE][PASSED] - Actual text and expected text of test object 'Object Repository/appco_employee_view_new/retailer_employeeview/Page_AppCohesion/span_StoreAdmin' are matched.

2018-11-21 16:24:43 - [TEST_STEP][PASSED] - click: Object: 'Object Repository/appco_employee_view_new/retailer_employeeview/Page_AppCohesion/span_Loading POS Retailer admi' is clicked on

2018-11-21 16:24:43 - [MESSAGE][PASSED] - Object: 'Object Repository/appco_employee_view_new/retailer_employeeview/Page_AppCohesion/span_Loading POS Retailer admi' is clicked on

2018-11-21 16:24:43 - [TEST_STEP][PASSED] - click: Object: 'Object Repository/retailer admin All Repo/employee_obj_repo/pop up emp object/Page_AppCohesion/collapsible-header_Store Admin' is clicked on

2018-11-21 16:24:43 - [MESSAGE][PASSED] - Object: 'Object Repository/retailer admin All Repo/employee_obj_repo/pop up emp object/Page_AppCohesion/collapsible-header_Store Admin' is clicked on

2018-11-21 16:24:43 - [TEST_STEP][PASSED] - delay: Delayed 5 second(s)

2018-11-21 16:24:48 - [MESSAGE][PASSED] - Delayed 5 second(s)

2018-11-21 16:24:48 - [TEST_STEP][PASSED] - click: Object: 'Object Repository/retailer admin All Repo/employee_obj_repo/retailer_employeeview/Page_AppCohesion/collapsible-header_Store Users' is clicked on

2018-11-21 16:24:48 - [MESSAGE][PASSED] - Object: 'Object Repository/retailer admin All Repo/employee_obj_repo/retailer_employeeview/Page_AppCohesion/collapsible-header_Store Users' is clicked on

2018-11-21 16:24:48 - [TEST_STEP][PASSED] - click: Object: 'Object Repository/employee_obj_repo/storeuser_listed_first' is clicked on

2018-11-21 16:24:50 - [MESSAGE][PASSED] - Object: 'Object Repository/employee_obj_repo/storeuser_listed_first' is clicked on

2018-11-21 16:24:50 - [TEST_STEP][PASSED] - waitForElementVisible: Object 'Object Repository/appco_employee_view_new/retailer_employeeview/Page_AppCohesion/span_POSUser' is visible

2018-11-21 16:24:51 - [MESSAGE][PASSED] - Object 'Object Repository/appco_employee_view_new/retailer_employeeview/Page_AppCohesion/span_POSUser' is visible

2018-11-21 16:24:51 - [TEST_STEP][PASSED] - verifyElementText: Actual text and expected text of test object 'Object Repository/appco_employee_view_new/retailer_employeeview/Page_AppCohesion/span_POSUser' are matched.

2018-11-21 16:24:51 - [MESSAGE][PASSED] - Actual text and expected text of test object 'Object Repository/appco_employee_view_new/retailer_employeeview/Page_AppCohesion/span_POSUser' are matched.

2018-11-21 16:24:51 - [TEST_STEP][NOT_RUN] - click: NOT_RUN: click

2018-11-21 16:24:51 - [MESSAGE][NOT_RUN] - NOT_RUN: click

2018-11-21 16:24:51 - [TEST_STEP][PASSED] - click: Object: 'Object Repository/retailer admin All Repo/employee_obj_repo/pop up emp object/Page_AppCohesion/collapsible-header_Store Users' is clicked on

2018-11-21 16:24:51 - [MESSAGE][PASSED] - Object: 'Object Repository/retailer admin All Repo/employee_obj_repo/pop up emp object/Page_AppCohesion/collapsible-header_Store Users' is clicked on

2018-11-21 16:24:51 - [TEST_STEP][PASSED] - click: Object: 'Object Repository/appco_employee_view_new/retailer_employeeview/Page_AppCohesion/a_Dashboard              Dashb' is clicked on

2018-11-21 16:24:51 - [MESSAGE][PASSED] - Object: 'Object Repository/appco_employee_view_new/retailer_employeeview/Page_AppCohesion/a_Dashboard              Dashb' is clicked on]]></system-out>
         <system-err><![CDATA[]]></system-err>
      </testcase>
      <testcase name="Test Cases/RetailerAdmin_Login_All_Functionality/order_placement_order_details/retaileradmin_order_placement" classname="Test Cases/RetailerAdmin_Login_All_Functionality/order_placement_order_details/retaileradmin_order_placement" status="PASSED">
         <system-out><![CDATA[2018-11-21 16:24:51 - [TEST_CASE][PASSED] - Test Cases/RetailerAdmin_Login_All_Functionality/order_placement_order_details/retaileradmin_order_placement: Test Cases/RetailerAdmin_Login_All_Functionality/order_placement_order_details/retaileradmin_order_placement

2018-11-21 16:24:51 - [TEST_STEP][PASSED] - callTestCase: Call Test Case 'Test Cases/Call Test Case/Login_retailer_testcase' successfully

2018-11-21 16:24:51 - [TEST_CASE][PASSED] - Test Cases/Call Test Case/Login_retailer_testcase: Test Cases/Call Test Case/Login_retailer_testcase

2018-11-21 16:24:51 - [TEST_STEP][PASSED] - openBrowser: Browser is opened with url: 'https://app-qa.appcohesion.io/'

2018-11-21 16:24:51 - [MESSAGE][WARNING] - A browser is already opened. Closing browser and opening a new one

2018-11-21 16:24:59 - [MESSAGE][PASSED] - Browser is opened with url: 'https://app-qa.appcohesion.io/'

2018-11-21 16:24:59 - [TEST_STEP][PASSED] - maximizeWindow: Current window maximized

2018-11-21 16:25:00 - [MESSAGE][PASSED] - Current window maximized

2018-11-21 16:25:00 - [TEST_STEP][PASSED] - setText: Text 'NewRetailerKatalonAuto@23_11' is set on object 'Object Repository/Login_OR/Page_AppCohesion/input_User Name_ac_username'

2018-11-21 16:25:01 - [MESSAGE][PASSED] - Text 'NewRetailerKatalonAuto@23_11' is set on object 'Object Repository/Login_OR/Page_AppCohesion/input_User Name_ac_username'

2018-11-21 16:25:01 - [TEST_STEP][PASSED] - setText: Text 'NewRetailerKatalonAuto@23_11' is set on object 'Object Repository/Login_OR/Page_AppCohesion/input_Password_ac_password'

2018-11-21 16:25:01 - [MESSAGE][PASSED] - Text 'NewRetailerKatalonAuto@23_11' is set on object 'Object Repository/Login_OR/Page_AppCohesion/input_Password_ac_password'

2018-11-21 16:25:01 - [TEST_STEP][PASSED] - click: Object: 'Object Repository/Login_OR/Page_AppCohesion/button_Login Now' is clicked on

2018-11-21 16:25:01 - [MESSAGE][PASSED] - Object: 'Object Repository/Login_OR/Page_AppCohesion/button_Login Now' is clicked on

2018-11-21 16:25:01 - [TEST_STEP][PASSED] - waitForPageLoad: Wait for page load successfully

2018-11-21 16:25:01 - [MESSAGE][PASSED] - Wait for page load successfully

2018-11-21 16:25:01 - [MESSAGE][PASSED] - Call Test Case 'Test Cases/Call Test Case/Login_retailer_testcase' successfully

2018-11-21 16:25:01 - [TEST_STEP][NOT_RUN] - waitForElementVisible: NOT_RUN: waitForElementVisible

2018-11-21 16:25:01 - [MESSAGE][NOT_RUN] - NOT_RUN: waitForElementVisible

2018-11-21 16:25:01 - [TEST_STEP][PASSED] - verifyElementVisible: Object 'Object Repository/retailer admin All Repo/inventory retailer markup repo/common search product' is visible

2018-11-21 16:25:05 - [MESSAGE][PASSED] - Object 'Object Repository/retailer admin All Repo/inventory retailer markup repo/common search product' is visible

2018-11-21 16:25:05 - [TEST_STEP][PASSED] - setText: Text 'HCKLR-IHMFX7Z1' is set on object 'Object Repository/retailer admin All Repo/inventory retailer markup repo/common search product'

2018-11-21 16:25:05 - [MESSAGE][PASSED] - Text 'HCKLR-IHMFX7Z1' is set on object 'Object Repository/retailer admin All Repo/inventory retailer markup repo/common search product'

2018-11-21 16:25:05 - [TEST_STEP][PASSED] - verifyElementVisible: Object 'Object Repository/retailer admin All Repo/Search Products Details/Page_AppCohesion/button_Settings_searchbutton' is visible

2018-11-21 16:25:05 - [MESSAGE][PASSED] - Object 'Object Repository/retailer admin All Repo/Search Products Details/Page_AppCohesion/button_Settings_searchbutton' is visible

2018-11-21 16:25:05 - [TEST_STEP][PASSED] - click: Object: 'Object Repository/retailer admin All Repo/Search Products Details/Page_AppCohesion/button_Settings_searchbutton' is clicked on

2018-11-21 16:25:05 - [MESSAGE][PASSED] - Object: 'Object Repository/retailer admin All Repo/Search Products Details/Page_AppCohesion/button_Settings_searchbutton' is clicked on

2018-11-21 16:25:05 - [TEST_STEP][PASSED] - delay: Delayed 5 second(s)

2018-11-21 16:25:10 - [MESSAGE][PASSED] - Delayed 5 second(s)

2018-11-21 16:25:10 - [TEST_STEP][NOT_RUN] - click: NOT_RUN: click

2018-11-21 16:25:10 - [MESSAGE][NOT_RUN] - NOT_RUN: click

2018-11-21 16:25:10 - [TEST_STEP][NOT_RUN] - setText: NOT_RUN: setText

2018-11-21 16:25:10 - [MESSAGE][NOT_RUN] - NOT_RUN: setText

2018-11-21 16:25:10 - [TEST_STEP][NOT_RUN] - setText: NOT_RUN: setText

2018-11-21 16:25:10 - [MESSAGE][NOT_RUN] - NOT_RUN: setText

2018-11-21 16:25:10 - [TEST_STEP][NOT_RUN] - verifyElementVisible: NOT_RUN: verifyElementVisible

2018-11-21 16:25:10 - [MESSAGE][NOT_RUN] - NOT_RUN: verifyElementVisible

2018-11-21 16:25:10 - [TEST_STEP][NOT_RUN] - click: NOT_RUN: click

2018-11-21 16:25:10 - [MESSAGE][NOT_RUN] - NOT_RUN: click

2018-11-21 16:25:10 - [TEST_STEP][NOT_RUN] - verifyElementVisible: NOT_RUN: verifyElementVisible

2018-11-21 16:25:10 - [MESSAGE][NOT_RUN] - NOT_RUN: verifyElementVisible

2018-11-21 16:25:10 - [TEST_STEP][NOT_RUN] - verifyElementText: NOT_RUN: verifyElementText

2018-11-21 16:25:10 - [MESSAGE][NOT_RUN] - NOT_RUN: verifyElementText

2018-11-21 16:25:10 - [TEST_STEP][PASSED] - verifyElementVisible: Object 'Object Repository/retailer admin All Repo/retailer_order_placement/Page_AppCohesion/div_Heckler  Koch VP VP9' is visible

2018-11-21 16:25:10 - [MESSAGE][PASSED] - Object 'Object Repository/retailer admin All Repo/retailer_order_placement/Page_AppCohesion/div_Heckler  Koch VP VP9' is visible

2018-11-21 16:25:10 - [TEST_STEP][PASSED] - click: Object: 'Object Repository/retailer admin All Repo/retailer_order_placement/Page_AppCohesion/div_Heckler  Koch VP VP9' is clicked on

2018-11-21 16:25:10 - [MESSAGE][PASSED] - Object: 'Object Repository/retailer admin All Repo/retailer_order_placement/Page_AppCohesion/div_Heckler  Koch VP VP9' is clicked on

2018-11-21 16:25:10 - [TEST_STEP][PASSED] - verifyElementVisible: Object 'Object Repository/retailer admin All Repo/retailer_order_placement/Page_AppCohesion/strong_534.20' is visible

2018-11-21 16:25:13 - [MESSAGE][PASSED] - Object 'Object Repository/retailer admin All Repo/retailer_order_placement/Page_AppCohesion/strong_534.20' is visible

2018-11-21 16:25:13 - [TEST_STEP][PASSED] - verifyElementText: Actual text and expected text of test object 'Object Repository/retailer admin All Repo/retailer_order_placement/Page_AppCohesion/strong_534.20' are matched.

2018-11-21 16:25:13 - [MESSAGE][PASSED] - Actual text and expected text of test object 'Object Repository/retailer admin All Repo/retailer_order_placement/Page_AppCohesion/strong_534.20' are matched.

2018-11-21 16:25:13 - [TEST_STEP][NOT_RUN] - verifyElementVisible: NOT_RUN: verifyElementVisible

2018-11-21 16:25:13 - [MESSAGE][NOT_RUN] - NOT_RUN: verifyElementVisible

2018-11-21 16:25:13 - [TEST_STEP][NOT_RUN] - verifyElementText: NOT_RUN: verifyElementText

2018-11-21 16:25:13 - [MESSAGE][NOT_RUN] - NOT_RUN: verifyElementText

2018-11-21 16:25:13 - [TEST_STEP][NOT_RUN] - verifyElementVisible: NOT_RUN: verifyElementVisible

2018-11-21 16:25:13 - [MESSAGE][NOT_RUN] - NOT_RUN: verifyElementVisible

2018-11-21 16:25:13 - [TEST_STEP][NOT_RUN] - verifyElementText: NOT_RUN: verifyElementText

2018-11-21 16:25:13 - [MESSAGE][NOT_RUN] - NOT_RUN: verifyElementText

2018-11-21 16:25:13 - [TEST_STEP][PASSED] - verifyElementVisible: Object 'Object Repository/retailer admin All Repo/retailer_order_placement/Page_AppCohesion/button_ADD TO CART' is visible

2018-11-21 16:25:13 - [MESSAGE][PASSED] - Object 'Object Repository/retailer admin All Repo/retailer_order_placement/Page_AppCohesion/button_ADD TO CART' is visible

2018-11-21 16:25:13 - [TEST_STEP][PASSED] - click: Object: 'Object Repository/retailer admin All Repo/retailer_order_placement/Page_AppCohesion/button_ADD TO CART' is clicked on

2018-11-21 16:25:13 - [MESSAGE][PASSED] - Object: 'Object Repository/retailer admin All Repo/retailer_order_placement/Page_AppCohesion/button_ADD TO CART' is clicked on

2018-11-21 16:25:13 - [TEST_STEP][PASSED] - delay: Delayed 12 second(s)

2018-11-21 16:25:25 - [MESSAGE][PASSED] - Delayed 12 second(s)

2018-11-21 16:25:25 - [TEST_STEP][PASSED] - click: Object: 'Object Repository/retailer admin All Repo/retailer_order_placement/Page_AppCohesion/img' is clicked on

2018-11-21 16:25:25 - [MESSAGE][PASSED] - Object: 'Object Repository/retailer admin All Repo/retailer_order_placement/Page_AppCohesion/img' is clicked on

2018-11-21 16:25:25 - [TEST_STEP][PASSED] - verifyElementVisible: Object 'Object Repository/retailer admin All Repo/retailer_order_placement/Page_AppCohesion/increasequantity_cartlist' is visible

2018-11-21 16:25:25 - [MESSAGE][PASSED] - Object 'Object Repository/retailer admin All Repo/retailer_order_placement/Page_AppCohesion/increasequantity_cartlist' is visible

2018-11-21 16:25:25 - [TEST_STEP][PASSED] - click: Object: 'Object Repository/retailer admin All Repo/retailer_order_placement/Page_AppCohesion/increasequantity_cartlist' is clicked on

2018-11-21 16:25:25 - [MESSAGE][PASSED] - Object: 'Object Repository/retailer admin All Repo/retailer_order_placement/Page_AppCohesion/increasequantity_cartlist' is clicked on

2018-11-21 16:25:25 - [TEST_STEP][PASSED] - delay: Delayed 5 second(s)

2018-11-21 16:25:30 - [MESSAGE][PASSED] - Delayed 5 second(s)

2018-11-21 16:25:30 - [TEST_STEP][PASSED] - click: Object: 'Object Repository/retailer admin All Repo/retailer_order_placement/Page_AppCohesion/button_View Cart' is clicked on

2018-11-21 16:25:30 - [MESSAGE][PASSED] - Object: 'Object Repository/retailer admin All Repo/retailer_order_placement/Page_AppCohesion/button_View Cart' is clicked on

2018-11-21 16:25:30 - [TEST_STEP][PASSED] - verifyElementClickable: Object 'Object Repository/retailer admin All Repo/retailer_order_placement/Page_AppCohesion/button_Quantity_decreasequatit' is clickable

2018-11-21 16:25:32 - [MESSAGE][PASSED] - Object 'Object Repository/retailer admin All Repo/retailer_order_placement/Page_AppCohesion/button_Quantity_decreasequatit' is clickable

2018-11-21 16:25:32 - [TEST_STEP][PASSED] - click: Object: 'Object Repository/retailer admin All Repo/retailer_order_placement/Page_AppCohesion/button_Quantity_decreasequatit' is clicked on

2018-11-21 16:25:32 - [MESSAGE][PASSED] - Object: 'Object Repository/retailer admin All Repo/retailer_order_placement/Page_AppCohesion/button_Quantity_decreasequatit' is clicked on

2018-11-21 16:25:32 - [TEST_STEP][PASSED] - delay: Delayed 5 second(s)

2018-11-21 16:25:37 - [MESSAGE][PASSED] - Delayed 5 second(s)

2018-11-21 16:25:37 - [TEST_STEP][NOT_RUN] - waitForElementVisible: NOT_RUN: waitForElementVisible

2018-11-21 16:25:37 - [MESSAGE][NOT_RUN] - NOT_RUN: waitForElementVisible

2018-11-21 16:25:37 - [TEST_STEP][NOT_RUN] - check: NOT_RUN: check

2018-11-21 16:25:37 - [MESSAGE][NOT_RUN] - NOT_RUN: check

2018-11-21 16:25:37 - [TEST_STEP][NOT_RUN] - waitForElementClickable: NOT_RUN: waitForElementClickable

2018-11-21 16:25:37 - [MESSAGE][NOT_RUN] - NOT_RUN: waitForElementClickable

2018-11-21 16:25:37 - [TEST_STEP][NOT_RUN] - check: NOT_RUN: check

2018-11-21 16:25:37 - [MESSAGE][NOT_RUN] - NOT_RUN: check

2018-11-21 16:25:37 - [TEST_STEP][PASSED] - click: Object: 'Object Repository/retailer admin All Repo/retailer_order_placement/Page_AppCohesion/h5_Heckler  Koch VP VP9' is clicked on

2018-11-21 16:25:37 - [MESSAGE][PASSED] - Object: 'Object Repository/retailer admin All Repo/retailer_order_placement/Page_AppCohesion/h5_Heckler  Koch VP VP9' is clicked on

2018-11-21 16:25:37 - [TEST_STEP][PASSED] - click: Object: 'Object Repository/retailer admin All Repo/retailer_order_placement/Page_AppCohesion/a_Back to Cart' is clicked on

2018-11-21 16:25:38 - [MESSAGE][PASSED] - Object: 'Object Repository/retailer admin All Repo/retailer_order_placement/Page_AppCohesion/a_Back to Cart' is clicked on

2018-11-21 16:25:38 - [TEST_STEP][PASSED] - waitForElementVisible: Object 'Object Repository/retailer admin All Repo/retailer_order_placement/Page_AppCohesion/span_534.20' is visible

2018-11-21 16:25:41 - [MESSAGE][PASSED] - Object 'Object Repository/retailer admin All Repo/retailer_order_placement/Page_AppCohesion/span_534.20' is visible

2018-11-21 16:25:41 - [TEST_STEP][PASSED] - verifyElementText: Actual text and expected text of test object 'Object Repository/retailer admin All Repo/retailer_order_placement/Page_AppCohesion/span_534.20' are matched.

2018-11-21 16:25:41 - [MESSAGE][PASSED] - Actual text and expected text of test object 'Object Repository/retailer admin All Repo/retailer_order_placement/Page_AppCohesion/span_534.20' are matched.

2018-11-21 16:25:41 - [TEST_STEP][PASSED] - waitForElementVisible: Object 'Object Repository/retailer admin All Repo/retailer_order_placement/Page_AppCohesion/span_25.00' is visible

2018-11-21 16:25:41 - [MESSAGE][PASSED] - Object 'Object Repository/retailer admin All Repo/retailer_order_placement/Page_AppCohesion/span_25.00' is visible

2018-11-21 16:25:41 - [TEST_STEP][PASSED] - verifyElementText: Actual text and expected text of test object 'Object Repository/retailer admin All Repo/retailer_order_placement/Page_AppCohesion/span_25.00' are matched.

2018-11-21 16:25:41 - [MESSAGE][PASSED] - Actual text and expected text of test object 'Object Repository/retailer admin All Repo/retailer_order_placement/Page_AppCohesion/span_25.00' are matched.

2018-11-21 16:25:41 - [TEST_STEP][PASSED] - verifyElementVisible: Object 'Object Repository/retailer admin All Repo/retailer_order_placement/Page_AppCohesion/em_Item selected 1' is visible

2018-11-21 16:25:41 - [MESSAGE][PASSED] - Object 'Object Repository/retailer admin All Repo/retailer_order_placement/Page_AppCohesion/em_Item selected 1' is visible

2018-11-21 16:25:41 - [TEST_STEP][PASSED] - verifyElementText: Actual text and expected text of test object 'Object Repository/retailer admin All Repo/retailer_order_placement/Page_AppCohesion/em_Item selected 1' are matched.

2018-11-21 16:25:41 - [MESSAGE][PASSED] - Actual text and expected text of test object 'Object Repository/retailer admin All Repo/retailer_order_placement/Page_AppCohesion/em_Item selected 1' are matched.

2018-11-21 16:25:41 - [TEST_STEP][PASSED] - click: Object: 'Object Repository/retailer admin All Repo/retailer_order_placement/Page_AppCohesion/button_CHECKOUT' is clicked on

2018-11-21 16:25:41 - [MESSAGE][PASSED] - Object: 'Object Repository/retailer admin All Repo/retailer_order_placement/Page_AppCohesion/button_CHECKOUT' is clicked on

2018-11-21 16:25:41 - [TEST_STEP][PASSED] - delay: Delayed 10 second(s)

2018-11-21 16:25:51 - [MESSAGE][PASSED] - Delayed 10 second(s)

2018-11-21 16:25:51 - [TEST_STEP][PASSED] - setText: Text 'order HCKLR-IHMFX7Z1' is set on object 'Object Repository/retailer admin All Repo/retailer_order_placement/Page_AppCohesion/input_FIRST NAME_firstName'

2018-11-21 16:25:51 - [MESSAGE][PASSED] - Text 'order HCKLR-IHMFX7Z1' is set on object 'Object Repository/retailer admin All Repo/retailer_order_placement/Page_AppCohesion/input_FIRST NAME_firstName'

2018-11-21 16:25:51 - [TEST_STEP][PASSED] - setText: Text 'snekalatha.r@iinerds.com' is set on object 'Object Repository/retailer admin All Repo/retailer_order_placement/Page_AppCohesion/input_EMAIL_email'

2018-11-21 16:25:51 - [MESSAGE][PASSED] - Text 'snekalatha.r@iinerds.com' is set on object 'Object Repository/retailer admin All Repo/retailer_order_placement/Page_AppCohesion/input_EMAIL_email'

2018-11-21 16:25:51 - [TEST_STEP][PASSED] - delay: Delayed 10 second(s)

2018-11-21 16:26:01 - [MESSAGE][PASSED] - Delayed 10 second(s)

2018-11-21 16:26:01 - [TEST_STEP][PASSED] - selectOptionByIndex: All options with index in [1] are selected on object 'Object Repository/retailer admin All Repo/retailer_order_placement/key_press_orderList/Page_AppCohesion/select store'

2018-11-21 16:26:01 - [MESSAGE][PASSED] - All options with index in [1] are selected on object 'Object Repository/retailer admin All Repo/retailer_order_placement/key_press_orderList/Page_AppCohesion/select store'

2018-11-21 16:26:01 - [TEST_STEP][PASSED] - verifyElementVisible: Object 'Object Repository/retailer admin All Repo/retailer_order_placement/Page_AppCohesion/span_534.20' is visible

2018-11-21 16:26:01 - [MESSAGE][PASSED] - Object 'Object Repository/retailer admin All Repo/retailer_order_placement/Page_AppCohesion/span_534.20' is visible

2018-11-21 16:26:01 - [TEST_STEP][PASSED] - verifyElementText: Actual text and expected text of test object 'Object Repository/retailer admin All Repo/retailer_order_placement/Page_AppCohesion/span_534.20' are matched.

2018-11-21 16:26:01 - [MESSAGE][PASSED] - Actual text and expected text of test object 'Object Repository/retailer admin All Repo/retailer_order_placement/Page_AppCohesion/span_534.20' are matched.

2018-11-21 16:26:01 - [TEST_STEP][PASSED] - verifyElementVisible: Object 'Object Repository/retailer admin All Repo/retailer_order_placement/Page_AppCohesion/span_25' is visible

2018-11-21 16:26:02 - [MESSAGE][PASSED] - Object 'Object Repository/retailer admin All Repo/retailer_order_placement/Page_AppCohesion/span_25' is visible

2018-11-21 16:26:02 - [TEST_STEP][PASSED] - verifyElementText: Actual text and expected text of test object 'Object Repository/retailer admin All Repo/retailer_order_placement/Page_AppCohesion/span_25' are matched.

2018-11-21 16:26:02 - [MESSAGE][PASSED] - Actual text and expected text of test object 'Object Repository/retailer admin All Repo/retailer_order_placement/Page_AppCohesion/span_25' are matched.

2018-11-21 16:26:02 - [TEST_STEP][PASSED] - verifyElementVisible: Object 'Object Repository/retailer admin All Repo/retailer_order_placement/Page_AppCohesion/span_559.20' is visible

2018-11-21 16:26:02 - [MESSAGE][PASSED] - Object 'Object Repository/retailer admin All Repo/retailer_order_placement/Page_AppCohesion/span_559.20' is visible

2018-11-21 16:26:02 - [TEST_STEP][PASSED] - verifyElementText: Actual text and expected text of test object 'Object Repository/retailer admin All Repo/retailer_order_placement/Page_AppCohesion/span_559.20' are matched.

2018-11-21 16:26:02 - [MESSAGE][PASSED] - Actual text and expected text of test object 'Object Repository/retailer admin All Repo/retailer_order_placement/Page_AppCohesion/span_559.20' are matched.

2018-11-21 16:26:02 - [TEST_STEP][PASSED] - click: Object: 'Object Repository/retailer admin All Repo/retailer_order_placement/Page_AppCohesion/button_Confirm Order' is clicked on

2018-11-21 16:26:02 - [MESSAGE][PASSED] - Object: 'Object Repository/retailer admin All Repo/retailer_order_placement/Page_AppCohesion/button_Confirm Order' is clicked on

2018-11-21 16:26:02 - [TEST_STEP][PASSED] - waitForAlert: No alert found after 5 second(s).

2018-11-21 16:26:07 - [MESSAGE][WARNING] - No alert found after 5 second(s).

2018-11-21 16:26:07 - [TEST_STEP][PASSED] - verifyElementVisible: Object 'Object Repository/retailer admin All Repo/retailer_order_placement/key_press_orderList/Page_AppCohesion/order_status_button' is visible

2018-11-21 16:26:07 - [MESSAGE][PASSED] - Object 'Object Repository/retailer admin All Repo/retailer_order_placement/key_press_orderList/Page_AppCohesion/order_status_button' is visible

2018-11-21 16:26:07 - [TEST_STEP][NOT_RUN] - verifyElementText: NOT_RUN: verifyElementText

2018-11-21 16:26:07 - [MESSAGE][NOT_RUN] - NOT_RUN: verifyElementText

2018-11-21 16:26:07 - [TEST_STEP][PASSED] - click: Object: 'Object Repository/retailer admin All Repo/retailer_order_placement/key_press_orderList/Page_AppCohesion/order_status_button' is clicked on

2018-11-21 16:26:07 - [MESSAGE][PASSED] - Object: 'Object Repository/retailer admin All Repo/retailer_order_placement/key_press_orderList/Page_AppCohesion/order_status_button' is clicked on

2018-11-21 16:26:07 - [TEST_STEP][PASSED] - delay: Delayed 5 second(s)

2018-11-21 16:26:12 - [MESSAGE][PASSED] - Delayed 5 second(s)

2018-11-21 16:26:12 - [TEST_STEP][PASSED] - click: Object: 'Object Repository/retailer admin All Repo/retailer_order_placement/order_placement_verifymarkup/Page_AppCohesion/a_Dashboard              Dashb' is clicked on

2018-11-21 16:26:12 - [MESSAGE][PASSED] - Object: 'Object Repository/retailer admin All Repo/retailer_order_placement/order_placement_verifymarkup/Page_AppCohesion/a_Dashboard              Dashb' is clicked on

2018-11-21 16:26:12 - [TEST_STEP][PASSED] - delay: Delayed 5 second(s)

2018-11-21 16:26:17 - [MESSAGE][PASSED] - Delayed 5 second(s)

2018-11-21 16:26:17 - [TEST_STEP][PASSED] - click: Object: 'Object Repository/retailer admin All Repo/retailer_order_placement/key_press_orderList/order_tab' is clicked on

2018-11-21 16:26:17 - [MESSAGE][PASSED] - Object: 'Object Repository/retailer admin All Repo/retailer_order_placement/key_press_orderList/order_tab' is clicked on

2018-11-21 16:26:17 - [TEST_STEP][PASSED] - waitForElementVisible: Object 'Object Repository/retailer admin All Repo/retailer_order_placement/key_press_orderList/Page_AppCohesion/i__glyphicon glyphicon-search' is visible

2018-11-21 16:26:17 - [MESSAGE][PASSED] - Object 'Object Repository/retailer admin All Repo/retailer_order_placement/key_press_orderList/Page_AppCohesion/i__glyphicon glyphicon-search' is visible

2018-11-21 16:26:17 - [TEST_STEP][PASSED] - check: Object 'Object Repository/retailer admin All Repo/retailer_order_placement/key_press_orderList/Page_AppCohesion/i__glyphicon glyphicon-search' is checked

2018-11-21 16:26:17 - [MESSAGE][PASSED] - Object 'Object Repository/retailer admin All Repo/retailer_order_placement/key_press_orderList/Page_AppCohesion/i__glyphicon glyphicon-search' is checked

2018-11-21 16:26:17 - [TEST_STEP][NOT_RUN] - dragAndDropToObject: NOT_RUN: dragAndDropToObject

2018-11-21 16:26:17 - [MESSAGE][NOT_RUN] - NOT_RUN: dragAndDropToObject

2018-11-21 16:26:17 - [TEST_STEP][PASSED] - setText: Text 'order HCKLR-IHMFX7Z1' is set on object 'Object Repository/retailer admin All Repo/retailer_order_placement/Page_AppCohesion/input_RETAILER NAME_searchInpu'

2018-11-21 16:26:19 - [MESSAGE][PASSED] - Text 'order HCKLR-IHMFX7Z1' is set on object 'Object Repository/retailer admin All Repo/retailer_order_placement/Page_AppCohesion/input_RETAILER NAME_searchInpu'

2018-11-21 16:26:19 - [TEST_STEP][PASSED] - delay: Delayed 5 second(s)

2018-11-21 16:26:24 - [MESSAGE][PASSED] - Delayed 5 second(s)

2018-11-21 16:26:24 - [TEST_STEP][PASSED] - sendKeys: Keys 'ENTER + ' sent to object: 'Object Repository/retailer admin All Repo/retailer_order_placement/Page_AppCohesion/input_RETAILER NAME_searchInpu'

2018-11-21 16:26:24 - [MESSAGE][PASSED] - Keys 'ENTER + ' sent to object: 'Object Repository/retailer admin All Repo/retailer_order_placement/Page_AppCohesion/input_RETAILER NAME_searchInpu'

2018-11-21 16:26:24 - [TEST_STEP][PASSED] - delay: Delayed 5 second(s)

2018-11-21 16:26:29 - [MESSAGE][PASSED] - Delayed 5 second(s)

2018-11-21 16:26:29 - [TEST_STEP][PASSED] - verifyElementVisible: Object 'Object Repository/retailer admin All Repo/retailer_order_placement/Page_AppCohesion/tr_order HCKLR-IHMFX7Z1' is visible

2018-11-21 16:26:29 - [MESSAGE][PASSED] - Object 'Object Repository/retailer admin All Repo/retailer_order_placement/Page_AppCohesion/tr_order HCKLR-IHMFX7Z1' is visible

2018-11-21 16:26:29 - [TEST_STEP][PASSED] - click: Object: 'Object Repository/retailer admin All Repo/retailer_order_placement/Page_AppCohesion/tr_order HCKLR-IHMFX7Z1' is clicked on

2018-11-21 16:26:29 - [MESSAGE][PASSED] - Object: 'Object Repository/retailer admin All Repo/retailer_order_placement/Page_AppCohesion/tr_order HCKLR-IHMFX7Z1' is clicked on

2018-11-21 16:26:29 - [TEST_STEP][PASSED] - verifyElementVisible: Object 'Object Repository/retailer admin All Repo/retailer_order_placement/Page_AppCohesion/span_Order Total      559.20' is visible

2018-11-21 16:26:31 - [MESSAGE][PASSED] - Object 'Object Repository/retailer admin All Repo/retailer_order_placement/Page_AppCohesion/span_Order Total      559.20' is visible

2018-11-21 16:26:31 - [TEST_STEP][NOT_RUN] - verifyElementText: NOT_RUN: verifyElementText

2018-11-21 16:26:31 - [MESSAGE][NOT_RUN] - NOT_RUN: verifyElementText

2018-11-21 16:26:31 - [TEST_STEP][PASSED] - verifyElementVisible: Object 'Object Repository/retailer admin All Repo/retailer_order_placement/key_press_orderList/Page_AppCohesion/h5_559.20' is visible

2018-11-21 16:26:31 - [MESSAGE][PASSED] - Object 'Object Repository/retailer admin All Repo/retailer_order_placement/key_press_orderList/Page_AppCohesion/h5_559.20' is visible

2018-11-21 16:26:31 - [TEST_STEP][PASSED] - verifyElementText: Actual text and expected text of test object 'Object Repository/retailer admin All Repo/retailer_order_placement/key_press_orderList/Page_AppCohesion/h5_559.20' are matched.

2018-11-21 16:26:31 - [MESSAGE][PASSED] - Actual text and expected text of test object 'Object Repository/retailer admin All Repo/retailer_order_placement/key_press_orderList/Page_AppCohesion/h5_559.20' are matched.

2018-11-21 16:26:31 - [TEST_STEP][PASSED] - verifyElementVisible: Object 'Object Repository/retailer admin All Repo/retailer_order_placement/Page_AppCohesion/span_Name      order HCKLR-IHM' is visible

2018-11-21 16:26:31 - [MESSAGE][PASSED] - Object 'Object Repository/retailer admin All Repo/retailer_order_placement/Page_AppCohesion/span_Name      order HCKLR-IHM' is visible

2018-11-21 16:26:31 - [TEST_STEP][PASSED] - verifyElementText: Actual text and expected text of test object 'Object Repository/retailer admin All Repo/retailer_order_placement/key_press_orderList/Page_AppCohesion/h5_order HCKLR-IHMFX7Z1' are matched.

2018-11-21 16:26:31 - [MESSAGE][PASSED] - Actual text and expected text of test object 'Object Repository/retailer admin All Repo/retailer_order_placement/key_press_orderList/Page_AppCohesion/h5_order HCKLR-IHMFX7Z1' are matched.

2018-11-21 16:26:31 - [TEST_STEP][PASSED] - verifyElementVisible: Object 'Object Repository/retailer admin All Repo/retailer_order_placement/key_press_orderList/Page_AppCohesion/span_Email      snekalatha.rii' is visible

2018-11-21 16:26:31 - [MESSAGE][PASSED] - Object 'Object Repository/retailer admin All Repo/retailer_order_placement/key_press_orderList/Page_AppCohesion/span_Email      snekalatha.rii' is visible

2018-11-21 16:26:31 - [TEST_STEP][PASSED] - verifyElementText: Actual text and expected text of test object 'Object Repository/retailer admin All Repo/retailer_order_placement/key_press_orderList/Page_AppCohesion/h5_snekalatha.riinerds.com' are matched.

2018-11-21 16:26:31 - [MESSAGE][PASSED] - Actual text and expected text of test object 'Object Repository/retailer admin All Repo/retailer_order_placement/key_press_orderList/Page_AppCohesion/h5_snekalatha.riinerds.com' are matched.

2018-11-21 16:26:31 - [TEST_STEP][PASSED] - verifyElementVisible: Object 'Object Repository/retailer admin All Repo/retailer_order_placement/Page_AppCohesion/th_QUANTITY' is visible

2018-11-21 16:26:32 - [MESSAGE][PASSED] - Object 'Object Repository/retailer admin All Repo/retailer_order_placement/Page_AppCohesion/th_QUANTITY' is visible

2018-11-21 16:26:32 - [TEST_STEP][PASSED] - verifyElementVisible: Object 'Object Repository/retailer admin All Repo/retailer_order_placement/Page_AppCohesion/td_1' is visible

2018-11-21 16:26:32 - [MESSAGE][PASSED] - Object 'Object Repository/retailer admin All Repo/retailer_order_placement/Page_AppCohesion/td_1' is visible

2018-11-21 16:26:32 - [TEST_STEP][PASSED] - verifyElementText: Actual text and expected text of test object 'Object Repository/retailer admin All Repo/retailer_order_placement/Page_AppCohesion/td_1' are matched.

2018-11-21 16:26:32 - [MESSAGE][PASSED] - Actual text and expected text of test object 'Object Repository/retailer admin All Repo/retailer_order_placement/Page_AppCohesion/td_1' are matched.

2018-11-21 16:26:32 - [TEST_STEP][PASSED] - verifyElementVisible: Object 'Object Repository/retailer admin All Repo/retailer_order_placement/key_press_orderList/Page_AppCohesion/td_Green Supply' is visible

2018-11-21 16:26:32 - [MESSAGE][PASSED] - Object 'Object Repository/retailer admin All Repo/retailer_order_placement/key_press_orderList/Page_AppCohesion/td_Green Supply' is visible

2018-11-21 16:26:32 - [TEST_STEP][PASSED] - verifyElementText: Actual text and expected text of test object 'Object Repository/retailer admin All Repo/retailer_order_placement/key_press_orderList/Page_AppCohesion/td_Green Supply' are matched.

2018-11-21 16:26:32 - [MESSAGE][PASSED] - Actual text and expected text of test object 'Object Repository/retailer admin All Repo/retailer_order_placement/key_press_orderList/Page_AppCohesion/td_Green Supply' are matched.

2018-11-21 16:26:32 - [TEST_STEP][PASSED] - verifyElementVisible: Object 'Object Repository/retailer admin All Repo/retailer_order_placement/key_press_orderList/Page_AppCohesion/td_Completed' is visible

2018-11-21 16:26:32 - [MESSAGE][PASSED] - Object 'Object Repository/retailer admin All Repo/retailer_order_placement/key_press_orderList/Page_AppCohesion/td_Completed' is visible

2018-11-21 16:26:32 - [TEST_STEP][PASSED] - verifyElementText: Actual text and expected text of test object 'Object Repository/retailer admin All Repo/retailer_order_placement/key_press_orderList/Page_AppCohesion/td_Completed' are matched.

2018-11-21 16:26:32 - [MESSAGE][PASSED] - Actual text and expected text of test object 'Object Repository/retailer admin All Repo/retailer_order_placement/key_press_orderList/Page_AppCohesion/td_Completed' are matched.

2018-11-21 16:26:32 - [TEST_STEP][PASSED] - verifyElementVisible: Object 'Object Repository/retailer admin All Repo/retailer_order_placement/Page_AppCohesion/span_RACreation_close_order_de' is visible

2018-11-21 16:26:32 - [MESSAGE][PASSED] - Object 'Object Repository/retailer admin All Repo/retailer_order_placement/Page_AppCohesion/span_RACreation_close_order_de' is visible

2018-11-21 16:26:32 - [TEST_STEP][PASSED] - click: Object: 'Object Repository/retailer admin All Repo/retailer_order_placement/Page_AppCohesion/span_RACreation_close_order_de' is clicked on

2018-11-21 16:26:32 - [MESSAGE][PASSED] - Object: 'Object Repository/retailer admin All Repo/retailer_order_placement/Page_AppCohesion/span_RACreation_close_order_de' is clicked on

2018-11-21 16:26:32 - [TEST_STEP][PASSED] - clearText: Text of object 'Object Repository/retailer admin All Repo/retailer_order_placement/Page_AppCohesion/input_RETAILER NAME_searchInpu' is cleared

2018-11-21 16:26:32 - [MESSAGE][PASSED] - Text of object 'Object Repository/retailer admin All Repo/retailer_order_placement/Page_AppCohesion/input_RETAILER NAME_searchInpu' is cleared

2018-11-21 16:26:32 - [TEST_STEP][PASSED] - delay: Delayed 10 second(s)

2018-11-21 16:26:42 - [MESSAGE][PASSED] - Delayed 10 second(s)

2018-11-21 16:26:42 - [TEST_STEP][PASSED] - click: Object: 'Object Repository/retailer admin All Repo/retailer_order_placement/key_press_orderList/Page_AppCohesion/i__glyphicon glyphicon-search_2' is clicked on

2018-11-21 16:26:42 - [MESSAGE][PASSED] - Object: 'Object Repository/retailer admin All Repo/retailer_order_placement/key_press_orderList/Page_AppCohesion/i__glyphicon glyphicon-search_2' is clicked on

2018-11-21 16:26:42 - [TEST_STEP][PASSED] - delay: Delayed 3 second(s)

2018-11-21 16:26:45 - [MESSAGE][PASSED] - Delayed 3 second(s)

2018-11-21 16:26:45 - [TEST_STEP][PASSED] - verifyElementVisible: Object 'Object Repository/retailer admin All Repo/retailer_order_placement/order_placement_verifymarkup/Page_AppCohesion/a_Dashboard              Dashb' is visible

2018-11-21 16:26:45 - [MESSAGE][PASSED] - Object 'Object Repository/retailer admin All Repo/retailer_order_placement/order_placement_verifymarkup/Page_AppCohesion/a_Dashboard              Dashb' is visible

2018-11-21 16:26:45 - [TEST_STEP][PASSED] - click: Object: 'Object Repository/retailer admin All Repo/retailer_order_placement/order_placement_verifymarkup/Page_AppCohesion/a_Dashboard              Dashb' is clicked on

2018-11-21 16:26:45 - [MESSAGE][PASSED] - Object: 'Object Repository/retailer admin All Repo/retailer_order_placement/order_placement_verifymarkup/Page_AppCohesion/a_Dashboard              Dashb' is clicked on]]></system-out>
         <system-err><![CDATA[]]></system-err>
      </testcase>
      <testcase name="Test Cases/RetailerAdmin_Login_All_Functionality/Product_details/Search Products Details" classname="Test Cases/RetailerAdmin_Login_All_Functionality/Product_details/Search Products Details" status="PASSED">
         <system-out><![CDATA[2018-11-21 16:26:45 - [TEST_CASE][PASSED] - Test Cases/RetailerAdmin_Login_All_Functionality/Product_details/Search Products Details: Test Cases/RetailerAdmin_Login_All_Functionality/Product_details/Search Products Details

2018-11-21 16:26:45 - [TEST_STEP][PASSED] - callTestCase: Call Test Case 'Test Cases/Call Test Case/Login_retailer_testcase' successfully

2018-11-21 16:26:45 - [TEST_CASE][PASSED] - Test Cases/Call Test Case/Login_retailer_testcase: Test Cases/Call Test Case/Login_retailer_testcase

2018-11-21 16:26:45 - [TEST_STEP][PASSED] - openBrowser: Browser is opened with url: 'https://app-qa.appcohesion.io/'

2018-11-21 16:26:45 - [MESSAGE][WARNING] - A browser is already opened. Closing browser and opening a new one

2018-11-21 16:26:54 - [MESSAGE][PASSED] - Browser is opened with url: 'https://app-qa.appcohesion.io/'

2018-11-21 16:26:54 - [TEST_STEP][PASSED] - maximizeWindow: Current window maximized

2018-11-21 16:26:55 - [MESSAGE][PASSED] - Current window maximized

2018-11-21 16:26:55 - [TEST_STEP][PASSED] - setText: Text 'NewRetailerKatalonAuto@23_11' is set on object 'Object Repository/Login_OR/Page_AppCohesion/input_User Name_ac_username'

2018-11-21 16:26:55 - [MESSAGE][PASSED] - Text 'NewRetailerKatalonAuto@23_11' is set on object 'Object Repository/Login_OR/Page_AppCohesion/input_User Name_ac_username'

2018-11-21 16:26:55 - [TEST_STEP][PASSED] - setText: Text 'NewRetailerKatalonAuto@23_11' is set on object 'Object Repository/Login_OR/Page_AppCohesion/input_Password_ac_password'

2018-11-21 16:26:55 - [MESSAGE][PASSED] - Text 'NewRetailerKatalonAuto@23_11' is set on object 'Object Repository/Login_OR/Page_AppCohesion/input_Password_ac_password'

2018-11-21 16:26:55 - [TEST_STEP][PASSED] - click: Object: 'Object Repository/Login_OR/Page_AppCohesion/button_Login Now' is clicked on

2018-11-21 16:26:55 - [MESSAGE][PASSED] - Object: 'Object Repository/Login_OR/Page_AppCohesion/button_Login Now' is clicked on

2018-11-21 16:26:55 - [TEST_STEP][PASSED] - waitForPageLoad: Wait for page load successfully

2018-11-21 16:26:55 - [MESSAGE][PASSED] - Wait for page load successfully

2018-11-21 16:26:55 - [MESSAGE][PASSED] - Call Test Case 'Test Cases/Call Test Case/Login_retailer_testcase' successfully

2018-11-21 16:26:55 - [TEST_STEP][PASSED] - verifyElementVisible: Object 'Object Repository/retailer admin All Repo/Search Products Details/Page_AppCohesion/input_Settings_searchproduct' is visible

2018-11-21 16:26:59 - [MESSAGE][PASSED] - Object 'Object Repository/retailer admin All Repo/Search Products Details/Page_AppCohesion/input_Settings_searchproduct' is visible

2018-11-21 16:26:59 - [TEST_STEP][PASSED] - setText: Text 'RUGER-UCSR7GCZ' is set on object 'Object Repository/retailer admin All Repo/Search Products Details/Page_AppCohesion/input_Settings_searchproduct'

2018-11-21 16:26:59 - [MESSAGE][PASSED] - Text 'RUGER-UCSR7GCZ' is set on object 'Object Repository/retailer admin All Repo/Search Products Details/Page_AppCohesion/input_Settings_searchproduct'

2018-11-21 16:26:59 - [TEST_STEP][PASSED] - verifyElementVisible: Object 'Object Repository/retailer admin All Repo/Search Products Details/Page_AppCohesion/button_Settings_searchbutton' is visible

2018-11-21 16:26:59 - [MESSAGE][PASSED] - Object 'Object Repository/retailer admin All Repo/Search Products Details/Page_AppCohesion/button_Settings_searchbutton' is visible

2018-11-21 16:26:59 - [TEST_STEP][PASSED] - click: Object: 'Object Repository/retailer admin All Repo/Search Products Details/Page_AppCohesion/button_Settings_searchbutton' is clicked on

2018-11-21 16:26:59 - [MESSAGE][PASSED] - Object: 'Object Repository/retailer admin All Repo/Search Products Details/Page_AppCohesion/button_Settings_searchbutton' is clicked on

2018-11-21 16:26:59 - [TEST_STEP][PASSED] - delay: Delayed 10 second(s)

2018-11-21 16:27:10 - [MESSAGE][PASSED] - Delayed 10 second(s)

2018-11-21 16:27:10 - [TEST_STEP][PASSED] - verifyElementVisible: Object 'Object Repository/retailer admin All Repo/Search Products Details/Page_AppCohesion/td_Ruger LC LCP' is visible

2018-11-21 16:27:10 - [MESSAGE][PASSED] - Object 'Object Repository/retailer admin All Repo/Search Products Details/Page_AppCohesion/td_Ruger LC LCP' is visible

2018-11-21 16:27:10 - [TEST_STEP][PASSED] - click: Object: 'Object Repository/retailer admin All Repo/Search Products Details/Page_AppCohesion/td_Ruger LC LCP' is clicked on

2018-11-21 16:27:10 - [MESSAGE][PASSED] - Object: 'Object Repository/retailer admin All Repo/Search Products Details/Page_AppCohesion/td_Ruger LC LCP' is clicked on

2018-11-21 16:27:10 - [TEST_STEP][PASSED] - verifyElementVisible: Object 'Object Repository/retailer admin All Repo/Search Products Details/Page_AppCohesion/h2_Ruger LC LCP' is visible

2018-11-21 16:27:12 - [MESSAGE][PASSED] - Object 'Object Repository/retailer admin All Repo/Search Products Details/Page_AppCohesion/h2_Ruger LC LCP' is visible

2018-11-21 16:27:12 - [TEST_STEP][PASSED] - verifyElementText: Actual text and expected text of test object 'Object Repository/retailer admin All Repo/Search Products Details/Page_AppCohesion/h2_Ruger LC LCP' are matched.

2018-11-21 16:27:12 - [MESSAGE][PASSED] - Actual text and expected text of test object 'Object Repository/retailer admin All Repo/Search Products Details/Page_AppCohesion/h2_Ruger LC LCP' are matched.

2018-11-21 16:27:12 - [TEST_STEP][PASSED] - verifyElementVisible: Object 'Object Repository/retailer admin All Repo/Search Products Details/Page_AppCohesion/span_Manufacturer Part Number3' is visible

2018-11-21 16:27:12 - [MESSAGE][PASSED] - Object 'Object Repository/retailer admin All Repo/Search Products Details/Page_AppCohesion/span_Manufacturer Part Number3' is visible

2018-11-21 16:27:12 - [TEST_STEP][PASSED] - verifyElementVisible: Object 'Object Repository/retailer admin All Repo/Search Products Details/Page_AppCohesion/strong_3701' is visible

2018-11-21 16:27:12 - [MESSAGE][PASSED] - Object 'Object Repository/retailer admin All Repo/Search Products Details/Page_AppCohesion/strong_3701' is visible

2018-11-21 16:27:12 - [TEST_STEP][PASSED] - verifyElementText: Actual text and expected text of test object 'Object Repository/retailer admin All Repo/Search Products Details/Page_AppCohesion/strong_3701' are matched.

2018-11-21 16:27:12 - [MESSAGE][PASSED] - Actual text and expected text of test object 'Object Repository/retailer admin All Repo/Search Products Details/Page_AppCohesion/strong_3701' are matched.

2018-11-21 16:27:12 - [TEST_STEP][PASSED] - verifyElementVisible: Object 'Object Repository/retailer admin All Repo/Search Products Details/Page_AppCohesion/span_ManufacturerRuger' is visible

2018-11-21 16:27:12 - [MESSAGE][PASSED] - Object 'Object Repository/retailer admin All Repo/Search Products Details/Page_AppCohesion/span_ManufacturerRuger' is visible

2018-11-21 16:27:12 - [TEST_STEP][PASSED] - verifyElementVisible: Object 'Object Repository/retailer admin All Repo/Search Products Details/Page_AppCohesion/strong_Ruger' is visible

2018-11-21 16:27:13 - [MESSAGE][PASSED] - Object 'Object Repository/retailer admin All Repo/Search Products Details/Page_AppCohesion/strong_Ruger' is visible

2018-11-21 16:27:13 - [TEST_STEP][PASSED] - verifyElementText: Actual text and expected text of test object 'Object Repository/retailer admin All Repo/Search Products Details/Page_AppCohesion/strong_Ruger' are matched.

2018-11-21 16:27:13 - [MESSAGE][PASSED] - Actual text and expected text of test object 'Object Repository/retailer admin All Repo/Search Products Details/Page_AppCohesion/strong_Ruger' are matched.

2018-11-21 16:27:13 - [TEST_STEP][PASSED] - verifyElementVisible: Object 'Object Repository/retailer admin All Repo/Search Products Details/Page_AppCohesion/span_DistributorSS' is visible

2018-11-21 16:27:13 - [MESSAGE][PASSED] - Object 'Object Repository/retailer admin All Repo/Search Products Details/Page_AppCohesion/span_DistributorSS' is visible

2018-11-21 16:27:13 - [TEST_STEP][PASSED] - verifyElementVisible: Object 'Object Repository/retailer admin All Repo/Search Products Details/Page_AppCohesion/strong_SS' is visible

2018-11-21 16:27:13 - [MESSAGE][PASSED] - Object 'Object Repository/retailer admin All Repo/Search Products Details/Page_AppCohesion/strong_SS' is visible

2018-11-21 16:27:13 - [TEST_STEP][PASSED] - verifyElementText: Actual text and expected text of test object 'Object Repository/retailer admin All Repo/Search Products Details/Page_AppCohesion/strong_SS' are matched.

2018-11-21 16:27:13 - [MESSAGE][PASSED] - Actual text and expected text of test object 'Object Repository/retailer admin All Repo/Search Products Details/Page_AppCohesion/strong_SS' are matched.

2018-11-21 16:27:13 - [TEST_STEP][PASSED] - verifyElementVisible: Object 'Object Repository/retailer admin All Repo/Search Products Details/Page_AppCohesion/span_UPC736676037018' is visible

2018-11-21 16:27:13 - [MESSAGE][PASSED] - Object 'Object Repository/retailer admin All Repo/Search Products Details/Page_AppCohesion/span_UPC736676037018' is visible

2018-11-21 16:27:13 - [TEST_STEP][PASSED] - verifyElementVisible: Object 'Object Repository/retailer admin All Repo/Search Products Details/Page_AppCohesion/strong_736676037018' is visible

2018-11-21 16:27:13 - [MESSAGE][PASSED] - Object 'Object Repository/retailer admin All Repo/Search Products Details/Page_AppCohesion/strong_736676037018' is visible

2018-11-21 16:27:13 - [TEST_STEP][PASSED] - verifyElementText: Actual text and expected text of test object 'Object Repository/retailer admin All Repo/Search Products Details/Page_AppCohesion/strong_736676037018' are matched.

2018-11-21 16:27:13 - [MESSAGE][PASSED] - Actual text and expected text of test object 'Object Repository/retailer admin All Repo/Search Products Details/Page_AppCohesion/strong_736676037018' are matched.

2018-11-21 16:27:13 - [TEST_STEP][PASSED] - verifyElementVisible: Object 'Object Repository/retailer admin All Repo/Search Products Details/Page_AppCohesion/span_Base Price180.00' is visible

2018-11-21 16:27:13 - [MESSAGE][PASSED] - Object 'Object Repository/retailer admin All Repo/Search Products Details/Page_AppCohesion/span_Base Price180.00' is visible

2018-11-21 16:27:13 - [TEST_STEP][PASSED] - verifyElementVisible: Object 'Object Repository/retailer admin All Repo/Search Products Details/Page_AppCohesion/strong_180.00' is visible

2018-11-21 16:27:13 - [MESSAGE][PASSED] - Object 'Object Repository/retailer admin All Repo/Search Products Details/Page_AppCohesion/strong_180.00' is visible

2018-11-21 16:27:13 - [TEST_STEP][PASSED] - verifyElementText: Actual text and expected text of test object 'Object Repository/retailer admin All Repo/Search Products Details/Page_AppCohesion/strong_180.00' are matched.

2018-11-21 16:27:13 - [MESSAGE][PASSED] - Actual text and expected text of test object 'Object Repository/retailer admin All Repo/Search Products Details/Page_AppCohesion/strong_180.00' are matched.

2018-11-21 16:27:13 - [TEST_STEP][PASSED] - verifyElementVisible: Object 'Object Repository/retailer admin All Repo/Search Products Details/Page_AppCohesion/span_Retailer Markup0.00' is visible

2018-11-21 16:27:13 - [MESSAGE][PASSED] - Object 'Object Repository/retailer admin All Repo/Search Products Details/Page_AppCohesion/span_Retailer Markup0.00' is visible

2018-11-21 16:27:13 - [TEST_STEP][PASSED] - verifyElementVisible: Object 'Object Repository/retailer admin All Repo/Search Products Details/Page_AppCohesion/strong_0.00' is visible

2018-11-21 16:27:13 - [MESSAGE][PASSED] - Object 'Object Repository/retailer admin All Repo/Search Products Details/Page_AppCohesion/strong_0.00' is visible

2018-11-21 16:27:13 - [TEST_STEP][PASSED] - verifyElementText: Actual text and expected text of test object 'Object Repository/retailer admin All Repo/Search Products Details/Page_AppCohesion/strong_0.00' are matched.

2018-11-21 16:27:13 - [MESSAGE][PASSED] - Actual text and expected text of test object 'Object Repository/retailer admin All Repo/Search Products Details/Page_AppCohesion/strong_0.00' are matched.

2018-11-21 16:27:13 - [TEST_STEP][PASSED] - verifyElementVisible: Object 'Object Repository/retailer admin All Repo/Search Products Details/Page_AppCohesion/span_Amount Payable180.00' is visible

2018-11-21 16:27:13 - [MESSAGE][PASSED] - Object 'Object Repository/retailer admin All Repo/Search Products Details/Page_AppCohesion/span_Amount Payable180.00' is visible

2018-11-21 16:27:13 - [TEST_STEP][PASSED] - verifyElementVisible: Object 'Object Repository/retailer admin All Repo/inventory retailer markup repo/Page_AppCohesion/Page_AppCohesion/strong_203.04' is visible

2018-11-21 16:27:13 - [MESSAGE][PASSED] - Object 'Object Repository/retailer admin All Repo/inventory retailer markup repo/Page_AppCohesion/Page_AppCohesion/strong_203.04' is visible

2018-11-21 16:27:13 - [TEST_STEP][PASSED] - verifyElementText: Actual text and expected text of test object 'Object Repository/retailer admin All Repo/inventory retailer markup repo/Page_AppCohesion/Page_AppCohesion/strong_203.04' are matched.

2018-11-21 16:27:13 - [MESSAGE][PASSED] - Actual text and expected text of test object 'Object Repository/retailer admin All Repo/inventory retailer markup repo/Page_AppCohesion/Page_AppCohesion/strong_203.04' are matched.

2018-11-21 16:27:13 - [TEST_STEP][PASSED] - verifyElementVisible: Object 'Object Repository/retailer admin All Repo/Search Products Details/Page_AppCohesion/h4_Only 25 left in stock' is visible

2018-11-21 16:27:13 - [MESSAGE][PASSED] - Object 'Object Repository/retailer admin All Repo/Search Products Details/Page_AppCohesion/h4_Only 25 left in stock' is visible

2018-11-21 16:27:13 - [TEST_STEP][PASSED] - verifyElementText: Actual text and expected text of test object 'Object Repository/retailer admin All Repo/Search Products Details/Page_AppCohesion/h4_Only 25 left in stock' are matched.

2018-11-21 16:27:13 - [MESSAGE][PASSED] - Actual text and expected text of test object 'Object Repository/retailer admin All Repo/Search Products Details/Page_AppCohesion/h4_Only 25 left in stock' are matched.

2018-11-21 16:27:13 - [TEST_STEP][PASSED] - verifyElementVisible: Object 'Object Repository/retailer admin All Repo/Search Products Details/Page_AppCohesion/span_25' is visible

2018-11-21 16:27:13 - [MESSAGE][PASSED] - Object 'Object Repository/retailer admin All Repo/Search Products Details/Page_AppCohesion/span_25' is visible

2018-11-21 16:27:13 - [TEST_STEP][PASSED] - verifyElementText: Actual text and expected text of test object 'Object Repository/retailer admin All Repo/Search Products Details/Page_AppCohesion/span_25' are matched.

2018-11-21 16:27:13 - [MESSAGE][PASSED] - Actual text and expected text of test object 'Object Repository/retailer admin All Repo/Search Products Details/Page_AppCohesion/span_25' are matched.

2018-11-21 16:27:13 - [TEST_STEP][PASSED] - verifyElementVisible: Object 'Object Repository/retailer admin All Repo/Search Products Details/Page_AppCohesion/p_Manufacturer Part 3701UPC 73' is visible

2018-11-21 16:27:13 - [MESSAGE][PASSED] - Object 'Object Repository/retailer admin All Repo/Search Products Details/Page_AppCohesion/p_Manufacturer Part 3701UPC 73' is visible

2018-11-21 16:27:13 - [TEST_STEP][PASSED] - verifyElementVisible: Object 'Object Repository/retailer admin All Repo/Search Products Details/Page_AppCohesion/a_Back to Search' is visible

2018-11-21 16:27:13 - [MESSAGE][PASSED] - Object 'Object Repository/retailer admin All Repo/Search Products Details/Page_AppCohesion/a_Back to Search' is visible

2018-11-21 16:27:13 - [TEST_STEP][PASSED] - click: Object: 'Object Repository/retailer admin All Repo/Search Products Details/Page_AppCohesion/a_Back to Search' is clicked on

2018-11-21 16:27:13 - [MESSAGE][PASSED] - Object: 'Object Repository/retailer admin All Repo/Search Products Details/Page_AppCohesion/a_Back to Search' is clicked on]]></system-out>
         <system-err><![CDATA[]]></system-err>
      </testcase>
      <testcase name="Test Cases/RetailerAdmin_Login_All_Functionality/Retailer_Store_managment/Retailer_store_creation_edit_delete" classname="Test Cases/RetailerAdmin_Login_All_Functionality/Retailer_Store_managment/Retailer_store_creation_edit_delete" status="PASSED">
         <system-out><![CDATA[2018-11-21 16:27:13 - [TEST_CASE][PASSED] - Test Cases/RetailerAdmin_Login_All_Functionality/Retailer_Store_managment/Retailer_store_creation_edit_delete: Test Cases/RetailerAdmin_Login_All_Functionality/Retailer_Store_managment/Retailer_store_creation_edit_delete

2018-11-21 16:27:13 - [TEST_STEP][PASSED] - callTestCase: Call Test Case 'Test Cases/Call Test Case/Login_retailer_testcase' successfully

2018-11-21 16:27:13 - [TEST_CASE][PASSED] - Test Cases/Call Test Case/Login_retailer_testcase: Test Cases/Call Test Case/Login_retailer_testcase

2018-11-21 16:27:13 - [TEST_STEP][PASSED] - openBrowser: Browser is opened with url: 'https://app-qa.appcohesion.io/'

2018-11-21 16:27:13 - [MESSAGE][WARNING] - A browser is already opened. Closing browser and opening a new one

2018-11-21 16:27:22 - [MESSAGE][PASSED] - Browser is opened with url: 'https://app-qa.appcohesion.io/'

2018-11-21 16:27:22 - [TEST_STEP][PASSED] - maximizeWindow: Current window maximized

2018-11-21 16:27:23 - [MESSAGE][PASSED] - Current window maximized

2018-11-21 16:27:23 - [TEST_STEP][PASSED] - setText: Text 'NewRetailerKatalonAuto@23_11' is set on object 'Object Repository/Login_OR/Page_AppCohesion/input_User Name_ac_username'

2018-11-21 16:27:24 - [MESSAGE][PASSED] - Text 'NewRetailerKatalonAuto@23_11' is set on object 'Object Repository/Login_OR/Page_AppCohesion/input_User Name_ac_username'

2018-11-21 16:27:24 - [TEST_STEP][PASSED] - setText: Text 'NewRetailerKatalonAuto@23_11' is set on object 'Object Repository/Login_OR/Page_AppCohesion/input_Password_ac_password'

2018-11-21 16:27:24 - [MESSAGE][PASSED] - Text 'NewRetailerKatalonAuto@23_11' is set on object 'Object Repository/Login_OR/Page_AppCohesion/input_Password_ac_password'

2018-11-21 16:27:24 - [TEST_STEP][PASSED] - click: Object: 'Object Repository/Login_OR/Page_AppCohesion/button_Login Now' is clicked on

2018-11-21 16:27:24 - [MESSAGE][PASSED] - Object: 'Object Repository/Login_OR/Page_AppCohesion/button_Login Now' is clicked on

2018-11-21 16:27:24 - [TEST_STEP][PASSED] - waitForPageLoad: Wait for page load successfully

2018-11-21 16:27:24 - [MESSAGE][PASSED] - Wait for page load successfully

2018-11-21 16:27:24 - [MESSAGE][PASSED] - Call Test Case 'Test Cases/Call Test Case/Login_retailer_testcase' successfully

2018-11-21 16:27:24 - [TEST_STEP][PASSED] - click: Object: 'Object Repository/retailer admin All Repo/store_object_repo/store_tab' is clicked on

2018-11-21 16:27:27 - [MESSAGE][PASSED] - Object: 'Object Repository/retailer admin All Repo/store_object_repo/store_tab' is clicked on

2018-11-21 16:27:27 - [TEST_STEP][PASSED] - click: Object: 'Object Repository/retailer admin All Repo/store_object_repo/store_new_button' is clicked on

2018-11-21 16:27:27 - [MESSAGE][PASSED] - Object: 'Object Repository/retailer admin All Repo/store_object_repo/store_new_button' is clicked on

2018-11-21 16:27:27 - [TEST_STEP][PASSED] - setText: Text 'Store Automation' is set on object 'Object Repository/retailer admin All Repo/store_object_repo/store_name'

2018-11-21 16:27:27 - [MESSAGE][PASSED] - Text 'Store Automation' is set on object 'Object Repository/retailer admin All Repo/store_object_repo/store_name'

2018-11-21 16:27:27 - [TEST_STEP][PASSED] - Statement - ts = java.lang.System.currentTimeMillis().toString(): null

2018-11-21 16:27:27 - [TEST_STEP][PASSED] - setText: Text '1542797847812' is set on object 'Object Repository/retailer admin All Repo/store_object_repo/FFL_no'

2018-11-21 16:27:27 - [MESSAGE][PASSED] - Text '1542797847812' is set on object 'Object Repository/retailer admin All Repo/store_object_repo/FFL_no'

2018-11-21 16:27:27 - [TEST_STEP][PASSED] - uploadFile: File 'D:\sample_doc\sample.pdf' sent to object: 'Object Repository/retailer admin All Repo/store_object_repo/FFL_doc'

2018-11-21 16:27:28 - [MESSAGE][PASSED] - File 'D:\sample_doc\sample.pdf' sent to object: 'Object Repository/retailer admin All Repo/store_object_repo/FFL_doc'

2018-11-21 16:27:28 - [TEST_STEP][PASSED] - setText: Text '3/10, New QA Build' is set on object 'Object Repository/retailer admin All Repo/store_object_repo/store_address'

2018-11-21 16:27:28 - [MESSAGE][PASSED] - Text '3/10, New QA Build' is set on object 'Object Repository/retailer admin All Repo/store_object_repo/store_address'

2018-11-21 16:27:28 - [TEST_STEP][PASSED] - setText: Text '24143' is set on object 'Object Repository/retailer admin All Repo/store_object_repo/zip_code'

2018-11-21 16:27:28 - [MESSAGE][PASSED] - Text '24143' is set on object 'Object Repository/retailer admin All Repo/store_object_repo/zip_code'

2018-11-21 16:27:28 - [TEST_STEP][PASSED] - setText: Text 'Newton Falls' is set on object 'Object Repository/retailer admin All Repo/store_object_repo/city_name'

2018-11-21 16:27:28 - [MESSAGE][PASSED] - Text 'Newton Falls' is set on object 'Object Repository/retailer admin All Repo/store_object_repo/city_name'

2018-11-21 16:27:28 - [TEST_STEP][PASSED] - setText: Text 'Ohio' is set on object 'Object Repository/retailer admin All Repo/store_object_repo/state_name'

2018-11-21 16:27:28 - [MESSAGE][PASSED] - Text 'Ohio' is set on object 'Object Repository/retailer admin All Repo/store_object_repo/state_name'

2018-11-21 16:27:28 - [TEST_STEP][PASSED] - delay: Delayed 10 second(s)

2018-11-21 16:27:38 - [MESSAGE][PASSED] - Delayed 10 second(s)

2018-11-21 16:27:38 - [TEST_STEP][PASSED] - waitForElementVisible: Object 'Object Repository/retailer admin All Repo/store_object_repo/check_default_store' is visible

2018-11-21 16:27:38 - [MESSAGE][PASSED] - Object 'Object Repository/retailer admin All Repo/store_object_repo/check_default_store' is visible

2018-11-21 16:27:38 - [TEST_STEP][PASSED] - check: Object 'Object Repository/retailer admin All Repo/store_object_repo/check_default_store' is checked

2018-11-21 16:27:38 - [MESSAGE][PASSED] - Object 'Object Repository/retailer admin All Repo/store_object_repo/check_default_store' is checked

2018-11-21 16:27:38 - [TEST_STEP][NOT_RUN] - verifyElementChecked: NOT_RUN: verifyElementChecked

2018-11-21 16:27:38 - [MESSAGE][NOT_RUN] - NOT_RUN: verifyElementChecked

2018-11-21 16:27:38 - [TEST_STEP][PASSED] - waitForElementPresent: Object 'Object Repository/retailer admin All Repo/store_object_repo/add_store_button' is present

2018-11-21 16:27:38 - [MESSAGE][PASSED] - Object 'Object Repository/retailer admin All Repo/store_object_repo/add_store_button' is present

2018-11-21 16:27:38 - [TEST_STEP][PASSED] - verifyElementVisible: Object 'Object Repository/retailer admin All Repo/store_object_repo/add_store_button' is visible

2018-11-21 16:27:38 - [MESSAGE][PASSED] - Object 'Object Repository/retailer admin All Repo/store_object_repo/add_store_button' is visible

2018-11-21 16:27:38 - [TEST_STEP][PASSED] - click: Object: 'Object Repository/retailer admin All Repo/store_object_repo/add_store_button' is clicked on

2018-11-21 16:27:38 - [MESSAGE][PASSED] - Object: 'Object Repository/retailer admin All Repo/store_object_repo/add_store_button' is clicked on

2018-11-21 16:27:38 - [TEST_STEP][PASSED] - delay: Delayed 2 second(s)

2018-11-21 16:27:40 - [MESSAGE][PASSED] - Delayed 2 second(s)

2018-11-21 16:27:40 - [TEST_STEP][PASSED] - verifyElementVisible: Object 'Object Repository/retailer admin All Repo/store_object_repo/h5_Success  Store created succ' is visible

2018-11-21 16:27:54 - [MESSAGE][PASSED] - Object 'Object Repository/retailer admin All Repo/store_object_repo/h5_Success  Store created succ' is visible

2018-11-21 16:27:54 - [TEST_STEP][PASSED] - verifyElementText: Actual text and expected text of test object 'Object Repository/retailer admin All Repo/store_object_repo/h5_Success  Store created succ' are matched.

2018-11-21 16:27:54 - [MESSAGE][PASSED] - Actual text and expected text of test object 'Object Repository/retailer admin All Repo/store_object_repo/h5_Success  Store created succ' are matched.

2018-11-21 16:27:54 - [TEST_STEP][PASSED] - delay: Delayed 5 second(s)

2018-11-21 16:27:59 - [MESSAGE][PASSED] - Delayed 5 second(s)

2018-11-21 16:27:59 - [TEST_STEP][NOT_RUN] - verifyElementText: NOT_RUN: verifyElementText

2018-11-21 16:27:59 - [MESSAGE][NOT_RUN] - NOT_RUN: verifyElementText

2018-11-21 16:27:59 - [TEST_STEP][NOT_RUN] - verifyElementText: NOT_RUN: verifyElementText

2018-11-21 16:27:59 - [MESSAGE][NOT_RUN] - NOT_RUN: verifyElementText

2018-11-21 16:27:59 - [TEST_STEP][NOT_RUN] - click: NOT_RUN: click

2018-11-21 16:27:59 - [MESSAGE][NOT_RUN] - NOT_RUN: click

2018-11-21 16:27:59 - [TEST_STEP][PASSED] - delay: Delayed 5 second(s)

2018-11-21 16:28:04 - [MESSAGE][PASSED] - Delayed 5 second(s)

2018-11-21 16:28:04 - [TEST_STEP][PASSED] - verifyElementVisible: Object 'Object Repository/retailer admin All Repo/store_object_repo/default store container' is visible

2018-11-21 16:28:05 - [MESSAGE][PASSED] - Object 'Object Repository/retailer admin All Repo/store_object_repo/default store container' is visible

2018-11-21 16:28:05 - [TEST_STEP][PASSED] - verifyElementVisible: Object 'Object Repository/retailer admin All Repo/store_object_repo/store_container0' is visible

2018-11-21 16:28:05 - [MESSAGE][PASSED] - Object 'Object Repository/retailer admin All Repo/store_object_repo/store_container0' is visible

2018-11-21 16:28:05 - [TEST_STEP][PASSED] - click: Object: 'Object Repository/retailer admin All Repo/store_object_repo/store_container0' is clicked on

2018-11-21 16:28:05 - [MESSAGE][PASSED] - Object: 'Object Repository/retailer admin All Repo/store_object_repo/store_container0' is clicked on

2018-11-21 16:28:05 - [TEST_STEP][PASSED] - waitForElementVisible: Object 'Object Repository/retailer admin All Repo/store_object_repo/storeeditbutton' is visible

2018-11-21 16:28:05 - [MESSAGE][PASSED] - Object 'Object Repository/retailer admin All Repo/store_object_repo/storeeditbutton' is visible

2018-11-21 16:28:05 - [TEST_STEP][PASSED] - click: Object: 'Object Repository/retailer admin All Repo/store_object_repo/storeeditbutton' is clicked on

2018-11-21 16:28:05 - [MESSAGE][PASSED] - Object: 'Object Repository/retailer admin All Repo/store_object_repo/storeeditbutton' is clicked on

2018-11-21 16:28:05 - [TEST_STEP][PASSED] - setText: Text 'edit Store automation' is set on object 'Object Repository/retailer admin All Repo/store_object_repo/store_name'

2018-11-21 16:28:05 - [MESSAGE][PASSED] - Text 'edit Store automation' is set on object 'Object Repository/retailer admin All Repo/store_object_repo/store_name'

2018-11-21 16:28:05 - [TEST_STEP][PASSED] - Statement - ts1 = java.lang.System.currentTimeMillis().toString(): null

2018-11-21 16:28:05 - [TEST_STEP][PASSED] - setText: Text '1542797885956' is set on object 'Object Repository/retailer admin All Repo/store_object_repo/FFL_no'

2018-11-21 16:28:06 - [MESSAGE][PASSED] - Text '1542797885956' is set on object 'Object Repository/retailer admin All Repo/store_object_repo/FFL_no'

2018-11-21 16:28:06 - [TEST_STEP][NOT_RUN] - uploadFile: NOT_RUN: uploadFile

2018-11-21 16:28:06 - [MESSAGE][NOT_RUN] - NOT_RUN: uploadFile

2018-11-21 16:28:06 - [TEST_STEP][PASSED] - setText: Text '3/10, New QA Build' is set on object 'Object Repository/retailer admin All Repo/store_object_repo/store_address'

2018-11-21 16:28:06 - [MESSAGE][PASSED] - Text '3/10, New QA Build' is set on object 'Object Repository/retailer admin All Repo/store_object_repo/store_address'

2018-11-21 16:28:06 - [TEST_STEP][PASSED] - setText: Text '24143' is set on object 'Object Repository/retailer admin All Repo/store_object_repo/zip_code'

2018-11-21 16:28:06 - [MESSAGE][PASSED] - Text '24143' is set on object 'Object Repository/retailer admin All Repo/store_object_repo/zip_code'

2018-11-21 16:28:06 - [TEST_STEP][PASSED] - setText: Text 'Newton Falls' is set on object 'Object Repository/retailer admin All Repo/store_object_repo/city_name'

2018-11-21 16:28:06 - [MESSAGE][PASSED] - Text 'Newton Falls' is set on object 'Object Repository/retailer admin All Repo/store_object_repo/city_name'

2018-11-21 16:28:06 - [TEST_STEP][PASSED] - setText: Text 'Ohio' is set on object 'Object Repository/retailer admin All Repo/store_object_repo/state_name'

2018-11-21 16:28:06 - [MESSAGE][PASSED] - Text 'Ohio' is set on object 'Object Repository/retailer admin All Repo/store_object_repo/state_name'

2018-11-21 16:28:06 - [TEST_STEP][PASSED] - waitForElementVisible: Object 'Object Repository/retailer admin All Repo/store_object_repo/store_update_button' is visible

2018-11-21 16:28:06 - [MESSAGE][PASSED] - Object 'Object Repository/retailer admin All Repo/store_object_repo/store_update_button' is visible

2018-11-21 16:28:06 - [TEST_STEP][PASSED] - verifyElementVisible: Object 'Object Repository/retailer admin All Repo/store_object_repo/store_update_button' is visible

2018-11-21 16:28:06 - [MESSAGE][PASSED] - Object 'Object Repository/retailer admin All Repo/store_object_repo/store_update_button' is visible

2018-11-21 16:28:06 - [TEST_STEP][PASSED] - click: Object: 'Object Repository/retailer admin All Repo/store_object_repo/store_update_button' is clicked on

2018-11-21 16:28:06 - [MESSAGE][PASSED] - Object: 'Object Repository/retailer admin All Repo/store_object_repo/store_update_button' is clicked on

2018-11-21 16:28:06 - [TEST_STEP][PASSED] - waitForElementVisible: Object 'Object Repository/retailer admin All Repo/store_object_repo/alert_proceed' is visible

2018-11-21 16:28:06 - [MESSAGE][PASSED] - Object 'Object Repository/retailer admin All Repo/store_object_repo/alert_proceed' is visible

2018-11-21 16:28:06 - [TEST_STEP][PASSED] - click: Object: 'Object Repository/retailer admin All Repo/store_object_repo/alert_proceed' is clicked on

2018-11-21 16:28:06 - [MESSAGE][PASSED] - Object: 'Object Repository/retailer admin All Repo/store_object_repo/alert_proceed' is clicked on

2018-11-21 16:28:06 - [TEST_STEP][PASSED] - verifyElementText: Actual text and expected text of test object 'Object Repository/retailer admin All Repo/store_object_repo/h5_Success  Store details upda' are matched.

2018-11-21 16:28:18 - [MESSAGE][PASSED] - Actual text and expected text of test object 'Object Repository/retailer admin All Repo/store_object_repo/h5_Success  Store details upda' are matched.

2018-11-21 16:28:18 - [TEST_STEP][PASSED] - delay: Delayed 5 second(s)

2018-11-21 16:28:23 - [MESSAGE][PASSED] - Delayed 5 second(s)

2018-11-21 16:28:23 - [TEST_STEP][PASSED] - verifyElementVisible: Object 'Object Repository/retailer admin All Repo/store_object_repo/store_container0' is visible

2018-11-21 16:28:23 - [MESSAGE][PASSED] - Object 'Object Repository/retailer admin All Repo/store_object_repo/store_container0' is visible

2018-11-21 16:28:23 - [TEST_STEP][PASSED] - verifyElementVisible: Object 'Object Repository/retailer admin All Repo/store_object_repo/default store container' is visible

2018-11-21 16:28:23 - [MESSAGE][PASSED] - Object 'Object Repository/retailer admin All Repo/store_object_repo/default store container' is visible

2018-11-21 16:28:23 - [TEST_STEP][PASSED] - verifyElementVisible: Object 'Object Repository/retailer admin All Repo/store_object_repo/store_container1' is visible

2018-11-21 16:28:23 - [MESSAGE][PASSED] - Object 'Object Repository/retailer admin All Repo/store_object_repo/store_container1' is visible

2018-11-21 16:28:23 - [TEST_STEP][PASSED] - check: Object 'Object Repository/retailer admin All Repo/store_object_repo/change_default_store' is checked

2018-11-21 16:28:23 - [MESSAGE][PASSED] - Object 'Object Repository/retailer admin All Repo/store_object_repo/change_default_store' is checked

2018-11-21 16:28:23 - [TEST_STEP][NOT_RUN] - verifyElementVisible: NOT_RUN: verifyElementVisible

2018-11-21 16:28:23 - [MESSAGE][NOT_RUN] - NOT_RUN: verifyElementVisible

2018-11-21 16:28:23 - [TEST_STEP][PASSED] - verifyElementText: Actual text and expected text of test object 'Object Repository/retailer admin All Repo/store_object_repo/h5_Success  Your default store' are matched.

2018-11-21 16:28:25 - [MESSAGE][PASSED] - Actual text and expected text of test object 'Object Repository/retailer admin All Repo/store_object_repo/h5_Success  Your default store' are matched.

2018-11-21 16:28:25 - [TEST_STEP][PASSED] - delay: Delayed 10 second(s)

2018-11-21 16:28:35 - [MESSAGE][PASSED] - Delayed 10 second(s)

2018-11-21 16:28:35 - [TEST_STEP][PASSED] - click: Object: 'Object Repository/retailer admin All Repo/store_object_repo/store_container0' is clicked on

2018-11-21 16:28:35 - [MESSAGE][PASSED] - Object: 'Object Repository/retailer admin All Repo/store_object_repo/store_container0' is clicked on

2018-11-21 16:28:35 - [TEST_STEP][PASSED] - waitForElementVisible: Object 'Object Repository/retailer admin All Repo/store_object_repo/store_delete_button' is visible

2018-11-21 16:28:36 - [MESSAGE][PASSED] - Object 'Object Repository/retailer admin All Repo/store_object_repo/store_delete_button' is visible

2018-11-21 16:28:36 - [TEST_STEP][PASSED] - click: Object: 'Object Repository/retailer admin All Repo/store_object_repo/store_delete_button' is clicked on

2018-11-21 16:28:36 - [MESSAGE][PASSED] - Object: 'Object Repository/retailer admin All Repo/store_object_repo/store_delete_button' is clicked on

2018-11-21 16:28:36 - [TEST_STEP][NOT_RUN] - waitForAlert: NOT_RUN: waitForAlert

2018-11-21 16:28:36 - [MESSAGE][NOT_RUN] - NOT_RUN: waitForAlert

2018-11-21 16:28:36 - [TEST_STEP][PASSED] - verifyElementVisible: Object 'Object Repository/retailer admin All Repo/store_object_repo/delete_yes_button' is visible

2018-11-21 16:28:36 - [MESSAGE][PASSED] - Object 'Object Repository/retailer admin All Repo/store_object_repo/delete_yes_button' is visible

2018-11-21 16:28:36 - [TEST_STEP][PASSED] - click: Object: 'Object Repository/retailer admin All Repo/store_object_repo/delete_yes_button' is clicked on

2018-11-21 16:28:36 - [MESSAGE][PASSED] - Object: 'Object Repository/retailer admin All Repo/store_object_repo/delete_yes_button' is clicked on

[...]

2018-11-21 16:31:10 - [MESSAGE][PASSED] - Object: 'Object Repository/retailer admin All Repo/employee_obj_repo/all_button/Page_AppCohesion/button_Delete' is clicked on

2018-11-21 16:31:10 - [TEST_STEP][PASSED] - waitForElementVisible: Object 'Object Repository/employee_obj_repo/delete_yes_button' is visible

2018-11-21 16:31:10 - [MESSAGE][PASSED] - Object 'Object Repository/employee_obj_repo/delete_yes_button' is visible

2018-11-21 16:31:10 - [TEST_STEP][PASSED] - click: Object: 'Object Repository/employee_obj_repo/delete_yes_button' is clicked on

2018-11-21 16:31:10 - [MESSAGE][PASSED] - Object: 'Object Repository/employee_obj_repo/delete_yes_button' is clicked on

2018-11-21 16:31:10 - [TEST_STEP][PASSED] - verifyElementText: Actual text and expected text of test object 'Object Repository/retailer admin All Repo/employee_obj_repo/pop up emp object/h5_Success  User details has b' are matched.

2018-11-21 16:31:24 - [MESSAGE][PASSED] - Actual text and expected text of test object 'Object Repository/retailer admin All Repo/employee_obj_repo/pop up emp object/h5_Success  User details has b' are matched.

2018-11-21 16:31:24 - [TEST_STEP][PASSED] - delay: Delayed 10 second(s)

2018-11-21 16:31:34 - [MESSAGE][PASSED] - Delayed 10 second(s)

2018-11-21 16:31:34 - [TEST_STEP][PASSED] - click: Object: 'Object Repository/employee_obj_repo/retailer_employeeview/Page_AppCohesion/collapsible-header_Retailer Ad' is clicked on

2018-11-21 16:31:34 - [MESSAGE][PASSED] - Object: 'Object Repository/employee_obj_repo/retailer_employeeview/Page_AppCohesion/collapsible-header_Retailer Ad' is clicked on

2018-11-21 16:31:34 - [TEST_STEP][PASSED] - click: Object: 'Object Repository/employee_obj_repo/retailer_employeeview/Page_AppCohesion/a_Dashboard              Dashb' is clicked on

2018-11-21 16:31:34 - [MESSAGE][PASSED] - Object: 'Object Repository/employee_obj_repo/retailer_employeeview/Page_AppCohesion/a_Dashboard              Dashb' is clicked on]]></system-out>
         <system-err><![CDATA[]]></system-err>
      </testcase>
      <testcase name="Test Cases/RetailerAdmin_Login_All_Functionality/order_placement_order_details/Retailer Add Markup" classname="Test Cases/RetailerAdmin_Login_All_Functionality/order_placement_order_details/Retailer Add Markup" status="PASSED">
         <system-out><![CDATA[2018-11-21 16:31:34 - [TEST_CASE][PASSED] - Test Cases/RetailerAdmin_Login_All_Functionality/order_placement_order_details/Retailer Add Markup: Test Cases/RetailerAdmin_Login_All_Functionality/order_placement_order_details/Retailer Add Markup

2018-11-21 16:31:34 - [TEST_STEP][PASSED] - callTestCase: Call Test Case 'Test Cases/Call Test Case/Login_retailer_testcase' successfully

2018-11-21 16:31:34 - [TEST_CASE][PASSED] - Test Cases/Call Test Case/Login_retailer_testcase: Test Cases/Call Test Case/Login_retailer_testcase

2018-11-21 16:31:34 - [TEST_STEP][PASSED] - openBrowser: Browser is opened with url: 'https://app-qa.appcohesion.io/'

2018-11-21 16:31:34 - [MESSAGE][WARNING] - A browser is already opened. Closing browser and opening a new one

2018-11-21 16:31:42 - [MESSAGE][PASSED] - Browser is opened with url: 'https://app-qa.appcohesion.io/'

2018-11-21 16:31:42 - [TEST_STEP][PASSED] - maximizeWindow: Current window maximized

2018-11-21 16:31:43 - [MESSAGE][PASSED] - Current window maximized

2018-11-21 16:31:43 - [TEST_STEP][PASSED] - setText: Text 'NewRetailerKatalonAuto@23_11' is set on object 'Object Repository/Login_OR/Page_AppCohesion/input_User Name_ac_username'

2018-11-21 16:31:44 - [MESSAGE][PASSED] - Text 'NewRetailerKatalonAuto@23_11' is set on object 'Object Repository/Login_OR/Page_AppCohesion/input_User Name_ac_username'

2018-11-21 16:31:44 - [TEST_STEP][PASSED] - setText: Text 'NewRetailerKatalonAuto@23_11' is set on object 'Object Repository/Login_OR/Page_AppCohesion/input_Password_ac_password'

2018-11-21 16:31:44 - [MESSAGE][PASSED] - Text 'NewRetailerKatalonAuto@23_11' is set on object 'Object Repository/Login_OR/Page_AppCohesion/input_Password_ac_password'

2018-11-21 16:31:44 - [TEST_STEP][PASSED] - click: Object: 'Object Repository/Login_OR/Page_AppCohesion/button_Login Now' is clicked on

2018-11-21 16:31:44 - [MESSAGE][PASSED] - Object: 'Object Repository/Login_OR/Page_AppCohesion/button_Login Now' is clicked on

2018-11-21 16:31:44 - [TEST_STEP][PASSED] - waitForPageLoad: Wait for page load successfully

2018-11-21 16:31:44 - [MESSAGE][PASSED] - Wait for page load successfully

2018-11-21 16:31:44 - [MESSAGE][PASSED] - Call Test Case 'Test Cases/Call Test Case/Login_retailer_testcase' successfully

2018-11-21 16:31:44 - [TEST_STEP][PASSED] - waitForPageLoad: Wait for page load successfully

2018-11-21 16:31:44 - [MESSAGE][PASSED] - Wait for page load successfully

2018-11-21 16:31:44 - [TEST_STEP][PASSED] - verifyElementVisible: Object 'Object Repository/retailer admin All Repo/inventory retailer markup repo/Inventory_tab' is visible

2018-11-21 16:31:48 - [MESSAGE][PASSED] - Object 'Object Repository/retailer admin All Repo/inventory retailer markup repo/Inventory_tab' is visible

2018-11-21 16:31:48 - [TEST_STEP][PASSED] - click: Object: 'Object Repository/retailer admin All Repo/inventory retailer markup repo/Inventory_tab' is clicked on

2018-11-21 16:31:48 - [MESSAGE][PASSED] - Object: 'Object Repository/retailer admin All Repo/inventory retailer markup repo/Inventory_tab' is clicked on

2018-11-21 16:31:48 - [TEST_STEP][PASSED] - delay: Delayed 10 second(s)

2018-11-21 16:31:58 - [MESSAGE][PASSED] - Delayed 10 second(s)

2018-11-21 16:31:58 - [TEST_STEP][PASSED] - verifyElementVisible: Object 'Object Repository/retailer admin All Repo/inventory retailer markup repo/choose options' is visible

2018-11-21 16:31:58 - [MESSAGE][PASSED] - Object 'Object Repository/retailer admin All Repo/inventory retailer markup repo/choose options' is visible

2018-11-21 16:31:58 - [TEST_STEP][PASSED] - click: Object: 'Object Repository/retailer admin All Repo/inventory retailer markup repo/choose options' is clicked on

2018-11-21 16:31:58 - [MESSAGE][PASSED] - Object: 'Object Repository/retailer admin All Repo/inventory retailer markup repo/choose options' is clicked on

2018-11-21 16:31:58 - [TEST_STEP][NOT_RUN] - verifyElementVisible: NOT_RUN: verifyElementVisible

2018-11-21 16:31:58 - [MESSAGE][NOT_RUN] - NOT_RUN: verifyElementVisible

2018-11-21 16:31:58 - [TEST_STEP][NOT_RUN] - click: NOT_RUN: click

2018-11-21 16:31:58 - [MESSAGE][NOT_RUN] - NOT_RUN: click

2018-11-21 16:31:58 - [TEST_STEP][NOT_RUN] - verifyElementVisible: NOT_RUN: verifyElementVisible

2018-11-21 16:31:58 - [MESSAGE][NOT_RUN] - NOT_RUN: verifyElementVisible

2018-11-21 16:31:58 - [TEST_STEP][NOT_RUN] - click: NOT_RUN: click

2018-11-21 16:31:58 - [MESSAGE][NOT_RUN] - NOT_RUN: click

2018-11-21 16:31:58 - [TEST_STEP][PASSED] - delay: Delayed 10 second(s)

2018-11-21 16:32:08 - [MESSAGE][PASSED] - Delayed 10 second(s)

2018-11-21 16:32:08 - [TEST_STEP][PASSED] - setText: Text 'RUGER-UCSR7GCZ' is set on object 'Object Repository/retailer admin All Repo/inventory retailer markup repo/searchProduct markup'

2018-11-21 16:32:08 - [MESSAGE][PASSED] - Text 'RUGER-UCSR7GCZ' is set on object 'Object Repository/retailer admin All Repo/inventory retailer markup repo/searchProduct markup'

2018-11-21 16:32:08 - [TEST_STEP][PASSED] - delay: Delayed 10 second(s)

2018-11-21 16:32:18 - [MESSAGE][PASSED] - Delayed 10 second(s)

2018-11-21 16:32:18 - [TEST_STEP][PASSED] - verifyElementVisible: Object 'Object Repository/retailer admin All Repo/inventory retailer markup repo/search markup icon' is visible

2018-11-21 16:32:18 - [MESSAGE][PASSED] - Object 'Object Repository/retailer admin All Repo/inventory retailer markup repo/search markup icon' is visible

2018-11-21 16:32:18 - [TEST_STEP][PASSED] - click: Object: 'Object Repository/retailer admin All Repo/inventory retailer markup repo/search markup icon' is clicked on

2018-11-21 16:32:18 - [MESSAGE][PASSED] - Object: 'Object Repository/retailer admin All Repo/inventory retailer markup repo/search markup icon' is clicked on

2018-11-21 16:32:18 - [TEST_STEP][PASSED] - verifyElementVisible: Object 'Object Repository/retailer admin All Repo/inventory retailer markup repo/product listed' is visible

2018-11-21 16:32:21 - [MESSAGE][PASSED] - Object 'Object Repository/retailer admin All Repo/inventory retailer markup repo/product listed' is visible

2018-11-21 16:32:21 - [TEST_STEP][PASSED] - verifyElementVisible: Object 'Object Repository/retailer admin All Repo/inventory retailer markup repo/add_markupvalue_input' is visible

2018-11-21 16:32:21 - [MESSAGE][PASSED] - Object 'Object Repository/retailer admin All Repo/inventory retailer markup repo/add_markupvalue_input' is visible

2018-11-21 16:32:21 - [TEST_STEP][PASSED] - setText: Text '12.8' is set on object 'Object Repository/retailer admin All Repo/inventory retailer markup repo/add_markupvalue_input'

2018-11-21 16:32:21 - [MESSAGE][PASSED] - Text '12.8' is set on object 'Object Repository/retailer admin All Repo/inventory retailer markup repo/add_markupvalue_input'

2018-11-21 16:32:21 - [TEST_STEP][PASSED] - verifyElementVisible: Object 'Object Repository/retailer admin All Repo/inventory retailer markup repo/add_markup button' is visible

2018-11-21 16:32:21 - [MESSAGE][PASSED] - Object 'Object Repository/retailer admin All Repo/inventory retailer markup repo/add_markup button' is visible

2018-11-21 16:32:21 - [TEST_STEP][PASSED] - click: Object: 'Object Repository/retailer admin All Repo/inventory retailer markup repo/add_markup button' is clicked on

2018-11-21 16:32:21 - [MESSAGE][PASSED] - Object: 'Object Repository/retailer admin All Repo/inventory retailer markup repo/add_markup button' is clicked on

2018-11-21 16:32:21 - [TEST_STEP][PASSED] - verifyElementText: Actual text and expected text of test object 'Object Repository/retailer admin All Repo/retailer_order_placement/order_placement_verifymarkup/Page_AppCohesion/h5_Success  Markup updated suc' are matched.

2018-11-21 16:32:22 - [MESSAGE][PASSED] - Actual text and expected text of test object 'Object Repository/retailer admin All Repo/retailer_order_placement/order_placement_verifymarkup/Page_AppCohesion/h5_Success  Markup updated suc' are matched.

2018-11-21 16:32:22 - [TEST_STEP][PASSED] - delay: Delayed 10 second(s)

2018-11-21 16:32:32 - [MESSAGE][PASSED] - Delayed 10 second(s)

2018-11-21 16:32:32 - [TEST_STEP][PASSED] - verifyElementVisible: Object 'Object Repository/retailer admin All Repo/inventory retailer markup repo/common search product' is visible

2018-11-21 16:32:32 - [MESSAGE][PASSED] - Object 'Object Repository/retailer admin All Repo/inventory retailer markup repo/common search product' is visible

2018-11-21 16:32:32 - [TEST_STEP][PASSED] - setText: Text 'RUGER-UCSR7GCZ' is set on object 'Object Repository/retailer admin All Repo/inventory retailer markup repo/common search product'

2018-11-21 16:32:33 - [MESSAGE][PASSED] - Text 'RUGER-UCSR7GCZ' is set on object 'Object Repository/retailer admin All Repo/inventory retailer markup repo/common search product'

2018-11-21 16:32:33 - [TEST_STEP][PASSED] - verifyElementVisible: Object 'Object Repository/retailer admin All Repo/Search Products Details/Page_AppCohesion/button_Settings_searchbutton' is visible

2018-11-21 16:32:33 - [MESSAGE][PASSED] - Object 'Object Repository/retailer admin All Repo/Search Products Details/Page_AppCohesion/button_Settings_searchbutton' is visible

2018-11-21 16:32:33 - [TEST_STEP][PASSED] - click: Object: 'Object Repository/retailer admin All Repo/Search Products Details/Page_AppCohesion/button_Settings_searchbutton' is clicked on

2018-11-21 16:32:33 - [MESSAGE][PASSED] - Object: 'Object Repository/retailer admin All Repo/Search Products Details/Page_AppCohesion/button_Settings_searchbutton' is clicked on

2018-11-21 16:32:33 - [TEST_STEP][PASSED] - verifyElementVisible: Object 'Object Repository/retailer admin All Repo/Search Products Details/Page_AppCohesion/td_Ruger LC LCP' is visible

2018-11-21 16:32:35 - [MESSAGE][PASSED] - Object 'Object Repository/retailer admin All Repo/Search Products Details/Page_AppCohesion/td_Ruger LC LCP' is visible

2018-11-21 16:32:35 - [TEST_STEP][PASSED] - click: Object: 'Object Repository/retailer admin All Repo/Search Products Details/Page_AppCohesion/td_Ruger LC LCP' is clicked on

2018-11-21 16:32:35 - [MESSAGE][PASSED] - Object: 'Object Repository/retailer admin All Repo/Search Products Details/Page_AppCohesion/td_Ruger LC LCP' is clicked on

2018-11-21 16:32:35 - [TEST_STEP][PASSED] - verifyElementVisible: Object 'Object Repository/retailer admin All Repo/Search Products Details/Page_AppCohesion/h2_Ruger LC LCP' is visible

2018-11-21 16:32:38 - [MESSAGE][PASSED] - Object 'Object Repository/retailer admin All Repo/Search Products Details/Page_AppCohesion/h2_Ruger LC LCP' is visible

2018-11-21 16:32:38 - [TEST_STEP][PASSED] - verifyElementText: Actual text and expected text of test object 'Object Repository/retailer admin All Repo/Search Products Details/Page_AppCohesion/h2_Ruger LC LCP' are matched.

2018-11-21 16:32:38 - [MESSAGE][PASSED] - Actual text and expected text of test object 'Object Repository/retailer admin All Repo/Search Products Details/Page_AppCohesion/h2_Ruger LC LCP' are matched.

2018-11-21 16:32:38 - [TEST_STEP][PASSED] - verifyElementVisible: Object 'Object Repository/retailer admin All Repo/inventory retailer markup repo/Page_AppCohesion/Page_AppCohesion/span_Base Price180.00' is visible

2018-11-21 16:32:38 - [MESSAGE][PASSED] - Object 'Object Repository/retailer admin All Repo/inventory retailer markup repo/Page_AppCohesion/Page_AppCohesion/span_Base Price180.00' is visible

2018-11-21 16:32:38 - [TEST_STEP][PASSED] - verifyElementText: Actual text and expected text of test object 'Object Repository/retailer admin All Repo/inventory retailer markup repo/Page_AppCohesion/Page_AppCohesion/strong_180.00' are matched.

2018-11-21 16:32:38 - [MESSAGE][PASSED] - Actual text and expected text of test object 'Object Repository/retailer admin All Repo/inventory retailer markup repo/Page_AppCohesion/Page_AppCohesion/strong_180.00' are matched.

2018-11-21 16:32:38 - [TEST_STEP][PASSED] - verifyElementVisible: Object 'Object Repository/retailer admin All Repo/inventory retailer markup repo/Page_AppCohesion/Page_AppCohesion/strong_12.80' is visible

2018-11-21 16:32:38 - [MESSAGE][PASSED] - Object 'Object Repository/retailer admin All Repo/inventory retailer markup repo/Page_AppCohesion/Page_AppCohesion/strong_12.80' is visible

2018-11-21 16:32:38 - [TEST_STEP][PASSED] - verifyElementText: Actual text and expected text of test object 'Object Repository/retailer admin All Repo/inventory retailer markup repo/Page_AppCohesion/Page_AppCohesion/strong_12.80' are matched.

2018-11-21 16:32:38 - [MESSAGE][PASSED] - Actual text and expected text of test object 'Object Repository/retailer admin All Repo/inventory retailer markup repo/Page_AppCohesion/Page_AppCohesion/strong_12.80' are matched.

2018-11-21 16:32:38 - [TEST_STEP][PASSED] - verifyElementVisible: Object 'Object Repository/retailer admin All Repo/inventory retailer markup repo/Page_AppCohesion/Page_AppCohesion/span_Amount Payable203.04' is visible

2018-11-21 16:32:38 - [MESSAGE][PASSED] - Object 'Object Repository/retailer admin All Repo/inventory retailer markup repo/Page_AppCohesion/Page_AppCohesion/span_Amount Payable203.04' is visible

2018-11-21 16:32:38 - [TEST_STEP][PASSED] - verifyElementVisible: Object 'Object Repository/retailer admin All Repo/inventory retailer markup repo/Page_AppCohesion/Page_AppCohesion/strong_203.04' is visible

2018-11-21 16:32:38 - [MESSAGE][PASSED] - Object 'Object Repository/retailer admin All Repo/inventory retailer markup repo/Page_AppCohesion/Page_AppCohesion/strong_203.04' is visible

2018-11-21 16:32:38 - [TEST_STEP][PASSED] - verifyElementText: Actual text and expected text of test object 'Object Repository/retailer admin All Repo/inventory retailer markup repo/Page_AppCohesion/Page_AppCohesion/strong_203.04' are matched.

2018-11-21 16:32:38 - [MESSAGE][PASSED] - Actual text and expected text of test object 'Object Repository/retailer admin All Repo/inventory retailer markup repo/Page_AppCohesion/Page_AppCohesion/strong_203.04' are matched.

2018-11-21 16:32:38 - [TEST_STEP][PASSED] - verifyElementVisible: Object 'Object Repository/retailer admin All Repo/inventory retailer markup repo/Page_AppCohesion/Page_AppCohesion/h4_Only 25 left in stock' is visible

2018-11-21 16:32:38 - [MESSAGE][PASSED] - Object 'Object Repository/retailer admin All Repo/inventory retailer markup repo/Page_AppCohesion/Page_AppCohesion/h4_Only 25 left in stock' is visible

2018-11-21 16:32:38 - [TEST_STEP][PASSED] - verifyElementVisible: Object 'Object Repository/retailer admin All Repo/inventory retailer markup repo/Page_AppCohesion/Page_AppCohesion/span_25' is visible

2018-11-21 16:32:38 - [MESSAGE][PASSED] - Object 'Object Repository/retailer admin All Repo/inventory retailer markup repo/Page_AppCohesion/Page_AppCohesion/span_25' is visible

2018-11-21 16:32:38 - [TEST_STEP][PASSED] - verifyElementText: Actual text and expected text of test object 'Object Repository/retailer admin All Repo/inventory retailer markup repo/Page_AppCohesion/Page_AppCohesion/span_25' are matched.

2018-11-21 16:32:38 - [MESSAGE][PASSED] - Actual text and expected text of test object 'Object Repository/retailer admin All Repo/inventory retailer markup repo/Page_AppCohesion/Page_AppCohesion/span_25' are matched.

2018-11-21 16:32:38 - [TEST_STEP][PASSED] - verifyElementVisible: Object 'Object Repository/retailer admin All Repo/inventory retailer markup repo/Page_AppCohesion/a_Back to Search' is visible

2018-11-21 16:32:38 - [MESSAGE][PASSED] - Object 'Object Repository/retailer admin All Repo/inventory retailer markup repo/Page_AppCohesion/a_Back to Search' is visible

2018-11-21 16:32:38 - [TEST_STEP][PASSED] - click: Object: 'Object Repository/retailer admin All Repo/inventory retailer markup repo/Page_AppCohesion/a_Back to Search' is clicked on

2018-11-21 16:32:38 - [MESSAGE][PASSED] - Object: 'Object Repository/retailer admin All Repo/inventory retailer markup repo/Page_AppCohesion/a_Back to Search' is clicked on

2018-11-21 16:32:38 - [TEST_STEP][PASSED] - delay: Delayed 5 second(s)

2018-11-21 16:32:43 - [MESSAGE][PASSED] - Delayed 5 second(s)

2018-11-21 16:32:43 - [TEST_STEP][PASSED] - waitForElementVisible: Object 'Object Repository/retailer admin All Repo/inventory retailer markup repo/Page_AppCohesion/a_Dashboard              Dashb' is visible

2018-11-21 16:32:43 - [MESSAGE][PASSED] - Object 'Object Repository/retailer admin All Repo/inventory retailer markup repo/Page_AppCohesion/a_Dashboard              Dashb' is visible

2018-11-21 16:32:43 - [TEST_STEP][PASSED] - click: Object: 'Object Repository/retailer admin All Repo/inventory retailer markup repo/Page_AppCohesion/a_Dashboard              Dashb' is clicked on

2018-11-21 16:32:43 - [MESSAGE][PASSED] - Object: 'Object Repository/retailer admin All Repo/inventory retailer markup repo/Page_AppCohesion/a_Dashboard              Dashb' is clicked on]]></system-out>
         <system-err><![CDATA[]]></system-err>
      </testcase>
      <system-out><![CDATA[2018-11-21 16:24:17 - [TEST_SUITE][PASSED] - Retailer_test_suite: Test Cases/RetailerAdmin_Login_All_Functionality/order_placement_order_details/Retailer Add Markup]]></system-out>
      <system-err><![CDATA[]]></system-err>
   </testsuite>
</testsuites>
